#
# There is insufficient memory for the Java Runtime Environment to continue.
# Native memory allocation (malloc) failed to allocate 1305936 bytes. Error detail: Chunk::new
# Possible reasons:
#   The system is out of physical RAM or swap space
#   This process is running with CompressedOops enabled, and the Java Heap may be blocking the growth of the native heap
# Possible solutions:
#   Reduce memory load on the system
#   Increase physical memory or swap space
#   Check if swap backing store is full
#   Decrease Java heap size (-Xmx/-Xms)
#   Decrease number of Java threads
#   Decrease Java thread stack sizes (-Xss)
#   Set larger code cache with -XX:ReservedCodeCacheSize=
#   JVM is running with Unscaled Compressed Oops mode in which the Java heap is
#     placed in the first 4GB address space. The Java Heap base address is the
#     maximum limit for the native heap growth. Please use -XX:HeapBaseMinAddress
#     to set the Java Heap base and to place the Java Heap above 4GB virtual address.
# This output file may be truncated or incomplete.
#
#  Out of Memory Error (arena.cpp:149), pid=2404, tid=18504
#
# JRE version: OpenJDK Runtime Environment (23.0.1+11) (build 23.0.1+11-39)
# Java VM: OpenJDK 64-Bit Server VM (23.0.1+11-39, mixed mode, sharing, tiered, compressed oops, compressed class ptrs, g1 gc, windows-amd64)
# No core dump will be written. Minidumps are not enabled by default on client versions of Windows
#

---------------  S U M M A R Y ------------

Command Line: C:\Users\user1\AppData\Local\Temp\surefire6236560221063591671\surefirebooter-20260716154828053_3.jar C:\Users\user1\AppData\Local\Temp\surefire6236560221063591671 2026-07-16T15-48-25_275-jvmRun1 surefire-20260716154828053_1tmp surefire_0-20260716154828053_2tmp

Host: 11th Gen Intel(R) Core(TM) i5-1145G7 @ 2.60GHz, 8 cores, 7G,  Windows 11 , 64 bit Build 26100 (10.0.26100.8521)
Time: Thu Jul 16 15:48:29 2026 Maroc (heure d64 bit Build 26100 (10.0.26100.8521) elapsed time: 1.595266 seconds (0d 0h 0m 1s)

---------------  T H R E A D  ---------------

Current thread (0x0000028524e8d6d0):  JavaThread "C2 CompilerThread0" daemon [_thread_in_native, id=18504, stack(0x000000a6d6700000,0x000000a6d6800000) (1024K)]


Current CompileTask:
C2:1595 1855       4       java.lang.invoke.MethodType::makeImpl (109 bytes)

Stack: [0x000000a6d6700000,0x000000a6d6800000]
Native frames: (J=compiled Java code, j=interpreted, Vv=VM code, C=native code)
V  [jvm.dll+0x6e08b9]  (no source info available)
V  [jvm.dll+0x87dc83]  (no source info available)
V  [jvm.dll+0x88010e]  (no source info available)
V  [jvm.dll+0x8807e3]  (no source info available)
V  [jvm.dll+0x27aee6]  (no source info available)
V  [jvm.dll+0xbc06f]  (no source info available)
V  [jvm.dll+0xbc2cb]  (no source info available)
V  [jvm.dll+0x3b3a9c]  (no source info available)
V  [jvm.dll+0x1dc19c]  (no source info available)
V  [jvm.dll+0x244be5]  (no source info available)
V  [jvm.dll+0x243dff]  (no source info available)
V  [jvm.dll+0x1c33a0]  (no source info available)
V  [jvm.dll+0x253cf1]  (no source info available)
V  [jvm.dll+0x251faa]  (no source info available)
V  [jvm.dll+0x3ee036]  (no source info available)
V  [jvm.dll+0x824f8b]  (no source info available)
V  [jvm.dll+0x6df065]  (no source info available)
C  [ucrtbase.dll+0x2cd30]  (no source info available)
C  [KERNEL32.DLL+0x2e957]  (no source info available)
C  [ntdll.dll+0x87c1c]  (no source info available)

Lock stack of current Java thread (top to bottom):


---------------  P R O C E S S  ---------------

Threads class SMR info:
_java_thread_list=0x000002856a8501b0, length=14, elements={
0x00000285060ae300, 0x0000028524e591f0, 0x0000028524e5a3d0, 0x0000028524e5b940,
0x0000028524e5bfb0, 0x0000028524e617b0, 0x0000028524e65800, 0x0000028524e8d6d0,
0x0000028524e8e900, 0x000002856a1b7790, 0x000002856a1c0a30, 0x000002856a339df0,
0x000002856a850a90, 0x000002856a86ee30
}

Java Threads: ( => current thread )
  0x00000285060ae300 JavaThread "main"                              [_thread_in_vm, id=15588, stack(0x000000a6d5900000,0x000000a6d5a00000) (1024K)]
  0x0000028524e591f0 JavaThread "Reference Handler"          daemon [_thread_blocked, id=23836, stack(0x000000a6d6100000,0x000000a6d6200000) (1024K)]
  0x0000028524e5a3d0 JavaThread "Finalizer"                  daemon [_thread_blocked, id=10216, stack(0x000000a6d6200000,0x000000a6d6300000) (1024K)]
  0x0000028524e5b940 JavaThread "Signal Dispatcher"          daemon [_thread_blocked, id=28388, stack(0x000000a6d6300000,0x000000a6d6400000) (1024K)]
  0x0000028524e5bfb0 JavaThread "Attach Listener"            daemon [_thread_blocked, id=25308, stack(0x000000a6d6400000,0x000000a6d6500000) (1024K)]
  0x0000028524e617b0 JavaThread "Service Thread"             daemon [_thread_blocked, id=1408, stack(0x000000a6d6500000,0x000000a6d6600000) (1024K)]
  0x0000028524e65800 JavaThread "Monitor Deflation Thread"   daemon [_thread_blocked, id=24376, stack(0x000000a6d6600000,0x000000a6d6700000) (1024K)]
=>0x0000028524e8d6d0 JavaThread "C2 CompilerThread0"         daemon [_thread_in_native, id=18504, stack(0x000000a6d6700000,0x000000a6d6800000) (1024K)]
  0x0000028524e8e900 JavaThread "C1 CompilerThread0"         daemon [_thread_blocked, id=15728, stack(0x000000a6d6800000,0x000000a6d6900000) (1024K)]
  0x000002856a1b7790 JavaThread "Notification Thread"        daemon [_thread_blocked, id=15872, stack(0x000000a6d6900000,0x000000a6d6a00000) (1024K)]
  0x000002856a1c0a30 JavaThread "Common-Cleaner"             daemon [_thread_blocked, id=17208, stack(0x000000a6d6a00000,0x000000a6d6b00000) (1024K)]
  0x000002856a339df0 JavaThread "C2 CompilerThread1"         daemon [_thread_in_native, id=28056, stack(0x000000a6d6b00000,0x000000a6d6c00000) (1024K)]
  0x000002856a850a90 JavaThread "surefire-forkedjvm-stream-flusher" daemon [_thread_blocked, id=6836, stack(0x000000a6d6c00000,0x000000a6d6d00000) (1024K)]
  0x000002856a86ee30 JavaThread "surefire-forkedjvm-command-thread" daemon [_thread_in_native, id=2532, stack(0x000000a6d6d00000,0x000000a6d6e00000) (1024K)]
Total: 14

Other Threads:
  0x0000028524e3dc10 VMThread "VM Thread"                           [id=21964, stack(0x000000a6d6000000,0x000000a6d6100000) (1024K)]
  0x0000028524e28320 WatcherThread "VM Periodic Task Thread"        [id=25172, stack(0x000000a6d5f00000,0x000000a6d6000000) (1024K)]
  0x0000028508390a10 WorkerThread "GC Thread#0"                     [id=13252, stack(0x000000a6d5a00000,0x000000a6d5b00000) (1024K)]
  0x000002856b27d140 WorkerThread "GC Thread#1"                     [id=3040, stack(0x000000a6d6e00000,0x000000a6d6f00000) (1024K)]
  0x000002856b2bd4d0 WorkerThread "GC Thread#2"                     [id=13648, stack(0x000000a6d6f00000,0x000000a6d7000000) (1024K)]
  0x000002856b2bd880 WorkerThread "GC Thread#3"                     [id=20284, stack(0x000000a6d7000000,0x000000a6d7100000) (1024K)]
  0x000002856b2bec40 WorkerThread "GC Thread#4"                     [id=22188, stack(0x000000a6d7100000,0x000000a6d7200000) (1024K)]
  0x000002856b2bf400 WorkerThread "GC Thread#5"                     [id=21180, stack(0x000000a6d7200000,0x000000a6d7300000) (1024K)]
  0x00000285083a5180 ConcurrentGCThread "G1 Main Marker"            [id=22092, stack(0x000000a6d5b00000,0x000000a6d5c00000) (1024K)]
  0x00000285083a74c0 WorkerThread "G1 Conc#0"                       [id=12472, stack(0x000000a6d5c00000,0x000000a6d5d00000) (1024K)]
  0x0000028524cf6630 ConcurrentGCThread "G1 Refine#0"               [id=12232, stack(0x000000a6d5d00000,0x000000a6d5e00000) (1024K)]
  0x0000028524cf6a70 ConcurrentGCThread "G1 Service"                [id=2456, stack(0x000000a6d5e00000,0x000000a6d5f00000) (1024K)]
Total: 12

Threads with active compile tasks:
C2 CompilerThread0  2658 1855       4       java.lang.invoke.MethodType::makeImpl (109 bytes)
C2 CompilerThread1  2658 1859       4       java.lang.invoke.MethodType::methodType (69 bytes)
Total: 2

VM state: not at safepoint (normal execution)

VM Mutex/Monitor currently owned by a thread: None

Heap address: 0x0000000084400000, size: 1980 MB, Compressed Oops mode: 32-bit

CDS archive(s) mapped at: [0x0000028525000000-0x0000028525d70000-0x0000028525d70000), size 14090240, SharedBaseAddress: 0x0000028525000000, ArchiveRelocationMode: 1.
Compressed class space mapped at: 0x0000028526000000-0x0000028566000000, reserved size: 1073741824
Narrow klass base: 0x0000028525000000, Narrow klass shift: 0, Narrow klass range: 0x41000000

GC Precious Log:
 CardTable entry size: 512
 Card Set container configuration: InlinePtr #cards 5 size 8 Array Of Cards #cards 10 size 36 Howl #buckets 4 coarsen threshold 1843 Howl Bitmap #cards 512 size 80 coarsen threshold 460 Card regions per heap region 1 cards per card region 2048
 CPUs: 8 total, 8 available
 Memory: 7914M
 Large Page Support: Disabled
 NUMA Support: Disabled
 Compressed Oops: Enabled (32-bit)
 Heap Region Size: 1M
 Heap Min Capacity: 8M
 Heap Initial Capacity: 124M
 Heap Max Capacity: 1980M
 Pre-touch: Disabled
 Parallel Workers: 8
 Concurrent Workers: 2
 Concurrent Refinement Workers: 8
 Periodic GC: Disabled

Heap:
 garbage-first heap   total reserved 2027520K, committed 126976K, used 27136K [0x0000000084400000, 0x0000000100000000)
  region size 1024K, 22 young (22528K), 3 survivors (3072K)
 Metaspace       used 9684K, committed 9984K, reserved 1114112K
  class space    used 1300K, committed 1408K, reserved 1048576K

Heap Regions: E=young(eden), S=young(survivor), O=old, HS=humongous(starts), HC=humongous(continues), CS=collection set, F=free, TAMS=top-at-mark-start, PB=parsable bottom
|   0|0x0000000084400000, 0x0000000084500000, 0x0000000084500000|100%|HS|  |TAMS 0x0000000084400000| PB 0x0000000084400000| Complete |  0
|   1|0x0000000084500000, 0x0000000084600000, 0x0000000084600000|100%| O|  |TAMS 0x0000000084500000| PB 0x0000000084500000| Untracked |  0
|   2|0x0000000084600000, 0x0000000084700000, 0x0000000084700000|100%| O|  |TAMS 0x0000000084600000| PB 0x0000000084600000| Untracked |  0
|   3|0x0000000084700000, 0x0000000084800000, 0x0000000084800000|100%| O|  |TAMS 0x0000000084700000| PB 0x0000000084700000| Untracked |  0
|   4|0x0000000084800000, 0x0000000084900000, 0x0000000084900000|100%| O|  |TAMS 0x0000000084800000| PB 0x0000000084800000| Untracked |  0
|   5|0x0000000084900000, 0x0000000084980000, 0x0000000084a00000| 50%| O|  |TAMS 0x0000000084900000| PB 0x0000000084900000| Untracked |  0
|   6|0x0000000084a00000, 0x0000000084a00000, 0x0000000084b00000|  0%| F|  |TAMS 0x0000000084a00000| PB 0x0000000084a00000| Untracked |  0
|   7|0x0000000084b00000, 0x0000000084b00000, 0x0000000084c00000|  0%| F|  |TAMS 0x0000000084b00000| PB 0x0000000084b00000| Untracked |  0
|   8|0x0000000084c00000, 0x0000000084c00000, 0x0000000084d00000|  0%| F|  |TAMS 0x0000000084c00000| PB 0x0000000084c00000| Untracked |  0
|   9|0x0000000084d00000, 0x0000000084d00000, 0x0000000084e00000|  0%| F|  |TAMS 0x0000000084d00000| PB 0x0000000084d00000| Untracked |  0
|  10|0x0000000084e00000, 0x0000000084e00000, 0x0000000084f00000|  0%| F|  |TAMS 0x0000000084e00000| PB 0x0000000084e00000| Untracked |  0
|  11|0x0000000084f00000, 0x0000000084f00000, 0x0000000085000000|  0%| F|  |TAMS 0x0000000084f00000| PB 0x0000000084f00000| Untracked |  0
|  12|0x0000000085000000, 0x0000000085000000, 0x0000000085100000|  0%| F|  |TAMS 0x0000000085000000| PB 0x0000000085000000| Untracked |  0
|  13|0x0000000085100000, 0x0000000085100000, 0x0000000085200000|  0%| F|  |TAMS 0x0000000085100000| PB 0x0000000085100000| Untracked |  0
|  14|0x0000000085200000, 0x0000000085200000, 0x0000000085300000|  0%| F|  |TAMS 0x0000000085200000| PB 0x0000000085200000| Untracked |  0
|  15|0x0000000085300000, 0x0000000085300000, 0x0000000085400000|  0%| F|  |TAMS 0x0000000085300000| PB 0x0000000085300000| Untracked |  0
|  16|0x0000000085400000, 0x0000000085400000, 0x0000000085500000|  0%| F|  |TAMS 0x0000000085400000| PB 0x0000000085400000| Untracked |  0
|  17|0x0000000085500000, 0x0000000085500000, 0x0000000085600000|  0%| F|  |TAMS 0x0000000085500000| PB 0x0000000085500000| Untracked |  0
|  18|0x0000000085600000, 0x0000000085600000, 0x0000000085700000|  0%| F|  |TAMS 0x0000000085600000| PB 0x0000000085600000| Untracked |  0
|  19|0x0000000085700000, 0x0000000085700000, 0x0000000085800000|  0%| F|  |TAMS 0x0000000085700000| PB 0x0000000085700000| Untracked |  0
|  20|0x0000000085800000, 0x0000000085800000, 0x0000000085900000|  0%| F|  |TAMS 0x0000000085800000| PB 0x0000000085800000| Untracked |  0
|  21|0x0000000085900000, 0x0000000085900000, 0x0000000085a00000|  0%| F|  |TAMS 0x0000000085900000| PB 0x0000000085900000| Untracked |  0
|  22|0x0000000085a00000, 0x0000000085a00000, 0x0000000085b00000|  0%| F|  |TAMS 0x0000000085a00000| PB 0x0000000085a00000| Untracked |  0
|  23|0x0000000085b00000, 0x0000000085b00000, 0x0000000085c00000|  0%| F|  |TAMS 0x0000000085b00000| PB 0x0000000085b00000| Untracked |  0
|  24|0x0000000085c00000, 0x0000000085c00000, 0x0000000085d00000|  0%| F|  |TAMS 0x0000000085c00000| PB 0x0000000085c00000| Untracked |  0
|  25|0x0000000085d00000, 0x0000000085d00000, 0x0000000085e00000|  0%| F|  |TAMS 0x0000000085d00000| PB 0x0000000085d00000| Untracked |  0
|  26|0x0000000085e00000, 0x0000000085e00000, 0x0000000085f00000|  0%| F|  |TAMS 0x0000000085e00000| PB 0x0000000085e00000| Untracked |  0
|  27|0x0000000085f00000, 0x0000000085f00000, 0x0000000086000000|  0%| F|  |TAMS 0x0000000085f00000| PB 0x0000000085f00000| Untracked |  0
|  28|0x0000000086000000, 0x0000000086000000, 0x0000000086100000|  0%| F|  |TAMS 0x0000000086000000| PB 0x0000000086000000| Untracked |  0
|  29|0x0000000086100000, 0x0000000086100000, 0x0000000086200000|  0%| F|  |TAMS 0x0000000086100000| PB 0x0000000086100000| Untracked |  0
|  30|0x0000000086200000, 0x0000000086200000, 0x0000000086300000|  0%| F|  |TAMS 0x0000000086200000| PB 0x0000000086200000| Untracked |  0
|  31|0x0000000086300000, 0x0000000086300000, 0x0000000086400000|  0%| F|  |TAMS 0x0000000086300000| PB 0x0000000086300000| Untracked |  0
|  32|0x0000000086400000, 0x0000000086400000, 0x0000000086500000|  0%| F|  |TAMS 0x0000000086400000| PB 0x0000000086400000| Untracked |  0
|  33|0x0000000086500000, 0x0000000086500000, 0x0000000086600000|  0%| F|  |TAMS 0x0000000086500000| PB 0x0000000086500000| Untracked |  0
|  34|0x0000000086600000, 0x0000000086600000, 0x0000000086700000|  0%| F|  |TAMS 0x0000000086600000| PB 0x0000000086600000| Untracked |  0
|  35|0x0000000086700000, 0x0000000086700000, 0x0000000086800000|  0%| F|  |TAMS 0x0000000086700000| PB 0x0000000086700000| Untracked |  0
|  36|0x0000000086800000, 0x0000000086800000, 0x0000000086900000|  0%| F|  |TAMS 0x0000000086800000| PB 0x0000000086800000| Untracked |  0
|  37|0x0000000086900000, 0x0000000086900000, 0x0000000086a00000|  0%| F|  |TAMS 0x0000000086900000| PB 0x0000000086900000| Untracked |  0
|  38|0x0000000086a00000, 0x0000000086a00000, 0x0000000086b00000|  0%| F|  |TAMS 0x0000000086a00000| PB 0x0000000086a00000| Untracked |  0
|  39|0x0000000086b00000, 0x0000000086b00000, 0x0000000086c00000|  0%| F|  |TAMS 0x0000000086b00000| PB 0x0000000086b00000| Untracked |  0
|  40|0x0000000086c00000, 0x0000000086c00000, 0x0000000086d00000|  0%| F|  |TAMS 0x0000000086c00000| PB 0x0000000086c00000| Untracked |  0
|  41|0x0000000086d00000, 0x0000000086d00000, 0x0000000086e00000|  0%| F|  |TAMS 0x0000000086d00000| PB 0x0000000086d00000| Untracked |  0
|  42|0x0000000086e00000, 0x0000000086e00000, 0x0000000086f00000|  0%| F|  |TAMS 0x0000000086e00000| PB 0x0000000086e00000| Untracked |  0
|  43|0x0000000086f00000, 0x0000000086f00000, 0x0000000087000000|  0%| F|  |TAMS 0x0000000086f00000| PB 0x0000000086f00000| Untracked |  0
|  44|0x0000000087000000, 0x0000000087000000, 0x0000000087100000|  0%| F|  |TAMS 0x0000000087000000| PB 0x0000000087000000| Untracked |  0
|  45|0x0000000087100000, 0x0000000087100000, 0x0000000087200000|  0%| F|  |TAMS 0x0000000087100000| PB 0x0000000087100000| Untracked |  0
|  46|0x0000000087200000, 0x0000000087200000, 0x0000000087300000|  0%| F|  |TAMS 0x0000000087200000| PB 0x0000000087200000| Untracked |  0
|  47|0x0000000087300000, 0x0000000087300000, 0x0000000087400000|  0%| F|  |TAMS 0x0000000087300000| PB 0x0000000087300000| Untracked |  0
|  48|0x0000000087400000, 0x0000000087400000, 0x0000000087500000|  0%| F|  |TAMS 0x0000000087400000| PB 0x0000000087400000| Untracked |  0
|  49|0x0000000087500000, 0x0000000087500000, 0x0000000087600000|  0%| F|  |TAMS 0x0000000087500000| PB 0x0000000087500000| Untracked |  0
|  50|0x0000000087600000, 0x0000000087600000, 0x0000000087700000|  0%| F|  |TAMS 0x0000000087600000| PB 0x0000000087600000| Untracked |  0
|  51|0x0000000087700000, 0x0000000087700000, 0x0000000087800000|  0%| F|  |TAMS 0x0000000087700000| PB 0x0000000087700000| Untracked |  0
|  52|0x0000000087800000, 0x0000000087800000, 0x0000000087900000|  0%| F|  |TAMS 0x0000000087800000| PB 0x0000000087800000| Untracked |  0
|  53|0x0000000087900000, 0x0000000087900000, 0x0000000087a00000|  0%| F|  |TAMS 0x0000000087900000| PB 0x0000000087900000| Untracked |  0
|  54|0x0000000087a00000, 0x0000000087a00000, 0x0000000087b00000|  0%| F|  |TAMS 0x0000000087a00000| PB 0x0000000087a00000| Untracked |  0
|  55|0x0000000087b00000, 0x0000000087b00000, 0x0000000087c00000|  0%| F|  |TAMS 0x0000000087b00000| PB 0x0000000087b00000| Untracked |  0
|  56|0x0000000087c00000, 0x0000000087c00000, 0x0000000087d00000|  0%| F|  |TAMS 0x0000000087c00000| PB 0x0000000087c00000| Untracked |  0
|  57|0x0000000087d00000, 0x0000000087d00000, 0x0000000087e00000|  0%| F|  |TAMS 0x0000000087d00000| PB 0x0000000087d00000| Untracked |  0
|  58|0x0000000087e00000, 0x0000000087e00000, 0x0000000087f00000|  0%| F|  |TAMS 0x0000000087e00000| PB 0x0000000087e00000| Untracked |  0
|  59|0x0000000087f00000, 0x0000000087f00000, 0x0000000088000000|  0%| F|  |TAMS 0x0000000087f00000| PB 0x0000000087f00000| Untracked |  0
|  60|0x0000000088000000, 0x0000000088000000, 0x0000000088100000|  0%| F|  |TAMS 0x0000000088000000| PB 0x0000000088000000| Untracked |  0
|  61|0x0000000088100000, 0x0000000088100000, 0x0000000088200000|  0%| F|  |TAMS 0x0000000088100000| PB 0x0000000088100000| Untracked |  0
|  62|0x0000000088200000, 0x0000000088200000, 0x0000000088300000|  0%| F|  |TAMS 0x0000000088200000| PB 0x0000000088200000| Untracked |  0
|  63|0x0000000088300000, 0x0000000088300000, 0x0000000088400000|  0%| F|  |TAMS 0x0000000088300000| PB 0x0000000088300000| Untracked |  0
|  64|0x0000000088400000, 0x0000000088400000, 0x0000000088500000|  0%| F|  |TAMS 0x0000000088400000| PB 0x0000000088400000| Untracked |  0
|  65|0x0000000088500000, 0x0000000088500000, 0x0000000088600000|  0%| F|  |TAMS 0x0000000088500000| PB 0x0000000088500000| Untracked |  0
|  66|0x0000000088600000, 0x0000000088600000, 0x0000000088700000|  0%| F|  |TAMS 0x0000000088600000| PB 0x0000000088600000| Untracked |  0
|  67|0x0000000088700000, 0x0000000088700000, 0x0000000088800000|  0%| F|  |TAMS 0x0000000088700000| PB 0x0000000088700000| Untracked |  0
|  68|0x0000000088800000, 0x0000000088800000, 0x0000000088900000|  0%| F|  |TAMS 0x0000000088800000| PB 0x0000000088800000| Untracked |  0
|  69|0x0000000088900000, 0x0000000088900000, 0x0000000088a00000|  0%| F|  |TAMS 0x0000000088900000| PB 0x0000000088900000| Untracked |  0
|  70|0x0000000088a00000, 0x0000000088a00000, 0x0000000088b00000|  0%| F|  |TAMS 0x0000000088a00000| PB 0x0000000088a00000| Untracked |  0
|  71|0x0000000088b00000, 0x0000000088b00000, 0x0000000088c00000|  0%| F|  |TAMS 0x0000000088b00000| PB 0x0000000088b00000| Untracked |  0
|  72|0x0000000088c00000, 0x0000000088c00000, 0x0000000088d00000|  0%| F|  |TAMS 0x0000000088c00000| PB 0x0000000088c00000| Untracked |  0
|  73|0x0000000088d00000, 0x0000000088d00000, 0x0000000088e00000|  0%| F|  |TAMS 0x0000000088d00000| PB 0x0000000088d00000| Untracked |  0
|  74|0x0000000088e00000, 0x0000000088e00000, 0x0000000088f00000|  0%| F|  |TAMS 0x0000000088e00000| PB 0x0000000088e00000| Untracked |  0
|  75|0x0000000088f00000, 0x0000000088f00000, 0x0000000089000000|  0%| F|  |TAMS 0x0000000088f00000| PB 0x0000000088f00000| Untracked |  0
|  76|0x0000000089000000, 0x0000000089000000, 0x0000000089100000|  0%| F|  |TAMS 0x0000000089000000| PB 0x0000000089000000| Untracked |  0
|  77|0x0000000089100000, 0x0000000089100000, 0x0000000089200000|  0%| F|  |TAMS 0x0000000089100000| PB 0x0000000089100000| Untracked |  0
|  78|0x0000000089200000, 0x0000000089200000, 0x0000000089300000|  0%| F|  |TAMS 0x0000000089200000| PB 0x0000000089200000| Untracked |  0
|  79|0x0000000089300000, 0x0000000089300000, 0x0000000089400000|  0%| F|  |TAMS 0x0000000089300000| PB 0x0000000089300000| Untracked |  0
|  80|0x0000000089400000, 0x0000000089400000, 0x0000000089500000|  0%| F|  |TAMS 0x0000000089400000| PB 0x0000000089400000| Untracked |  0
|  81|0x0000000089500000, 0x0000000089500000, 0x0000000089600000|  0%| F|  |TAMS 0x0000000089500000| PB 0x0000000089500000| Untracked |  0
|  82|0x0000000089600000, 0x0000000089600000, 0x0000000089700000|  0%| F|  |TAMS 0x0000000089600000| PB 0x0000000089600000| Untracked |  0
|  83|0x0000000089700000, 0x0000000089700000, 0x0000000089800000|  0%| F|  |TAMS 0x0000000089700000| PB 0x0000000089700000| Untracked |  0
|  84|0x0000000089800000, 0x0000000089800000, 0x0000000089900000|  0%| F|  |TAMS 0x0000000089800000| PB 0x0000000089800000| Untracked |  0
|  85|0x0000000089900000, 0x0000000089900000, 0x0000000089a00000|  0%| F|  |TAMS 0x0000000089900000| PB 0x0000000089900000| Untracked |  0
|  86|0x0000000089a00000, 0x0000000089a00000, 0x0000000089b00000|  0%| F|  |TAMS 0x0000000089a00000| PB 0x0000000089a00000| Untracked |  0
|  87|0x0000000089b00000, 0x0000000089b00000, 0x0000000089c00000|  0%| F|  |TAMS 0x0000000089b00000| PB 0x0000000089b00000| Untracked |  0
|  88|0x0000000089c00000, 0x0000000089c00000, 0x0000000089d00000|  0%| F|  |TAMS 0x0000000089c00000| PB 0x0000000089c00000| Untracked |  0
|  89|0x0000000089d00000, 0x0000000089d00000, 0x0000000089e00000|  0%| F|  |TAMS 0x0000000089d00000| PB 0x0000000089d00000| Untracked |  0
|  90|0x0000000089e00000, 0x0000000089e00000, 0x0000000089f00000|  0%| F|  |TAMS 0x0000000089e00000| PB 0x0000000089e00000| Untracked |  0
|  91|0x0000000089f00000, 0x0000000089f00000, 0x000000008a000000|  0%| F|  |TAMS 0x0000000089f00000| PB 0x0000000089f00000| Untracked |  0
|  92|0x000000008a000000, 0x000000008a000000, 0x000000008a100000|  0%| F|  |TAMS 0x000000008a000000| PB 0x000000008a000000| Untracked |  0
|  93|0x000000008a100000, 0x000000008a100000, 0x000000008a200000|  0%| F|  |TAMS 0x000000008a100000| PB 0x000000008a100000| Untracked |  0
|  94|0x000000008a200000, 0x000000008a200000, 0x000000008a300000|  0%| F|  |TAMS 0x000000008a200000| PB 0x000000008a200000| Untracked |  0
|  95|0x000000008a300000, 0x000000008a300000, 0x000000008a400000|  0%| F|  |TAMS 0x000000008a300000| PB 0x000000008a300000| Untracked |  0
|  96|0x000000008a400000, 0x000000008a400000, 0x000000008a500000|  0%| F|  |TAMS 0x000000008a400000| PB 0x000000008a400000| Untracked |  0
|  97|0x000000008a500000, 0x000000008a600000, 0x000000008a600000|100%| S|CS|TAMS 0x000000008a500000| PB 0x000000008a500000| Complete |  0
|  98|0x000000008a600000, 0x000000008a700000, 0x000000008a700000|100%| S|CS|TAMS 0x000000008a600000| PB 0x000000008a600000| Complete |  0
|  99|0x000000008a700000, 0x000000008a800000, 0x000000008a800000|100%| S|CS|TAMS 0x000000008a700000| PB 0x000000008a700000| Complete |  0
| 100|0x000000008a800000, 0x000000008a800000, 0x000000008a900000|  0%| F|  |TAMS 0x000000008a800000| PB 0x000000008a800000| Untracked |  0
| 101|0x000000008a900000, 0x000000008a900000, 0x000000008aa00000|  0%| F|  |TAMS 0x000000008a900000| PB 0x000000008a900000| Untracked |  0
| 102|0x000000008aa00000, 0x000000008aa00000, 0x000000008ab00000|  0%| F|  |TAMS 0x000000008aa00000| PB 0x000000008aa00000| Untracked |  0
| 103|0x000000008ab00000, 0x000000008ab00000, 0x000000008ac00000|  0%| F|  |TAMS 0x000000008ab00000| PB 0x000000008ab00000| Untracked |  0
| 104|0x000000008ac00000, 0x000000008ac00000, 0x000000008ad00000|  0%| F|  |TAMS 0x000000008ac00000| PB 0x000000008ac00000| Untracked |  0
| 105|0x000000008ad00000, 0x000000008ad69dc8, 0x000000008ae00000| 41%| E|  |TAMS 0x000000008ad00000| PB 0x000000008ad00000| Complete |  0
| 106|0x000000008ae00000, 0x000000008af00000, 0x000000008af00000|100%| E|CS|TAMS 0x000000008ae00000| PB 0x000000008ae00000| Complete |  0
| 107|0x000000008af00000, 0x000000008b000000, 0x000000008b000000|100%| E|CS|TAMS 0x000000008af00000| PB 0x000000008af00000| Complete |  0
| 108|0x000000008b000000, 0x000000008b100000, 0x000000008b100000|100%| E|CS|TAMS 0x000000008b000000| PB 0x000000008b000000| Complete |  0
| 109|0x000000008b100000, 0x000000008b200000, 0x000000008b200000|100%| E|CS|TAMS 0x000000008b100000| PB 0x000000008b100000| Complete |  0
| 110|0x000000008b200000, 0x000000008b300000, 0x000000008b300000|100%| E|CS|TAMS 0x000000008b200000| PB 0x000000008b200000| Complete |  0
| 111|0x000000008b300000, 0x000000008b400000, 0x000000008b400000|100%| E|CS|TAMS 0x000000008b300000| PB 0x000000008b300000| Complete |  0
| 112|0x000000008b400000, 0x000000008b500000, 0x000000008b500000|100%| E|CS|TAMS 0x000000008b400000| PB 0x000000008b400000| Complete |  0
| 113|0x000000008b500000, 0x000000008b600000, 0x000000008b600000|100%| E|CS|TAMS 0x000000008b500000| PB 0x000000008b500000| Complete |  0
| 114|0x000000008b600000, 0x000000008b700000, 0x000000008b700000|100%| E|CS|TAMS 0x000000008b600000| PB 0x000000008b600000| Complete |  0
| 115|0x000000008b700000, 0x000000008b800000, 0x000000008b800000|100%| E|CS|TAMS 0x000000008b700000| PB 0x000000008b700000| Complete |  0
| 116|0x000000008b800000, 0x000000008b900000, 0x000000008b900000|100%| E|CS|TAMS 0x000000008b800000| PB 0x000000008b800000| Complete |  0
| 117|0x000000008b900000, 0x000000008ba00000, 0x000000008ba00000|100%| E|CS|TAMS 0x000000008b900000| PB 0x000000008b900000| Complete |  0
| 118|0x000000008ba00000, 0x000000008bb00000, 0x000000008bb00000|100%| E|CS|TAMS 0x000000008ba00000| PB 0x000000008ba00000| Complete |  0
| 119|0x000000008bb00000, 0x000000008bc00000, 0x000000008bc00000|100%| E|CS|TAMS 0x000000008bb00000| PB 0x000000008bb00000| Complete |  0
| 120|0x000000008bc00000, 0x000000008bd00000, 0x000000008bd00000|100%| E|CS|TAMS 0x000000008bc00000| PB 0x000000008bc00000| Complete |  0
| 121|0x000000008bd00000, 0x000000008be00000, 0x000000008be00000|100%| E|CS|TAMS 0x000000008bd00000| PB 0x000000008bd00000| Complete |  0
| 122|0x000000008be00000, 0x000000008bf00000, 0x000000008bf00000|100%| E|CS|TAMS 0x000000008be00000| PB 0x000000008be00000| Complete |  0
| 123|0x000000008bf00000, 0x000000008c000000, 0x000000008c000000|100%| E|CS|TAMS 0x000000008bf00000| PB 0x000000008bf00000| Complete |  0

Card table byte_map: [0x0000028520140000,0x0000028520520000] _byte_map_base: 0x000002851fd1e000

Marking Bits: (CMBitMap*) 0x0000028508390f30
 Bits: [0x0000028520520000, 0x0000028522410000)

Polling page: 0x0000028507ac0000

Metaspace:

Usage:
  Non-class:      8.24 MB used.
      Class:      1.27 MB used.
       Both:      9.51 MB used.

Virtual space:
  Non-class space:       64.00 MB reserved,       8.38 MB ( 13%) committed,  1 nodes.
      Class space:        1.00 GB reserved,       1.38 MB ( <1%) committed,  1 nodes.
             Both:        1.06 GB reserved,       9.75 MB ( <1%) committed. 

Chunk freelists:
   Non-Class:  7.38 MB
       Class:  14.50 MB
        Both:  21.88 MB

MaxMetaspaceSize: unlimited
CompressedClassSpaceSize: 1.00 GB
Initial GC threshold: 21.00 MB
Current GC threshold: 21.00 MB
CDS: on
 - commit_granule_bytes: 65536.
 - commit_granule_words: 8192.
 - virtual_space_node_default_size: 8388608.
 - enlarge_chunks_in_place: 1.
 - use_allocation_guard: 0.


Internal statistics:

num_allocs_failed_limit: 0.
num_arena_births: 320.
num_arena_deaths: 0.
num_vsnodes_births: 2.
num_vsnodes_deaths: 0.
num_space_committed: 156.
num_space_uncommitted: 0.
num_chunks_returned_to_freelist: 0.
num_chunks_taken_from_freelist: 648.
num_chunk_merges: 0.
num_chunk_splits: 382.
num_chunks_enlarged: 234.
num_inconsistent_stats: 0.

CodeHeap 'non-profiled nmethods': size=120064Kb used=613Kb max_used=613Kb free=119450Kb
 bounds [0x00000285184f0000, 0x0000028518760000, 0x000002851fa30000]
CodeHeap 'profiled nmethods': size=120000Kb used=2862Kb max_used=2862Kb free=117137Kb
 bounds [0x0000028510a30000, 0x0000028510d00000, 0x0000028517f60000]
CodeHeap 'non-nmethods': size=5696Kb used=1506Kb max_used=1506Kb free=4189Kb
 bounds [0x0000028517f60000, 0x00000285181d0000, 0x00000285184f0000]
CodeCache: size=245760Kb, used=4981Kb, max_used=4981Kb, free=240776Kb
 total_blobs=2536, nmethods=2036, adapters=405, full_count=0
Compilation: enabled, stopped_count=0, restarted_count=0

Compilation events (20 events):
Event: 1.468 Thread 0x0000028524e8e900 2005       3       java.time.temporal.ChronoField::checkValidValue (10 bytes)
Event: 1.468 Thread 0x0000028524e8e900 nmethod 2005 0x0000028510ce5388 code [0x0000028510ce54a0, 0x0000028510ce5600]
Event: 1.468 Thread 0x0000028524e8e900 2006       3       java.time.temporal.ValueRange::checkValidValue (24 bytes)
Event: 1.468 Thread 0x0000028524e8e900 nmethod 2006 0x0000028510ce5688 code [0x0000028510ce57e0, 0x0000028510ce5af8]
Event: 1.468 Thread 0x0000028524e8e900 2007       3       java.time.temporal.ValueRange::isValidValue (24 bytes)
Event: 1.468 Thread 0x0000028524e8e900 nmethod 2007 0x0000028510ce5b88 code [0x0000028510ce5ca0, 0x0000028510ce5e58]
Event: 1.468 Thread 0x0000028524e8e900 2008       1       java.time.zone.ZoneOffsetTransition::getDateTimeBefore (5 bytes)
Event: 1.469 Thread 0x0000028524e8e900 nmethod 2008 0x0000028518588108 code [0x0000028518588220, 0x00000285185882e8]
Event: 1.469 Thread 0x0000028524e8e900 2009       3       java.time.LocalTime::ofNanoOfDay (68 bytes)
Event: 1.469 Thread 0x0000028524e8e900 nmethod 2009 0x0000028510ce5e88 code [0x0000028510ce5fe0, 0x0000028510ce6308]
Event: 1.504 Thread 0x0000028524e8e900 2010       3       java.util.concurrent.locks.ReentrantLock::newCondition (8 bytes)
Event: 1.504 Thread 0x0000028524e8e900 nmethod 2010 0x0000028510ce6388 code [0x0000028510ce64c0, 0x0000028510ce67a8]
Event: 1.504 Thread 0x0000028524e8e900 2011       3       java.util.concurrent.locks.ReentrantLock$Sync::newCondition (9 bytes)
Event: 1.504 Thread 0x0000028524e8e900 nmethod 2011 0x0000028510ce6808 code [0x0000028510ce6940, 0x0000028510ce6bc0]
Event: 1.504 Thread 0x0000028524e8e900 2012       3       java.util.zip.CRC32::<init> (5 bytes)
Event: 1.504 Thread 0x0000028524e8e900 nmethod 2012 0x0000028510ce6c08 code [0x0000028510ce6d20, 0x0000028510ce6e88]
Event: 1.505 Thread 0x0000028524e8e900 2013       3       java.lang.Short::<init> (10 bytes)
Event: 1.505 Thread 0x0000028524e8e900 nmethod 2013 0x0000028510ce6f08 code [0x0000028510ce7020, 0x0000028510ce71e8]
Event: 1.505 Thread 0x0000028524e8e900 2014       3       jdk.internal.loader.URLClassPath$JarLoader$2::getBytes (48 bytes)
Event: 1.506 Thread 0x0000028524e8e900 nmethod 2014 0x0000028510ce7208 code [0x0000028510ce7380, 0x0000028510ce7ab8]

GC Heap History (2 events):
Event: 0.871 GC heap before
{Heap before GC invocations=0 (full 0):
 garbage-first heap   total reserved 2027520K, committed 126976K, used 24576K [0x0000000084400000, 0x0000000100000000)
  region size 1024K, 24 young (24576K), 0 survivors (0K)
 Metaspace       used 5289K, committed 5504K, reserved 1114112K
  class space    used 635K, committed 704K, reserved 1048576K
}
Event: 0.883 GC heap after
{Heap after GC invocations=1 (full 0):
 garbage-first heap   total reserved 2027520K, committed 126976K, used 8704K [0x0000000084400000, 0x0000000100000000)
  region size 1024K, 3 young (3072K), 3 survivors (3072K)
 Metaspace       used 5289K, committed 5504K, reserved 1114112K
  class space    used 635K, committed 704K, reserved 1048576K
}

Dll operation events (8 events):
Event: 0.015 Loaded shared library C:\Users\user1\.jdks\openjdk-23.0.1\bin\java.dll
Event: 0.068 Loaded shared library C:\Users\user1\.jdks\openjdk-23.0.1\bin\jsvml.dll
Event: 0.086 Loaded shared library C:\Users\user1\.jdks\openjdk-23.0.1\bin\net.dll
Event: 0.089 Loaded shared library C:\Users\user1\.jdks\openjdk-23.0.1\bin\nio.dll
Event: 0.093 Loaded shared library C:\Users\user1\.jdks\openjdk-23.0.1\bin\zip.dll
Event: 0.158 Loaded shared library C:\Users\user1\.jdks\openjdk-23.0.1\bin\management.dll
Event: 0.168 Loaded shared library C:\Users\user1\.jdks\openjdk-23.0.1\bin\management_ext.dll
Event: 0.193 Loaded shared library C:\Users\user1\.jdks\openjdk-23.0.1\bin\jimage.dll

Deoptimization events (20 events):
Event: 1.439 Thread 0x00000285060ae300 Uncommon trap: trap_request=0xffffffde fr.pc=0x0000028518544220 relative=0x00000000000002e0
Event: 1.439 Thread 0x00000285060ae300 Uncommon trap: reason=class_check action=maybe_recompile pc=0x0000028518544220 method=java.io.DataInputStream.readFully([BII)V @ 30 c2
Event: 1.439 Thread 0x00000285060ae300 DEOPT PACKING pc=0x0000028518544220 sp=0x000000a6d59f9fd0
Event: 1.439 Thread 0x00000285060ae300 DEOPT UNPACKING pc=0x0000028517fb7982 sp=0x000000a6d59f9fa8 mode 2
Event: 1.439 Thread 0x00000285060ae300 Uncommon trap: trap_request=0xffffffde fr.pc=0x0000028518549800 relative=0x0000000000000ba0
Event: 1.439 Thread 0x00000285060ae300 Uncommon trap: reason=class_check action=maybe_recompile pc=0x0000028518549800 method=java.io.DataInputStream.readFully([BII)V @ 30 c2
Event: 1.439 Thread 0x00000285060ae300 DEOPT PACKING pc=0x0000028518549800 sp=0x000000a6d59fa030
Event: 1.439 Thread 0x00000285060ae300 DEOPT UNPACKING pc=0x0000028517fb7982 sp=0x000000a6d59f9ed8 mode 2
Event: 1.439 Thread 0x00000285060ae300 Uncommon trap: trap_request=0xffffffde fr.pc=0x0000028518544220 relative=0x00000000000002e0
Event: 1.439 Thread 0x00000285060ae300 Uncommon trap: reason=class_check action=maybe_recompile pc=0x0000028518544220 method=java.io.DataInputStream.readFully([BII)V @ 30 c2
Event: 1.439 Thread 0x00000285060ae300 DEOPT PACKING pc=0x0000028518544220 sp=0x000000a6d59f9f60
Event: 1.439 Thread 0x00000285060ae300 DEOPT UNPACKING pc=0x0000028517fb7982 sp=0x000000a6d59f9f38 mode 2
Event: 1.465 Thread 0x00000285060ae300 Uncommon trap: trap_request=0xffffff45 fr.pc=0x000002851855ce04 relative=0x00000000000000e4
Event: 1.465 Thread 0x00000285060ae300 Uncommon trap: reason=unstable_if action=reinterpret pc=0x000002851855ce04 method=java.util.HashMap.hash(Ljava/lang/Object;)I @ 1 c2
Event: 1.465 Thread 0x00000285060ae300 DEOPT PACKING pc=0x000002851855ce04 sp=0x000000a6d59f91a0
Event: 1.465 Thread 0x00000285060ae300 DEOPT UNPACKING pc=0x0000028517fb7982 sp=0x000000a6d59f90e0 mode 2
Event: 1.466 Thread 0x00000285060ae300 Uncommon trap: trap_request=0xffffff45 fr.pc=0x000002851855aa2c relative=0x00000000000000ac
Event: 1.466 Thread 0x00000285060ae300 Uncommon trap: reason=unstable_if action=reinterpret pc=0x000002851855aa2c method=java.util.HashMap.hash(Ljava/lang/Object;)I @ 1 c2
Event: 1.466 Thread 0x00000285060ae300 DEOPT PACKING pc=0x000002851855aa2c sp=0x000000a6d59f9140
Event: 1.466 Thread 0x00000285060ae300 DEOPT UNPACKING pc=0x0000028517fb7982 sp=0x000000a6d59f90d8 mode 2

Classes loaded (20 events):
Event: 1.458 Loading class java/time/zone/Ser
Event: 1.458 Loading class java/io/Externalizable
Event: 1.458 Loading class java/io/Externalizable done
Event: 1.458 Loading class java/time/zone/Ser done
Event: 1.459 Loading class java/time/zone/ZoneOffsetTransition
Event: 1.460 Loading class java/time/zone/ZoneOffsetTransition done
Event: 1.462 Loading class java/time/Year
Event: 1.463 Loading class java/time/Year done
Event: 1.490 Loading class java/util/IdentityHashMap$EntrySet
Event: 1.490 Loading class java/util/IdentityHashMap$EntrySet done
Event: 1.490 Loading class java/util/IdentityHashMap$EntryIterator
Event: 1.490 Loading class java/util/IdentityHashMap$EntryIterator done
Event: 1.490 Loading class java/util/IdentityHashMap$EntryIterator$Entry
Event: 1.490 Loading class java/util/IdentityHashMap$EntryIterator$Entry done
Event: 1.490 Loading class java/util/IdentityHashMap$ValueIterator
Event: 1.491 Loading class java/util/IdentityHashMap$ValueIterator done
Event: 1.505 Loading class java/lang/Byte$ByteCache
Event: 1.505 Loading class java/lang/Byte$ByteCache done
Event: 1.505 Loading class java/lang/Short$ShortCache
Event: 1.505 Loading class java/lang/Short$ShortCache done

Classes unloaded (0 events):
No events

Classes redefined (0 events):
No events

Internal exceptions (20 events):
Event: 1.019 Thread 0x00000285060ae300 Exception <a 'java/lang/IncompatibleClassChangeError'{0x000000008bbe07c0}: Found class java.lang.Object, but interface was expected> (0x000000008bbe07c0) 
thrown [s\open\src\hotspot\share\interpreter\linkResolver.cpp, line 863]
Event: 1.055 Thread 0x00000285060ae300 Exception <a 'java/lang/IncompatibleClassChangeError'{0x000000008ba89fb0}: Found class java.lang.Object, but interface was expected> (0x000000008ba89fb0) 
thrown [s\open\src\hotspot\share\interpreter\linkResolver.cpp, line 863]
Event: 1.056 Thread 0x00000285060ae300 Exception <a 'java/lang/NoSuchMethodError'{0x000000008ba93a30}: 'void java.lang.invoke.DirectMethodHandle$Holder.invokeSpecial(java.lang.Object, java.lang.Object, java.lang.Object, java.lang.Object, java.lang.Object)'> (0x000000008ba93a30) 
thrown [s\open\src\hotspot\share\interpreter\linkResolver.cpp, line 796]
Event: 1.058 Thread 0x00000285060ae300 Exception <a 'java/lang/NoSuchMethodError'{0x000000008baa0418}: 'void java.lang.invoke.DirectMethodHandle$Holder.invokeInterface(java.lang.Object, java.lang.Object)'> (0x000000008baa0418) 
thrown [s\open\src\hotspot\share\interpreter\linkResolver.cpp, line 796]
Event: 1.059 Thread 0x00000285060ae300 Exception <a 'java/lang/IncompatibleClassChangeError'{0x000000008baa36f0}: Found class java.lang.Object, but interface was expected> (0x000000008baa36f0) 
thrown [s\open\src\hotspot\share\interpreter\linkResolver.cpp, line 863]
Event: 1.080 Thread 0x00000285060ae300 Exception <a 'java/lang/NoSuchMethodError'{0x000000008b92da08}: 'void java.lang.invoke.DirectMethodHandle$Holder.invokeSpecial(java.lang.Object, java.lang.Object, java.lang.Object, java.lang.Object, java.lang.Object, java.lang.Object)'> (0x000000008b92da08) 
thrown [s\open\src\hotspot\share\interpreter\linkResolver.cpp, line 796]
Event: 1.083 Thread 0x00000285060ae300 Exception <a 'java/lang/NoSuchMethodError'{0x000000008b944488}: 'void java.lang.invoke.DirectMethodHandle$Holder.invokeInterface(java.lang.Object, java.lang.Object, java.lang.Object, java.lang.Object)'> (0x000000008b944488) 
thrown [s\open\src\hotspot\share\interpreter\linkResolver.cpp, line 796]
Event: 1.083 Thread 0x00000285060ae300 Exception <a 'java/lang/IncompatibleClassChangeError'{0x000000008b947908}: Found class java.lang.Object, but interface was expected> (0x000000008b947908) 
thrown [s\open\src\hotspot\share\interpreter\linkResolver.cpp, line 863]
Event: 1.110 Thread 0x00000285060ae300 Exception <a 'java/lang/NoSuchMethodError'{0x000000008b802d20}: 'int java.lang.invoke.DirectMethodHandle$Holder.invokeStatic(java.lang.Object, java.lang.Object, java.lang.Object, java.lang.Object, java.lang.Object)'> (0x000000008b802d20) 
thrown [s\open\src\hotspot\share\interpreter\linkResolver.cpp, line 796]
Event: 1.171 Thread 0x00000285060ae300 Exception <a 'java/lang/NoSuchMethodError'{0x000000008b7c1860}: 'java.lang.Object java.lang.invoke.DirectMethodHandle$Holder.invokeSpecial(java.lang.Object, java.lang.Object, java.lang.Object, int, java.lang.Object)'> (0x000000008b7c1860) 
thrown [s\open\src\hotspot\share\interpreter\linkResolver.cpp, line 796]
Event: 1.183 Thread 0x00000285060ae300 Exception <a 'java/lang/NoSuchMethodError'{0x000000008b60cdb0}: 'java.lang.Object java.lang.invoke.DirectMethodHandle$Holder.invokeSpecial(java.lang.Object, java.lang.Object, int, java.lang.Object, int)'> (0x000000008b60cdb0) 
thrown [s\open\src\hotspot\share\interpreter\linkResolver.cpp, line 796]
Event: 1.231 Thread 0x00000285060ae300 Exception <a 'java/lang/NoSuchMethodError'{0x000000008b557bb8}: 'java.lang.Object java.lang.invoke.DirectMethodHandle$Holder.newInvokeSpecial(java.lang.Object, java.lang.Object, int)'> (0x000000008b557bb8) 
thrown [s\open\src\hotspot\share\interpreter\linkResolver.cpp, line 796]
Event: 1.323 Thread 0x00000285060ae300 Exception <a 'java/lang/NoSuchMethodError'{0x000000008b37eb68}: 'int java.lang.invoke.DirectMethodHandle$Holder.invokeStatic(java.lang.Object)'> (0x000000008b37eb68) 
thrown [s\open\src\hotspot\share\interpreter\linkResolver.cpp, line 796]
Event: 1.324 Thread 0x00000285060ae300 Exception <a 'java/lang/NoSuchMethodError'{0x000000008b382268}: 'int java.lang.invoke.DirectMethodHandle$Holder.invokeStaticInit(java.lang.Object)'> (0x000000008b382268) 
thrown [s\open\src\hotspot\share\interpreter\linkResolver.cpp, line 796]
Event: 1.335 Thread 0x00000285060ae300 Exception <a 'java/lang/NoSuchMethodError'{0x000000008b3d87d8}: 'java.lang.Object java.lang.invoke.DirectMethodHandle$Holder.invokeStatic(java.lang.Object, int, java.lang.Object)'> (0x000000008b3d87d8) 
thrown [s\open\src\hotspot\share\interpreter\linkResolver.cpp, line 796]
Event: 1.361 Thread 0x00000285060ae300 Exception <a 'java/lang/NoSuchMethodError'{0x000000008b247188}: 'void java.lang.invoke.DirectMethodHandle$Holder.invokeStaticInit(java.lang.Object, java.lang.Object, java.lang.Object, java.lang.Object)'> (0x000000008b247188) 
thrown [s\open\src\hotspot\share\interpreter\linkResolver.cpp, line 796]
Event: 1.421 Thread 0x00000285060ae300 Exception <a 'java/lang/NoSuchMethodError'{0x000000008b1d2068}: 'java.lang.Object java.lang.invoke.DirectMethodHandle$Holder.invokeSpecial(java.lang.Object, java.lang.Object, java.lang.Object, long, java.lang.Object)'> (0x000000008b1d2068) 
thrown [s\open\src\hotspot\share\interpreter\linkResolver.cpp, line 796]
Event: 1.421 Thread 0x00000285060ae300 Exception <a 'java/lang/NoSuchMethodError'{0x000000008b1d5f40}: 'java.lang.Object java.lang.invoke.Invokers$Holder.linkToTargetMethod(java.lang.Object, long, java.lang.Object, java.lang.Object)'> (0x000000008b1d5f40) 
thrown [s\open\src\hotspot\share\interpreter\linkResolver.cpp, line 796]
Event: 1.465 Thread 0x00000285060ae300 Implicit null exception at 0x000002851855cd56 to 0x000002851855cdfa
Event: 1.466 Thread 0x00000285060ae300 Implicit null exception at 0x000002851855a99d to 0x000002851855aa1d

VM Operations (18 events):
Event: 0.094 Executing VM operation: HandshakeAllThreads (Deoptimize)
Event: 0.095 Executing VM operation: HandshakeAllThreads (Deoptimize) done
Event: 0.307 Executing VM operation: HandshakeAllThreads (Deoptimize)
Event: 0.307 Executing VM operation: HandshakeAllThreads (Deoptimize) done
Event: 0.518 Executing VM operation: HandshakeAllThreads (Deoptimize)
Event: 0.518 Executing VM operation: HandshakeAllThreads (Deoptimize) done
Event: 0.539 Executing VM operation: HandshakeAllThreads (Deoptimize)
Event: 0.539 Executing VM operation: HandshakeAllThreads (Deoptimize) done
Event: 0.539 Executing VM operation: HandshakeAllThreads (Deoptimize)
Event: 0.540 Executing VM operation: HandshakeAllThreads (Deoptimize) done
Event: 0.871 Executing VM operation: G1CollectForAllocation (G1 Evacuation Pause)
Event: 0.883 Executing VM operation: G1CollectForAllocation (G1 Evacuation Pause) done
Event: 1.297 Executing VM operation: HandshakeAllThreads (Deoptimize)
Event: 1.297 Executing VM operation: HandshakeAllThreads (Deoptimize) done
Event: 1.371 Executing VM operation: HandshakeAllThreads (Deoptimize)
Event: 1.371 Executing VM operation: HandshakeAllThreads (Deoptimize) done
Event: 1.447 Executing VM operation: HandshakeAllThreads (Deoptimize)
Event: 1.448 Executing VM operation: HandshakeAllThreads (Deoptimize) done

Memory protections (0 events):
No events

Nmethod flushes (0 events):
No events

Events (14 events):
Event: 0.042 Thread 0x00000285060ae300 Thread added: 0x00000285060ae300
Event: 0.058 Thread 0x00000285060ae300 Thread added: 0x0000028524e591f0
Event: 0.059 Thread 0x00000285060ae300 Thread added: 0x0000028524e5a3d0
Event: 0.059 Thread 0x00000285060ae300 Thread added: 0x0000028524e5b940
Event: 0.059 Thread 0x00000285060ae300 Thread added: 0x0000028524e5bfb0
Event: 0.059 Thread 0x00000285060ae300 Thread added: 0x0000028524e617b0
Event: 0.059 Thread 0x00000285060ae300 Thread added: 0x0000028524e65800
Event: 0.059 Thread 0x00000285060ae300 Thread added: 0x0000028524e8d6d0
Event: 0.059 Thread 0x00000285060ae300 Thread added: 0x0000028524e8e900
Event: 0.082 Thread 0x00000285060ae300 Thread added: 0x000002856a1b7790
Event: 0.083 Thread 0x00000285060ae300 Thread added: 0x000002856a1c0a30
Event: 0.222 Thread 0x0000028524e8e900 Thread added: 0x000002856a339df0
Event: 0.323 Thread 0x00000285060ae300 Thread added: 0x000002856a850a90
Event: 0.335 Thread 0x00000285060ae300 Thread added: 0x000002856a86ee30


Dynamic libraries:
0x00007ff6d5f60000 - 0x00007ff6d5f6e000 	C:\Users\user1\.jdks\openjdk-23.0.1\bin\java.exe
0x00007ffdc3b00000 - 0x00007ffdc3d66000 	C:\WINDOWS\SYSTEM32\ntdll.dll
0x00007ffdc2220000 - 0x00007ffdc22e9000 	C:\WINDOWS\System32\KERNEL32.DLL
0x00007ffdc0f90000 - 0x00007ffdc138a000 	C:\WINDOWS\System32\KERNELBASE.dll
0x00007ffdc0d90000 - 0x00007ffdc0edc000 	C:\WINDOWS\System32\ucrtbase.dll
0x00007ffd95650000 - 0x00007ffd95667000 	C:\Users\user1\.jdks\openjdk-23.0.1\bin\jli.dll
0x00007ffd96380000 - 0x00007ffd9639b000 	C:\Users\user1\.jdks\openjdk-23.0.1\bin\VCRUNTIME140.dll
0x00007ffdc38f0000 - 0x00007ffdc3ab7000 	C:\WINDOWS\System32\USER32.dll
0x00007ffdc1510000 - 0x00007ffdc1537000 	C:\WINDOWS\System32\win32u.dll
0x00007ffd9b900000 - 0x00007ffd9bb92000 	C:\WINDOWS\WinSxS\amd64_microsoft.windows.common-controls_6595b64144ccf1df_6.0.26100.8521_none_3e08b75ce33403b3\COMCTL32.dll
0x00007ffdc1f80000 - 0x00007ffdc1fab000 	C:\WINDOWS\System32\GDI32.dll
0x00007ffdc2d90000 - 0x00007ffdc2e39000 	C:\WINDOWS\System32\msvcrt.dll
0x00007ffdc15f0000 - 0x00007ffdc171b000 	C:\WINDOWS\System32\gdi32full.dll
0x00007ffdc0ee0000 - 0x00007ffdc0f83000 	C:\WINDOWS\System32\msvcp_win.dll
0x00007ffdc1d60000 - 0x00007ffdc1d92000 	C:\WINDOWS\System32\IMM32.DLL
0x00007ffda2500000 - 0x00007ffda250c000 	C:\Users\user1\.jdks\openjdk-23.0.1\bin\vcruntime140_1.dll
0x00007ffd68c40000 - 0x00007ffd68cce000 	C:\Users\user1\.jdks\openjdk-23.0.1\bin\msvcp140.dll
0x00007ffd52ec0000 - 0x00007ffd53c0f000 	C:\Users\user1\.jdks\openjdk-23.0.1\bin\server\jvm.dll
0x00007ffdc1fe0000 - 0x00007ffdc2096000 	C:\WINDOWS\System32\ADVAPI32.dll
0x00007ffdc2ce0000 - 0x00007ffdc2d8a000 	C:\WINDOWS\System32\sechost.dll
0x00007ffdc20b0000 - 0x00007ffdc21c8000 	C:\WINDOWS\System32\RPCRT4.dll
0x00007ffdc3860000 - 0x00007ffdc38e0000 	C:\WINDOWS\System32\WS2_32.dll
0x00007ffdc0bf0000 - 0x00007ffdc0c4e000 	C:\WINDOWS\SYSTEM32\POWRPROF.dll
0x00007ffdaedf0000 - 0x00007ffdaedfb000 	C:\WINDOWS\SYSTEM32\VERSION.dll
0x00007ffdb6210000 - 0x00007ffdb6246000 	C:\WINDOWS\SYSTEM32\WINMM.dll
0x00007ffdc0bd0000 - 0x00007ffdc0be4000 	C:\WINDOWS\SYSTEM32\UMPDC.dll
0x00007ffdbfae0000 - 0x00007ffdbfafb000 	C:\WINDOWS\SYSTEM32\kernel.appcore.dll
0x00007ffd9e6a0000 - 0x00007ffd9e6aa000 	C:\Users\user1\.jdks\openjdk-23.0.1\bin\jimage.dll
0x00007ffdbdbf0000 - 0x00007ffdbde32000 	C:\WINDOWS\SYSTEM32\DBGHELP.DLL
0x00007ffdc2e40000 - 0x00007ffdc31c3000 	C:\WINDOWS\System32\combase.dll
0x00007ffdc1c80000 - 0x00007ffdc1d59000 	C:\WINDOWS\System32\OLEAUT32.dll
0x00007ffd8e6c0000 - 0x00007ffd8e6fb000 	C:\WINDOWS\SYSTEM32\dbgcore.DLL
0x00007ffdc1540000 - 0x00007ffdc15e8000 	C:\WINDOWS\System32\bcryptPrimitives.dll
0x00007ffd95600000 - 0x00007ffd9561e000 	C:\Users\user1\.jdks\openjdk-23.0.1\bin\java.dll
0x00007ffdc1870000 - 0x00007ffdc1a08000 	C:\WINDOWS\System32\ole32.dll
0x00007ffdc22f0000 - 0x00007ffdc2a74000 	C:\WINDOWS\System32\SHELL32.dll
0x00007ffdbe910000 - 0x00007ffdbf190000 	C:\WINDOWS\SYSTEM32\windows.storage.dll
0x00007ffdc1da0000 - 0x00007ffdc1e96000 	C:\WINDOWS\System32\SHCORE.dll
0x00007ffdc2c60000 - 0x00007ffdc2cc7000 	C:\WINDOWS\System32\shlwapi.dll
0x00007ffdc0cb0000 - 0x00007ffdc0cd9000 	C:\WINDOWS\SYSTEM32\profapi.dll
0x00007ffd647d0000 - 0x00007ffd648a7000 	C:\Users\user1\.jdks\openjdk-23.0.1\bin\jsvml.dll
0x00007ffd99600000 - 0x00007ffd99610000 	C:\Users\user1\.jdks\openjdk-23.0.1\bin\net.dll
0x00007ffdc0030000 - 0x00007ffdc009c000 	C:\WINDOWS\system32\mswsock.dll
0x00007ffd93a20000 - 0x00007ffd93a36000 	C:\Users\user1\.jdks\openjdk-23.0.1\bin\nio.dll
0x00007ffd93f40000 - 0x00007ffd93f57000 	C:\Users\user1\.jdks\openjdk-23.0.1\bin\zip.dll
0x00007ffd94bd0000 - 0x00007ffd94bda000 	C:\Users\user1\.jdks\openjdk-23.0.1\bin\management.dll
0x00007ffd941c0000 - 0x00007ffd941cb000 	C:\Users\user1\.jdks\openjdk-23.0.1\bin\management_ext.dll
0x00007ffdc2cd0000 - 0x00007ffdc2cd8000 	C:\WINDOWS\System32\PSAPI.DLL

dbghelp: loaded successfully - version: 4.0.5 - missing functions: none
symbol engine: initialized successfully - sym options: 0x614 - pdb path: .;C:\Users\user1\.jdks\openjdk-23.0.1\bin;C:\WINDOWS\SYSTEM32;C:\WINDOWS\WinSxS\amd64_microsoft.windows.common-controls_6595b64144ccf1df_6.0.26100.8521_none_3e08b75ce33403b3;C:\Users\user1\.jdks\openjdk-23.0.1\bin\server

VM Arguments:
java_command: C:\Users\user1\AppData\Local\Temp\surefire6236560221063591671\surefirebooter-20260716154828053_3.jar C:\Users\user1\AppData\Local\Temp\surefire6236560221063591671 2026-07-16T15-48-25_275-jvmRun1 surefire-20260716154828053_1tmp surefire_0-20260716154828053_2tmp
java_class_path (initial): C:\Users\user1\AppData\Local\Temp\surefire6236560221063591671\surefirebooter-20260716154828053_3.jar
Launcher Type: SUN_STANDARD

[Global flags]
     intx CICompilerCount                          = 4                                         {product} {ergonomic}
     uint ConcGCThreads                            = 2                                         {product} {ergonomic}
     uint G1ConcRefinementThreads                  = 8                                         {product} {ergonomic}
   size_t G1HeapRegionSize                         = 1048576                                   {product} {ergonomic}
   size_t InitialHeapSize                          = 130023424                                 {product} {ergonomic}
   size_t MarkStackSize                            = 4194304                                   {product} {ergonomic}
   size_t MarkStackSizeMax                         = 536870912                                 {product} {ergonomic}
   size_t MaxHeapSize                              = 2076180480                                {product} {ergonomic}
   size_t MaxNewSize                               = 1245708288                                {product} {ergonomic}
   size_t MinHeapDeltaBytes                        = 1048576                                   {product} {ergonomic}
   size_t MinHeapSize                              = 8388608                                   {product} {ergonomic}
    uintx NonNMethodCodeHeapSize                   = 5832704                                {pd product} {ergonomic}
    uintx NonProfiledCodeHeapSize                  = 122945536                              {pd product} {ergonomic}
    uintx ProfiledCodeHeapSize                     = 122880000                              {pd product} {ergonomic}
    uintx ReservedCodeCacheSize                    = 251658240                              {pd product} {ergonomic}
     bool SegmentedCodeCache                       = true                                      {product} {ergonomic}
   size_t SoftMaxHeapSize                          = 2076180480                             {manageable} {ergonomic}
     bool UseCompressedOops                        = true                           {product lp64_product} {ergonomic}
     bool UseG1GC                                  = true                                      {product} {ergonomic}
     bool UseLargePagesIndividualAllocation        = false                                  {pd product} {ergonomic}

Logging:
Log output configuration:
 #0: stdout all=warning uptime,level,tags foldmultilines=false
 #1: stderr all=off uptime,level,tags foldmultilines=false

Environment Variables:
PATH=C:\Program Files\Common Files\Oracle\Java\javapath;C:\Program Files (x86)\Common Files\Oracle\Java\java8path;C:\Program Files (x86)\Common Files\Oracle\Java\javapath;C:\WINDOWS\system32;C:\WINDOWS;C:\WINDOWS\System32\Wbem;C:\WINDOWS\System32\WindowsPowerShell\v1.0\;C:\WINDOWS\System32\OpenSSH\;C:\Users\user1\Downloads\apache-maven-3.9.8-bin\apache-maven-3.9.8\bin;C:\Program Files\Git\cmd;C:\Users\user1\AppData\Roaming\nvm;C:\Program Files\nodejs;C:\Users\user1\Downloads\sonarscanner\bin;C:\Users\user1\AppData\Roaming\npm;C:\Users\user1\AppData\Local\Pub\Cache\bin;C:\Users\user1\Downloads\protoc-29.1-win64\bin;C:\Users\user1\Downloads\protobuf-javascript-3.21.4-win64\protobuf-javascript-3.21.4-win64\bin;C:\Users\user1\AppData\Local\Programs\Python\Python313\Scripts\;C:\Users\user1\AppData\Local\Programs\Python\Python313\;C:\Program Files\dotnet\;C:\Program Files\nodejs\;C:\Users\user1\AppData\Local\Programs\Python\Python313\Scripts\;C:\Users\user1\AppData\Local\Programs\Python\Python313\;C:\Users\user1\AppData\Local\Microsoft\WindowsApps;C:\Users\user1\AppData\Local\Programs\Microsoft VS Code\bin;C:\src\flutter_windows_3.24.0-stable\flutter\bin;C:\Program Files\JetBrains\IntelliJ IDEA 2024.2.1\bin;;C:\Users\user1\AppData\Roaming\nvm;C:\Program Files\nodejs;C:\Users\user1\AppData\Local\Pub\Cache\bin;C:\Users\user1\AppData\Roaming\npm;C:\Users\user1\AppData\Local\Python\bin
USERNAME=user1
OS=Windows_NT
PROCESSOR_IDENTIFIER=Intel64 Family 6 Model 140 Stepping 1, GenuineIntel
TMP=C:\Users\user1\AppData\Local\Temp
TEMP=C:\Users\user1\AppData\Local\Temp




Periodic native trim disabled

---------------  S Y S T E M  ---------------

OS:
 Windows 11 , 64 bit Build 26100 (10.0.26100.8521)
OS uptime: 6 days 3:56 hours
Hyper-V role detected

CPU: total 8 (initial active 8) (4 cores per cpu, 2 threads per core) family 6 model 140 stepping 1 microcode 0xbe, cx8, cmov, fxsr, ht, mmx, 3dnowpref, sse, sse2, sse3, ssse3, sse4.1, sse4.2, popcnt, lzcnt, tsc, tscinvbit, avx, avx2, aes, erms, clmul, bmi1, bmi2, adx, avx512f, avx512dq, avx512cd, avx512bw, avx512vl, sha, fma, vzeroupper, avx512_vpopcntdq, avx512_vpclmulqdq, avx512_vaes, avx512_vnni, clflush, clflushopt, clwb, avx512_vbmi2, avx512_vbmi, hv, rdtscp, rdpid, fsrm, gfni, avx512_bitalg, f16c, cet_ibt, cet_ss, avx512_ifma
Processor Information for the first 8 processors :
  Max Mhz: 1498, Current Mhz: 1498, Mhz Limit: 1498

Memory: 4k page, system-wide physical 7914M (425M free)
TotalPageFile size 32490M (AvailPageFile size 1M)
current process WorkingSet (physical memory assigned to process): 133M, peak: 133M
current process commit charge ("private bytes"): 268M, peak: 269M

vm_info: OpenJDK 64-Bit Server VM (23.0.1+11-39) for windows-amd64 JRE (23.0.1+11-39), built on 2024-09-30T07:20:43Z with MS VC++ 17.6 (VS2022)

END.
