#
# There is insufficient memory for the Java Runtime Environment to continue.
# Native memory allocation (mmap) failed to map 135266304 bytes. Error detail: G1 virtual space
# Possible reasons:
#   The system is out of physical RAM or swap space
#   This process is running with CompressedOops enabled, and the Java Heap may be blocking the growth of the native heap
# Possible solutions:
#   Reduce memory load on the system
#   Increase physical memory or swap space
#   Check if swap backing store is full
#   Decrease Java heap size (-Xmx/-Xms)
#   Decrease number of Java threads
#   Decrease Java thread stack sizes (-Xss)
#   Set larger code cache with -XX:ReservedCodeCacheSize=
#   JVM is running with Unscaled Compressed Oops mode in which the Java heap is
#     placed in the first 4GB address space. The Java Heap base address is the
#     maximum limit for the native heap growth. Please use -XX:HeapBaseMinAddress
#     to set the Java Heap base and to place the Java Heap above 4GB virtual address.
# This output file may be truncated or incomplete.
#
#  Out of Memory Error (os_windows.cpp:3703), pid=8748, tid=26736
#
# JRE version: OpenJDK Runtime Environment (23.0.1+11) (build 23.0.1+11-39)
# Java VM: OpenJDK 64-Bit Server VM (23.0.1+11-39, mixed mode, sharing, tiered, compressed oops, compressed class ptrs, g1 gc, windows-amd64)
# No core dump will be written. Minidumps are not enabled by default on client versions of Windows
#

---------------  S U M M A R Y ------------

Command Line: -Dmaven.multiModuleProjectDirectory=C:\Users\user1\Downloads\impression-backend\impression-backend -Djansi.passthrough=true -Dmaven.home=C:\Users\user1\.m2\wrapper\dists\apache-maven-3.9.16-bin\5grr65jo27hi51sujmtcldfovl\apache-maven-3.9.16 -Dclassworlds.conf=C:\Users\user1\.m2\wrapper\dists\apache-maven-3.9.16-bin\5grr65jo27hi51sujmtcldfovl\apache-maven-3.9.16\bin\m2.conf -Dmaven.ext.class.path=C:\Program Files\JetBrains\IntelliJ IDEA 2024.2.1\plugins\maven\lib\maven-event-listener.jar -javaagent:C:\Program Files\JetBrains\IntelliJ IDEA 2024.2.1\lib\idea_rt.jar=55485:C:\Program Files\JetBrains\IntelliJ IDEA 2024.2.1\bin -Dfile.encoding=UTF-8 -Dsun.stdout.encoding=UTF-8 -Dsun.stderr.encoding=UTF-8 org.codehaus.classworlds.Launcher -Didea.version=2024.2.1 clean

Host: 11th Gen Intel(R) Core(TM) i5-1145G7 @ 2.60GHz, 8 cores, 7G,  Windows 11 , 64 bit Build 26100 (10.0.26100.8521)
Time: Thu Jul 16 15:49:41 2026 Maroc (heure d64 bit Build 26100 (10.0.26100.8521) elapsed time: 5.864913 seconds (0d 0h 0m 5s)

---------------  T H R E A D  ---------------

Current thread (0x0000019bd3b2e1d0):  VMThread "VM Thread"          [id=26736, stack(0x000000660bb00000,0x000000660bc00000) (1024K)]

Stack: [0x000000660bb00000,0x000000660bc00000]
Native frames: (J=compiled Java code, j=interpreted, Vv=VM code, C=native code)
V  [jvm.dll+0x6e08b9]  (no source info available)
V  [jvm.dll+0x87dc83]  (no source info available)
V  [jvm.dll+0x88010e]  (no source info available)
V  [jvm.dll+0x8807e3]  (no source info available)
V  [jvm.dll+0x27aee6]  (no source info available)
V  [jvm.dll+0x6dd1c5]  (no source info available)
V  [jvm.dll+0x6d104a]  (no source info available)
V  [jvm.dll+0x35b3ea]  (no source info available)
V  [jvm.dll+0x3637f6]  (no source info available)
V  [jvm.dll+0x34fd5e]  (no source info available)
V  [jvm.dll+0x34fff8]  (no source info available)
V  [jvm.dll+0x3289cc]  (no source info available)
V  [jvm.dll+0x328a5a]  (no source info available)
V  [jvm.dll+0x374c92]  (no source info available)
V  [jvm.dll+0x373392]  (no source info available)
V  [jvm.dll+0x3281a7]  (no source info available)
V  [jvm.dll+0x372b44]  (no source info available)
V  [jvm.dll+0x886720]  (no source info available)
V  [jvm.dll+0x887a47]  (no source info available)
V  [jvm.dll+0x887f78]  (no source info available)
V  [jvm.dll+0x888213]  (no source info available)
V  [jvm.dll+0x824f8b]  (no source info available)
V  [jvm.dll+0x6df065]  (no source info available)
C  [ucrtbase.dll+0x2cd30]  (no source info available)
C  [KERNEL32.DLL+0x2e957]  (no source info available)
C  [ntdll.dll+0x87c1c]  (no source info available)

VM_Operation (0x000000660b4fd4d0): G1CollectForAllocation, mode: safepoint, requested by thread 0x0000019bb4b65510


---------------  P R O C E S S  ---------------

Threads class SMR info:
_java_thread_list=0x0000019c198c20c0, length=13, elements={
0x0000019bb4b65510, 0x0000019bd3b4aeb0, 0x0000019bd3b4c480, 0x0000019bd3b50c00,
0x0000019bd3b52000, 0x0000019bd3b587e0, 0x0000019bd3b54c50, 0x0000019bd3b81420,
0x0000019bd3b83ee0, 0x0000019bd3b1d380, 0x0000019bd3dfd610, 0x0000019bd3dfdc80,
0x0000019bd3cd2c20
}

Java Threads: ( => current thread )
  0x0000019bb4b65510 JavaThread "main"                              [_thread_blocked, id=28232, stack(0x000000660b400000,0x000000660b500000) (1024K)]
  0x0000019bd3b4aeb0 JavaThread "Reference Handler"          daemon [_thread_blocked, id=4864, stack(0x000000660bc00000,0x000000660bd00000) (1024K)]
  0x0000019bd3b4c480 JavaThread "Finalizer"                  daemon [_thread_blocked, id=9120, stack(0x000000660bd00000,0x000000660be00000) (1024K)]
  0x0000019bd3b50c00 JavaThread "Signal Dispatcher"          daemon [_thread_blocked, id=29060, stack(0x000000660be00000,0x000000660bf00000) (1024K)]
  0x0000019bd3b52000 JavaThread "Attach Listener"            daemon [_thread_blocked, id=23044, stack(0x000000660bf00000,0x000000660c000000) (1024K)]
  0x0000019bd3b587e0 JavaThread "Service Thread"             daemon [_thread_blocked, id=26364, stack(0x000000660c000000,0x000000660c100000) (1024K)]
  0x0000019bd3b54c50 JavaThread "Monitor Deflation Thread"   daemon [_thread_blocked, id=27368, stack(0x000000660c100000,0x000000660c200000) (1024K)]
  0x0000019bd3b81420 JavaThread "C2 CompilerThread0"         daemon [_thread_blocked, id=22624, stack(0x000000660c200000,0x000000660c300000) (1024K)]
  0x0000019bd3b83ee0 JavaThread "C1 CompilerThread0"         daemon [_thread_blocked, id=1696, stack(0x000000660c300000,0x000000660c400000) (1024K)]
  0x0000019bd3b1d380 JavaThread "Common-Cleaner"             daemon [_thread_blocked, id=16348, stack(0x000000660c400000,0x000000660c500000) (1024K)]
  0x0000019bd3dfd610 JavaThread "Monitor Ctrl-Break"         daemon [_thread_in_native, id=3236, stack(0x000000660c600000,0x000000660c700000) (1024K)]
  0x0000019bd3dfdc80 JavaThread "Notification Thread"        daemon [_thread_blocked, id=26616, stack(0x000000660c700000,0x000000660c800000) (1024K)]
  0x0000019bd3cd2c20 JavaThread "C2 CompilerThread1"         daemon [_thread_blocked, id=16964, stack(0x000000660cd00000,0x000000660ce00000) (1024K)]
Total: 13

Other Threads:
=>0x0000019bd3b2e1d0 VMThread "VM Thread"                           [id=26736, stack(0x000000660bb00000,0x000000660bc00000) (1024K)]
  0x0000019bd3b1c8c0 WatcherThread "VM Periodic Task Thread"        [id=10404, stack(0x000000660ba00000,0x000000660bb00000) (1024K)]
  0x0000019bb6ed9c10 WorkerThread "GC Thread#0"                     [id=28188, stack(0x000000660b500000,0x000000660b600000) (1024K)]
  0x0000019c197fb990 WorkerThread "GC Thread#1"                     [id=10048, stack(0x000000660c500000,0x000000660c600000) (1024K)]
  0x0000019c197fdc20 WorkerThread "GC Thread#2"                     [id=9484, stack(0x000000660c800000,0x000000660c900000) (1024K)]
  0x0000019c199d4f00 WorkerThread "GC Thread#3"                     [id=13808, stack(0x000000660c900000,0x000000660ca00000) (1024K)]
  0x0000019c199d52b0 WorkerThread "GC Thread#4"                     [id=28428, stack(0x000000660ca00000,0x000000660cb00000) (1024K)]
  0x0000019c199d7670 WorkerThread "GC Thread#5"                     [id=6604, stack(0x000000660cb00000,0x000000660cc00000) (1024K)]
  0x0000019c199dfa40 WorkerThread "GC Thread#6"                     [id=22124, stack(0x000000660cc00000,0x000000660cd00000) (1024K)]
  0x0000019c19e918b0 WorkerThread "GC Thread#7"                     [id=2668, stack(0x000000660ce00000,0x000000660cf00000) (1024K)]
  0x0000019bb4c2dd70 ConcurrentGCThread "G1 Main Marker"            [id=13076, stack(0x000000660b600000,0x000000660b700000) (1024K)]
  0x0000019bb4c2e690 WorkerThread "G1 Conc#0"                       [id=10924, stack(0x000000660b700000,0x000000660b800000) (1024K)]
  0x0000019bd39e8520 ConcurrentGCThread "G1 Refine#0"               [id=26300, stack(0x000000660b800000,0x000000660b900000) (1024K)]
  0x0000019bd39ead70 ConcurrentGCThread "G1 Service"                [id=4476, stack(0x000000660b900000,0x000000660ba00000) (1024K)]
Total: 14

Threads with active compile tasks:
C2 CompilerThread1  6723 1790       4       org.objectweb.asm.ClassReader::readUtf (44 bytes)
Total: 1

VM state: at safepoint (normal execution)

VM Mutex/Monitor currently owned by a thread:  ([mutex/lock_event])
[0x00007ffd5cd93910] Threads_lock - owner thread: 0x0000019bd3b2e1d0
[0x00007ffd5cd93a10] Heap_lock - owner thread: 0x0000019bb4b65510

Heap address: 0x0000000084400000, size: 1980 MB, Compressed Oops mode: 32-bit

CDS archive(s) mapped at: [0x0000019bd4000000-0x0000019bd4d70000-0x0000019bd4d70000), size 14090240, SharedBaseAddress: 0x0000019bd4000000, ArchiveRelocationMode: 1.
Compressed class space mapped at: 0x0000019bd5000000-0x0000019c15000000, reserved size: 1073741824
Narrow klass base: 0x0000019bd4000000, Narrow klass shift: 0, Narrow klass range: 0x41000000

GC Precious Log:
 CardTable entry size: 512
 Card Set container configuration: InlinePtr #cards 5 size 8 Array Of Cards #cards 10 size 36 Howl #buckets 4 coarsen threshold 1843 Howl Bitmap #cards 512 size 80 coarsen threshold 460 Card regions per heap region 1 cards per card region 2048
 CPUs: 8 total, 8 available
 Memory: 7914M
 Large Page Support: Disabled
 NUMA Support: Disabled
 Compressed Oops: Enabled (32-bit)
 Heap Region Size: 1M
 Heap Min Capacity: 8M
 Heap Initial Capacity: 124M
 Heap Max Capacity: 1980M
 Pre-touch: Disabled
 Parallel Workers: 8
 Concurrent Workers: 2
 Concurrent Refinement Workers: 8
 Periodic GC: Disabled

Heap:
 garbage-first heap   total reserved 2027520K, committed 126976K, used 4613K [0x0000000084400000, 0x0000000100000000)
  region size 1024K, 1 young (1024K), 1 survivors (1024K)
 Metaspace       used 7848K, committed 8064K, reserved 1114112K
  class space    used 947K, committed 1024K, reserved 1048576K

Heap Regions: E=young(eden), S=young(survivor), O=old, HS=humongous(starts), HC=humongous(continues), CS=collection set, F=free, TAMS=top-at-mark-start, PB=parsable bottom
|   0|0x0000000084400000, 0x0000000084500000, 0x0000000084500000|100%| O|  |TAMS 0x0000000084400000| PB 0x0000000084400000| Untracked |  0
|   1|0x0000000084500000, 0x0000000084600000, 0x0000000084600000|100%| O|  |TAMS 0x0000000084500000| PB 0x0000000084500000| Untracked |  0
|   2|0x0000000084600000, 0x0000000084700000, 0x0000000084700000|100%| O|  |TAMS 0x0000000084600000| PB 0x0000000084600000| Untracked |  0
|   3|0x0000000084700000, 0x0000000084800000, 0x0000000084800000|100%| O|  |TAMS 0x0000000084700000| PB 0x0000000084700000| Untracked |  0
|   4|0x0000000084800000, 0x0000000084800000, 0x0000000084900000|  0%| F|  |TAMS 0x0000000084800000| PB 0x0000000084800000| Untracked |  0
|   5|0x0000000084900000, 0x0000000084900000, 0x0000000084a00000|  0%| F|  |TAMS 0x0000000084900000| PB 0x0000000084900000| Untracked |  0
|   6|0x0000000084a00000, 0x0000000084a00000, 0x0000000084b00000|  0%| F|  |TAMS 0x0000000084a00000| PB 0x0000000084a00000| Untracked |  0
|   7|0x0000000084b00000, 0x0000000084b00000, 0x0000000084c00000|  0%| F|  |TAMS 0x0000000084b00000| PB 0x0000000084b00000| Untracked |  0
|   8|0x0000000084c00000, 0x0000000084c00000, 0x0000000084d00000|  0%| F|  |TAMS 0x0000000084c00000| PB 0x0000000084c00000| Untracked |  0
|   9|0x0000000084d00000, 0x0000000084d00000, 0x0000000084e00000|  0%| F|  |TAMS 0x0000000084d00000| PB 0x0000000084d00000| Untracked |  0
|  10|0x0000000084e00000, 0x0000000084e00000, 0x0000000084f00000|  0%| F|  |TAMS 0x0000000084e00000| PB 0x0000000084e00000| Untracked |  0
|  11|0x0000000084f00000, 0x0000000084f00000, 0x0000000085000000|  0%| F|  |TAMS 0x0000000084f00000| PB 0x0000000084f00000| Untracked |  0
|  12|0x0000000085000000, 0x0000000085000000, 0x0000000085100000|  0%| F|  |TAMS 0x0000000085000000| PB 0x0000000085000000| Untracked |  0
|  13|0x0000000085100000, 0x0000000085100000, 0x0000000085200000|  0%| F|  |TAMS 0x0000000085100000| PB 0x0000000085100000| Untracked |  0
|  14|0x0000000085200000, 0x0000000085200000, 0x0000000085300000|  0%| F|  |TAMS 0x0000000085200000| PB 0x0000000085200000| Untracked |  0
|  15|0x0000000085300000, 0x0000000085300000, 0x0000000085400000|  0%| F|  |TAMS 0x0000000085300000| PB 0x0000000085300000| Untracked |  0
|  16|0x0000000085400000, 0x0000000085400000, 0x0000000085500000|  0%| F|  |TAMS 0x0000000085400000| PB 0x0000000085400000| Untracked |  0
|  17|0x0000000085500000, 0x0000000085500000, 0x0000000085600000|  0%| F|  |TAMS 0x0000000085500000| PB 0x0000000085500000| Untracked |  0
|  18|0x0000000085600000, 0x0000000085600000, 0x0000000085700000|  0%| F|  |TAMS 0x0000000085600000| PB 0x0000000085600000| Untracked |  0
|  19|0x0000000085700000, 0x0000000085700000, 0x0000000085800000|  0%| F|  |TAMS 0x0000000085700000| PB 0x0000000085700000| Untracked |  0
|  20|0x0000000085800000, 0x0000000085800000, 0x0000000085900000|  0%| F|  |TAMS 0x0000000085800000| PB 0x0000000085800000| Untracked |  0
|  21|0x0000000085900000, 0x0000000085900000, 0x0000000085a00000|  0%| F|  |TAMS 0x0000000085900000| PB 0x0000000085900000| Untracked |  0
|  22|0x0000000085a00000, 0x0000000085a00000, 0x0000000085b00000|  0%| F|  |TAMS 0x0000000085a00000| PB 0x0000000085a00000| Untracked |  0
|  23|0x0000000085b00000, 0x0000000085b00000, 0x0000000085c00000|  0%| F|  |TAMS 0x0000000085b00000| PB 0x0000000085b00000| Untracked |  0
|  24|0x0000000085c00000, 0x0000000085c00000, 0x0000000085d00000|  0%| F|  |TAMS 0x0000000085c00000| PB 0x0000000085c00000| Untracked |  0
|  25|0x0000000085d00000, 0x0000000085d00000, 0x0000000085e00000|  0%| F|  |TAMS 0x0000000085d00000| PB 0x0000000085d00000| Untracked |  0
|  26|0x0000000085e00000, 0x0000000085e00000, 0x0000000085f00000|  0%| F|  |TAMS 0x0000000085e00000| PB 0x0000000085e00000| Untracked |  0
|  27|0x0000000085f00000, 0x0000000085f00000, 0x0000000086000000|  0%| F|  |TAMS 0x0000000085f00000| PB 0x0000000085f00000| Untracked |  0
|  28|0x0000000086000000, 0x0000000086000000, 0x0000000086100000|  0%| F|  |TAMS 0x0000000086000000| PB 0x0000000086000000| Untracked |  0
|  29|0x0000000086100000, 0x0000000086100000, 0x0000000086200000|  0%| F|  |TAMS 0x0000000086100000| PB 0x0000000086100000| Untracked |  0
|  30|0x0000000086200000, 0x0000000086200000, 0x0000000086300000|  0%| F|  |TAMS 0x0000000086200000| PB 0x0000000086200000| Untracked |  0
|  31|0x0000000086300000, 0x0000000086300000, 0x0000000086400000|  0%| F|  |TAMS 0x0000000086300000| PB 0x0000000086300000| Untracked |  0
|  32|0x0000000086400000, 0x0000000086400000, 0x0000000086500000|  0%| F|  |TAMS 0x0000000086400000| PB 0x0000000086400000| Untracked |  0
|  33|0x0000000086500000, 0x0000000086500000, 0x0000000086600000|  0%| F|  |TAMS 0x0000000086500000| PB 0x0000000086500000| Untracked |  0
|  34|0x0000000086600000, 0x0000000086600000, 0x0000000086700000|  0%| F|  |TAMS 0x0000000086600000| PB 0x0000000086600000| Untracked |  0
|  35|0x0000000086700000, 0x0000000086700000, 0x0000000086800000|  0%| F|  |TAMS 0x0000000086700000| PB 0x0000000086700000| Untracked |  0
|  36|0x0000000086800000, 0x0000000086800000, 0x0000000086900000|  0%| F|  |TAMS 0x0000000086800000| PB 0x0000000086800000| Untracked |  0
|  37|0x0000000086900000, 0x0000000086900000, 0x0000000086a00000|  0%| F|  |TAMS 0x0000000086900000| PB 0x0000000086900000| Untracked |  0
|  38|0x0000000086a00000, 0x0000000086a00000, 0x0000000086b00000|  0%| F|  |TAMS 0x0000000086a00000| PB 0x0000000086a00000| Untracked |  0
|  39|0x0000000086b00000, 0x0000000086b00000, 0x0000000086c00000|  0%| F|  |TAMS 0x0000000086b00000| PB 0x0000000086b00000| Untracked |  0
|  40|0x0000000086c00000, 0x0000000086c00000, 0x0000000086d00000|  0%| F|  |TAMS 0x0000000086c00000| PB 0x0000000086c00000| Untracked |  0
|  41|0x0000000086d00000, 0x0000000086d00000, 0x0000000086e00000|  0%| F|  |TAMS 0x0000000086d00000| PB 0x0000000086d00000| Untracked |  0
|  42|0x0000000086e00000, 0x0000000086e00000, 0x0000000086f00000|  0%| F|  |TAMS 0x0000000086e00000| PB 0x0000000086e00000| Untracked |  0
|  43|0x0000000086f00000, 0x0000000086f00000, 0x0000000087000000|  0%| F|  |TAMS 0x0000000086f00000| PB 0x0000000086f00000| Untracked |  0
|  44|0x0000000087000000, 0x0000000087000000, 0x0000000087100000|  0%| F|  |TAMS 0x0000000087000000| PB 0x0000000087000000| Untracked |  0
|  45|0x0000000087100000, 0x0000000087100000, 0x0000000087200000|  0%| F|  |TAMS 0x0000000087100000| PB 0x0000000087100000| Untracked |  0
|  46|0x0000000087200000, 0x0000000087200000, 0x0000000087300000|  0%| F|  |TAMS 0x0000000087200000| PB 0x0000000087200000| Untracked |  0
|  47|0x0000000087300000, 0x0000000087300000, 0x0000000087400000|  0%| F|  |TAMS 0x0000000087300000| PB 0x0000000087300000| Untracked |  0
|  48|0x0000000087400000, 0x0000000087400000, 0x0000000087500000|  0%| F|  |TAMS 0x0000000087400000| PB 0x0000000087400000| Untracked |  0
|  49|0x0000000087500000, 0x0000000087500000, 0x0000000087600000|  0%| F|  |TAMS 0x0000000087500000| PB 0x0000000087500000| Untracked |  0
|  50|0x0000000087600000, 0x0000000087600000, 0x0000000087700000|  0%| F|  |TAMS 0x0000000087600000| PB 0x0000000087600000| Untracked |  0
|  51|0x0000000087700000, 0x0000000087700000, 0x0000000087800000|  0%| F|  |TAMS 0x0000000087700000| PB 0x0000000087700000| Untracked |  0
|  52|0x0000000087800000, 0x0000000087800000, 0x0000000087900000|  0%| F|  |TAMS 0x0000000087800000| PB 0x0000000087800000| Untracked |  0
|  53|0x0000000087900000, 0x0000000087900000, 0x0000000087a00000|  0%| F|  |TAMS 0x0000000087900000| PB 0x0000000087900000| Untracked |  0
|  54|0x0000000087a00000, 0x0000000087a00000, 0x0000000087b00000|  0%| F|  |TAMS 0x0000000087a00000| PB 0x0000000087a00000| Untracked |  0
|  55|0x0000000087b00000, 0x0000000087b00000, 0x0000000087c00000|  0%| F|  |TAMS 0x0000000087b00000| PB 0x0000000087b00000| Untracked |  0
|  56|0x0000000087c00000, 0x0000000087c00000, 0x0000000087d00000|  0%| F|  |TAMS 0x0000000087c00000| PB 0x0000000087c00000| Untracked |  0
|  57|0x0000000087d00000, 0x0000000087d00000, 0x0000000087e00000|  0%| F|  |TAMS 0x0000000087d00000| PB 0x0000000087d00000| Untracked |  0
|  58|0x0000000087e00000, 0x0000000087e00000, 0x0000000087f00000|  0%| F|  |TAMS 0x0000000087e00000| PB 0x0000000087e00000| Untracked |  0
|  59|0x0000000087f00000, 0x0000000087f00000, 0x0000000088000000|  0%| F|  |TAMS 0x0000000087f00000| PB 0x0000000087f00000| Untracked |  0
|  60|0x0000000088000000, 0x0000000088000000, 0x0000000088100000|  0%| F|  |TAMS 0x0000000088000000| PB 0x0000000088000000| Untracked |  0
|  61|0x0000000088100000, 0x0000000088100000, 0x0000000088200000|  0%| F|  |TAMS 0x0000000088100000| PB 0x0000000088100000| Untracked |  0
|  62|0x0000000088200000, 0x0000000088200000, 0x0000000088300000|  0%| F|  |TAMS 0x0000000088200000| PB 0x0000000088200000| Untracked |  0
|  63|0x0000000088300000, 0x0000000088300000, 0x0000000088400000|  0%| F|  |TAMS 0x0000000088300000| PB 0x0000000088300000| Untracked |  0
|  64|0x0000000088400000, 0x0000000088400000, 0x0000000088500000|  0%| F|  |TAMS 0x0000000088400000| PB 0x0000000088400000| Untracked |  0
|  65|0x0000000088500000, 0x0000000088500000, 0x0000000088600000|  0%| F|  |TAMS 0x0000000088500000| PB 0x0000000088500000| Untracked |  0
|  66|0x0000000088600000, 0x0000000088600000, 0x0000000088700000|  0%| F|  |TAMS 0x0000000088600000| PB 0x0000000088600000| Untracked |  0
|  67|0x0000000088700000, 0x0000000088700000, 0x0000000088800000|  0%| F|  |TAMS 0x0000000088700000| PB 0x0000000088700000| Untracked |  0
|  68|0x0000000088800000, 0x0000000088800000, 0x0000000088900000|  0%| F|  |TAMS 0x0000000088800000| PB 0x0000000088800000| Untracked |  0
|  69|0x0000000088900000, 0x0000000088900000, 0x0000000088a00000|  0%| F|  |TAMS 0x0000000088900000| PB 0x0000000088900000| Untracked |  0
|  70|0x0000000088a00000, 0x0000000088a00000, 0x0000000088b00000|  0%| F|  |TAMS 0x0000000088a00000| PB 0x0000000088a00000| Untracked |  0
|  71|0x0000000088b00000, 0x0000000088b00000, 0x0000000088c00000|  0%| F|  |TAMS 0x0000000088b00000| PB 0x0000000088b00000| Untracked |  0
|  72|0x0000000088c00000, 0x0000000088c00000, 0x0000000088d00000|  0%| F|  |TAMS 0x0000000088c00000| PB 0x0000000088c00000| Untracked |  0
|  73|0x0000000088d00000, 0x0000000088d00000, 0x0000000088e00000|  0%| F|  |TAMS 0x0000000088d00000| PB 0x0000000088d00000| Untracked |  0
|  74|0x0000000088e00000, 0x0000000088e00000, 0x0000000088f00000|  0%| F|  |TAMS 0x0000000088e00000| PB 0x0000000088e00000| Untracked |  0
|  75|0x0000000088f00000, 0x0000000088f00000, 0x0000000089000000|  0%| F|  |TAMS 0x0000000088f00000| PB 0x0000000088f00000| Untracked |  0
|  76|0x0000000089000000, 0x0000000089000000, 0x0000000089100000|  0%| F|  |TAMS 0x0000000089000000| PB 0x0000000089000000| Untracked |  0
|  77|0x0000000089100000, 0x0000000089100000, 0x0000000089200000|  0%| F|  |TAMS 0x0000000089100000| PB 0x0000000089100000| Untracked |  0
|  78|0x0000000089200000, 0x0000000089200000, 0x0000000089300000|  0%| F|  |TAMS 0x0000000089200000| PB 0x0000000089200000| Untracked |  0
|  79|0x0000000089300000, 0x0000000089300000, 0x0000000089400000|  0%| F|  |TAMS 0x0000000089300000| PB 0x0000000089300000| Untracked |  0
|  80|0x0000000089400000, 0x0000000089400000, 0x0000000089500000|  0%| F|  |TAMS 0x0000000089400000| PB 0x0000000089400000| Untracked |  0
|  81|0x0000000089500000, 0x0000000089500000, 0x0000000089600000|  0%| F|  |TAMS 0x0000000089500000| PB 0x0000000089500000| Untracked |  0
|  82|0x0000000089600000, 0x0000000089600000, 0x0000000089700000|  0%| F|  |TAMS 0x0000000089600000| PB 0x0000000089600000| Untracked |  0
|  83|0x0000000089700000, 0x0000000089700000, 0x0000000089800000|  0%| F|  |TAMS 0x0000000089700000| PB 0x0000000089700000| Untracked |  0
|  84|0x0000000089800000, 0x0000000089800000, 0x0000000089900000|  0%| F|  |TAMS 0x0000000089800000| PB 0x0000000089800000| Untracked |  0
|  85|0x0000000089900000, 0x0000000089900000, 0x0000000089a00000|  0%| F|  |TAMS 0x0000000089900000| PB 0x0000000089900000| Untracked |  0
|  86|0x0000000089a00000, 0x0000000089a00000, 0x0000000089b00000|  0%| F|  |TAMS 0x0000000089a00000| PB 0x0000000089a00000| Untracked |  0
|  87|0x0000000089b00000, 0x0000000089b00000, 0x0000000089c00000|  0%| F|  |TAMS 0x0000000089b00000| PB 0x0000000089b00000| Untracked |  0
|  88|0x0000000089c00000, 0x0000000089c00000, 0x0000000089d00000|  0%| F|  |TAMS 0x0000000089c00000| PB 0x0000000089c00000| Untracked |  0
|  89|0x0000000089d00000, 0x0000000089d00000, 0x0000000089e00000|  0%| F|  |TAMS 0x0000000089d00000| PB 0x0000000089d00000| Untracked |  0
|  90|0x0000000089e00000, 0x0000000089e00000, 0x0000000089f00000|  0%| F|  |TAMS 0x0000000089e00000| PB 0x0000000089e00000| Untracked |  0
|  91|0x0000000089f00000, 0x0000000089f00000, 0x000000008a000000|  0%| F|  |TAMS 0x0000000089f00000| PB 0x0000000089f00000| Untracked |  0
|  92|0x000000008a000000, 0x000000008a000000, 0x000000008a100000|  0%| F|  |TAMS 0x000000008a000000| PB 0x000000008a000000| Untracked |  0
|  93|0x000000008a100000, 0x000000008a100000, 0x000000008a200000|  0%| F|  |TAMS 0x000000008a100000| PB 0x000000008a100000| Untracked |  0
|  94|0x000000008a200000, 0x000000008a200000, 0x000000008a300000|  0%| F|  |TAMS 0x000000008a200000| PB 0x000000008a200000| Untracked |  0
|  95|0x000000008a300000, 0x000000008a300000, 0x000000008a400000|  0%| F|  |TAMS 0x000000008a300000| PB 0x000000008a300000| Untracked |  0
|  96|0x000000008a400000, 0x000000008a400000, 0x000000008a500000|  0%| F|  |TAMS 0x000000008a400000| PB 0x000000008a400000| Untracked |  0
|  97|0x000000008a500000, 0x000000008a500000, 0x000000008a600000|  0%| F|  |TAMS 0x000000008a500000| PB 0x000000008a500000| Untracked |  0
|  98|0x000000008a600000, 0x000000008a600000, 0x000000008a700000|  0%| F|  |TAMS 0x000000008a600000| PB 0x000000008a600000| Untracked |  0
|  99|0x000000008a700000, 0x000000008a700000, 0x000000008a800000|  0%| F|  |TAMS 0x000000008a700000| PB 0x000000008a700000| Untracked |  0
| 100|0x000000008a800000, 0x000000008a800000, 0x000000008a900000|  0%| F|  |TAMS 0x000000008a800000| PB 0x000000008a800000| Untracked |  0
| 101|0x000000008a900000, 0x000000008a900000, 0x000000008aa00000|  0%| F|  |TAMS 0x000000008a900000| PB 0x000000008a900000| Untracked |  0
| 102|0x000000008aa00000, 0x000000008aa00000, 0x000000008ab00000|  0%| F|  |TAMS 0x000000008aa00000| PB 0x000000008aa00000| Untracked |  0
| 103|0x000000008ab00000, 0x000000008ab00000, 0x000000008ac00000|  0%| F|  |TAMS 0x000000008ab00000| PB 0x000000008ab00000| Untracked |  0
| 104|0x000000008ac00000, 0x000000008ac00000, 0x000000008ad00000|  0%| F|  |TAMS 0x000000008ac00000| PB 0x000000008ac00000| Untracked |  0
| 105|0x000000008ad00000, 0x000000008ad00000, 0x000000008ae00000|  0%| F|  |TAMS 0x000000008ad00000| PB 0x000000008ad00000| Untracked |  0
| 106|0x000000008ae00000, 0x000000008ae00000, 0x000000008af00000|  0%| F|  |TAMS 0x000000008ae00000| PB 0x000000008ae00000| Untracked |  0
| 107|0x000000008af00000, 0x000000008af00000, 0x000000008b000000|  0%| F|  |TAMS 0x000000008af00000| PB 0x000000008af00000| Untracked |  0
| 108|0x000000008b000000, 0x000000008b000000, 0x000000008b100000|  0%| F|  |TAMS 0x000000008b000000| PB 0x000000008b000000| Untracked |  0
| 109|0x000000008b100000, 0x000000008b100000, 0x000000008b200000|  0%| F|  |TAMS 0x000000008b100000| PB 0x000000008b100000| Untracked |  0
| 110|0x000000008b200000, 0x000000008b200000, 0x000000008b300000|  0%| F|  |TAMS 0x000000008b200000| PB 0x000000008b200000| Untracked |  0
| 111|0x000000008b300000, 0x000000008b300000, 0x000000008b400000|  0%| F|  |TAMS 0x000000008b300000| PB 0x000000008b300000| Untracked |  0
| 112|0x000000008b400000, 0x000000008b400000, 0x000000008b500000|  0%| F|  |TAMS 0x000000008b400000| PB 0x000000008b400000| Untracked |  0
| 113|0x000000008b500000, 0x000000008b500000, 0x000000008b600000|  0%| F|  |TAMS 0x000000008b500000| PB 0x000000008b500000| Untracked |  0
| 114|0x000000008b600000, 0x000000008b600000, 0x000000008b700000|  0%| F|  |TAMS 0x000000008b600000| PB 0x000000008b600000| Untracked |  0
| 115|0x000000008b700000, 0x000000008b700000, 0x000000008b800000|  0%| F|  |TAMS 0x000000008b700000| PB 0x000000008b700000| Untracked |  0
| 116|0x000000008b800000, 0x000000008b800000, 0x000000008b900000|  0%| F|  |TAMS 0x000000008b800000| PB 0x000000008b800000| Untracked |  0
| 117|0x000000008b900000, 0x000000008b900000, 0x000000008ba00000|  0%| F|  |TAMS 0x000000008b900000| PB 0x000000008b900000| Untracked |  0
| 118|0x000000008ba00000, 0x000000008ba816e0, 0x000000008bb00000| 50%| S|CS|TAMS 0x000000008ba00000| PB 0x000000008ba00000| Complete |  0
| 119|0x000000008bb00000, 0x000000008bb00000, 0x000000008bc00000|  0%| F|  |TAMS 0x000000008bb00000| PB 0x000000008bb00000| Untracked |  0
| 120|0x000000008bc00000, 0x000000008bc00000, 0x000000008bd00000|  0%| F|  |TAMS 0x000000008bc00000| PB 0x000000008bc00000| Untracked |  0
| 121|0x000000008bd00000, 0x000000008bd00000, 0x000000008be00000|  0%| F|  |TAMS 0x000000008bd00000| PB 0x000000008bd00000| Untracked |  0
| 122|0x000000008be00000, 0x000000008be00000, 0x000000008bf00000|  0%| F|  |TAMS 0x000000008be00000| PB 0x000000008be00000| Untracked |  0
| 123|0x000000008bf00000, 0x000000008bf00000, 0x000000008c000000|  0%| F|  |TAMS 0x000000008bf00000| PB 0x000000008bf00000| Untracked |  0

Card table byte_map: [0x0000019bcedd0000,0x0000019bcf1b0000] _byte_map_base: 0x0000019bce9ae000

Marking Bits: (CMBitMap*) 0x0000019bb6edc140
 Bits: [0x0000019bcf1b0000, 0x0000019bd10a0000)

Polling page: 0x0000019bb4f10000

Metaspace:

Usage:
  Non-class:      6.74 MB used.
      Class:    947.51 KB used.
       Both:      7.66 MB used.

Virtual space:
  Non-class space:       64.00 MB reserved,       6.88 MB ( 11%) committed,  1 nodes.
      Class space:        1.00 GB reserved,       1.00 MB ( <1%) committed,  1 nodes.
             Both:        1.06 GB reserved,       7.88 MB ( <1%) committed. 

Chunk freelists:
   Non-Class:  8.11 MB
       Class:  14.84 MB
        Both:  22.95 MB

MaxMetaspaceSize: unlimited
CompressedClassSpaceSize: 1.00 GB
Initial GC threshold: 21.00 MB
Current GC threshold: 21.00 MB
CDS: on
 - commit_granule_bytes: 65536.
 - commit_granule_words: 8192.
 - virtual_space_node_default_size: 8388608.
 - enlarge_chunks_in_place: 1.
 - use_allocation_guard: 0.


Internal statistics:

num_allocs_failed_limit: 0.
num_arena_births: 70.
num_arena_deaths: 0.
num_vsnodes_births: 2.
num_vsnodes_deaths: 0.
num_space_committed: 126.
num_space_uncommitted: 0.
num_chunks_returned_to_freelist: 0.
num_chunks_taken_from_freelist: 285.
num_chunk_merges: 0.
num_chunk_splits: 192.
num_chunks_enlarged: 152.
num_inconsistent_stats: 0.

CodeHeap 'non-profiled nmethods': size=120064Kb used=679Kb max_used=679Kb free=119384Kb
 bounds [0x0000019bc7070000, 0x0000019bc72e0000, 0x0000019bce5b0000]
CodeHeap 'profiled nmethods': size=120000Kb used=2473Kb max_used=2473Kb free=117526Kb
 bounds [0x0000019bbf5b0000, 0x0000019bbf820000, 0x0000019bc6ae0000]
CodeHeap 'non-nmethods': size=5696Kb used=1493Kb max_used=1532Kb free=4202Kb
 bounds [0x0000019bc6ae0000, 0x0000019bc6d50000, 0x0000019bc7070000]
CodeCache: size=245760Kb, used=4645Kb, max_used=4684Kb, free=241112Kb
 total_blobs=2286, nmethods=1795, adapters=397, full_count=0
Compilation: enabled, stopped_count=0, restarted_count=0

Compilation events (20 events):
Event: 3.757 Thread 0x0000019bd3b83ee0 nmethod 1786 0x0000019bbf818208 code [0x0000019bbf818340, 0x0000019bbf818568]
Event: 3.760 Thread 0x0000019bd3b83ee0 1787       3       java.lang.Class::getInterfaces (49 bytes)
Event: 3.760 Thread 0x0000019bd3b83ee0 nmethod 1787 0x0000019bbf818588 code [0x0000019bbf818700, 0x0000019bbf818bb0]
Event: 3.760 Thread 0x0000019bd3b83ee0 1788       3       java.net.URLConnection::setUseCaches (10 bytes)
Event: 3.761 Thread 0x0000019bd3b83ee0 nmethod 1788 0x0000019bbf818c08 code [0x0000019bbf818d40, 0x0000019bbf818fd0]
Event: 3.761 Thread 0x0000019bd3b83ee0 1789       3       java.net.URLConnection::checkConnected (19 bytes)
Event: 3.761 Thread 0x0000019bd3b83ee0 nmethod 1789 0x0000019bbf819008 code [0x0000019bbf819140, 0x0000019bbf819360]
Event: 3.761 Thread 0x0000019bd3cd2c20 1790       4       org.objectweb.asm.ClassReader::readUtf (44 bytes)
Event: 3.763 Thread 0x0000019bd3b83ee0 1791       3       jdk.internal.loader.AbstractClassLoaderValue::extractValue (17 bytes)
Event: 3.763 Thread 0x0000019bd3b83ee0 nmethod 1791 0x0000019bbf819388 code [0x0000019bbf8194c0, 0x0000019bbf819800]
Event: 3.763 Thread 0x0000019bd3b83ee0 1793       3       java.util.concurrent.ConcurrentHashMap$ValuesView::iterator (34 bytes)
Event: 3.763 Thread 0x0000019bd3b83ee0 nmethod 1793 0x0000019bbf819888 code [0x0000019bbf8199c0, 0x0000019bbf819be0]
Event: 3.763 Thread 0x0000019bd3b83ee0 1794       3       java.util.concurrent.ConcurrentHashMap$ValueIterator::<init> (12 bytes)
Event: 3.763 Thread 0x0000019bd3b83ee0 nmethod 1794 0x0000019bbf819c08 code [0x0000019bbf819d20, 0x0000019bbf819e58]
Event: 3.763 Thread 0x0000019bd3b83ee0 1792       1       sun.net.www.protocol.jar.JarURLConnection::access$000 (5 bytes)
Event: 3.763 Thread 0x0000019bd3b83ee0 nmethod 1792 0x0000019bc7119c08 code [0x0000019bc7119d20, 0x0000019bc7119dd0]
Event: 3.766 Thread 0x0000019bd3b83ee0 1795       3       com.google.common.cache.LocalCache::recordsAccess (5 bytes)
Event: 3.767 Thread 0x0000019bd3b83ee0 nmethod 1795 0x0000019bbf819f08 code [0x0000019bbf81a020, 0x0000019bbf81a1e8]
Event: 3.767 Thread 0x0000019bd3b83ee0 1796       3       com.google.common.cache.LocalCache::refreshes (15 bytes)
Event: 3.767 Thread 0x0000019bd3b83ee0 nmethod 1796 0x0000019bbf81a208 code [0x0000019bbf81a320, 0x0000019bbf81a488]

GC Heap History (11 events):
Event: 2.023 GC heap before
{Heap before GC invocations=0 (full 0):
 garbage-first heap   total reserved 2027520K, committed 126976K, used 23552K [0x0000000084400000, 0x0000000100000000)
  region size 1024K, 24 young (24576K), 0 survivors (0K)
 Metaspace       used 6211K, committed 6400K, reserved 1114112K
  class space    used 749K, committed 832K, reserved 1048576K
}
Event: 3.039 GC heap after
{Heap after GC invocations=1 (full 0):
 garbage-first heap   total reserved 2027520K, committed 126976K, used 3984K [0x0000000084400000, 0x0000000100000000)
  region size 1024K, 3 young (3072K), 3 survivors (3072K)
 Metaspace       used 6211K, committed 6400K, reserved 1114112K
  class space    used 749K, committed 832K, reserved 1048576K
}
Event: 3.095 GC heap before
{Heap before GC invocations=1 (full 0):
 garbage-first heap   total reserved 2027520K, committed 126976K, used 7056K [0x0000000084400000, 0x0000000100000000)
  region size 1024K, 6 young (6144K), 3 survivors (3072K)
 Metaspace       used 6333K, committed 6464K, reserved 1114112K
  class space    used 768K, committed 832K, reserved 1048576K
}
Event: 3.101 GC heap after
{Heap after GC invocations=2 (full 0):
 garbage-first heap   total reserved 2027520K, committed 126976K, used 4444K [0x0000000084400000, 0x0000000100000000)
  region size 1024K, 1 young (1024K), 1 survivors (1024K)
 Metaspace       used 6333K, committed 6464K, reserved 1114112K
  class space    used 768K, committed 832K, reserved 1048576K
}
Event: 3.251 GC heap before
{Heap before GC invocations=2 (full 0):
 garbage-first heap   total reserved 2027520K, committed 126976K, used 9564K [0x0000000084400000, 0x0000000100000000)
  region size 1024K, 6 young (6144K), 1 survivors (1024K)
 Metaspace       used 6498K, committed 6656K, reserved 1114112K
  class space    used 798K, committed 896K, reserved 1048576K
}
Event: 3.264 GC heap after
{Heap after GC invocations=3 (full 0):
 garbage-first heap   total reserved 2027520K, committed 126976K, used 4298K [0x0000000084400000, 0x0000000100000000)
  region size 1024K, 1 young (1024K), 1 survivors (1024K)
 Metaspace       used 6498K, committed 6656K, reserved 1114112K
  class space    used 798K, committed 896K, reserved 1048576K
}
Event: 3.459 GC heap before
{Heap before GC invocations=3 (full 0):
 garbage-first heap   total reserved 2027520K, committed 126976K, used 9418K [0x0000000084400000, 0x0000000100000000)
  region size 1024K, 6 young (6144K), 1 survivors (1024K)
 Metaspace       used 7077K, committed 7232K, reserved 1114112K
  class space    used 857K, committed 960K, reserved 1048576K
}
Event: 3.461 GC heap after
{Heap after GC invocations=4 (full 0):
 garbage-first heap   total reserved 2027520K, committed 126976K, used 4317K [0x0000000084400000, 0x0000000100000000)
  region size 1024K, 1 young (1024K), 1 survivors (1024K)
 Metaspace       used 7077K, committed 7232K, reserved 1114112K
  class space    used 857K, committed 960K, reserved 1048576K
}
Event: 3.578 GC heap before
{Heap before GC invocations=4 (full 0):
 garbage-first heap   total reserved 2027520K, committed 126976K, used 9437K [0x0000000084400000, 0x0000000100000000)
  region size 1024K, 6 young (6144K), 1 survivors (1024K)
 Metaspace       used 7509K, committed 7680K, reserved 1114112K
  class space    used 906K, committed 960K, reserved 1048576K
}
Event: 3.579 GC heap after
{Heap after GC invocations=5 (full 0):
 garbage-first heap   total reserved 2027520K, committed 126976K, used 4558K [0x0000000084400000, 0x0000000100000000)
  region size 1024K, 1 young (1024K), 1 survivors (1024K)
 Metaspace       used 7509K, committed 7680K, reserved 1114112K
  class space    used 906K, committed 960K, reserved 1048576K
}
Event: 3.767 GC heap before
{Heap before GC invocations=5 (full 0):
 garbage-first heap   total reserved 2027520K, committed 126976K, used 9678K [0x0000000084400000, 0x0000000100000000)
  region size 1024K, 6 young (6144K), 1 survivors (1024K)
 Metaspace       used 7848K, committed 8064K, reserved 1114112K
  class space    used 947K, committed 1024K, reserved 1048576K
}

Dll operation events (12 events):
Event: 0.013 Loaded shared library C:\Users\user1\.jdks\openjdk-23.0.1\bin\java.dll
Event: 0.048 Loaded shared library C:\Users\user1\.jdks\openjdk-23.0.1\bin\jsvml.dll
Event: 0.084 Loaded shared library C:\Users\user1\.jdks\openjdk-23.0.1\bin\zip.dll
Event: 0.088 Loaded shared library C:\Users\user1\.jdks\openjdk-23.0.1\bin\instrument.dll
Event: 0.092 Loaded shared library C:\Users\user1\.jdks\openjdk-23.0.1\bin\net.dll
Event: 0.094 Loaded shared library C:\Users\user1\.jdks\openjdk-23.0.1\bin\nio.dll
Event: 0.097 Loaded shared library C:\Users\user1\.jdks\openjdk-23.0.1\bin\zip.dll
Event: 0.111 Loaded shared library C:\Program Files\JetBrains\IntelliJ IDEA 2024.2.1\bin\breakgen64.dll
Event: 0.119 Loaded shared library C:\Users\user1\.jdks\openjdk-23.0.1\bin\extnet.dll
Event: 0.256 Loaded shared library C:\Users\user1\.jdks\openjdk-23.0.1\bin\jimage.dll
Event: 0.350 Loaded shared library C:\Users\user1\AppData\Local\Temp\jansi-2.4.3-b55c2778b1699215-jansi.dll
Event: 0.384 Loaded shared library C:\Users\user1\.jdks\openjdk-23.0.1\bin\verify.dll

Deoptimization events (20 events):
Event: 3.369 Thread 0x0000019bb4b65510 Uncommon trap: trap_request=0xffffff3d fr.pc=0x0000019bc70bb8f4 relative=0x0000000000000b74
Event: 3.369 Thread 0x0000019bb4b65510 Uncommon trap: reason=unstable_fused_if action=reinterpret pc=0x0000019bc70bb8f4 method=java.util.HashMap.resize()[Ljava/util/HashMap$Node; @ 31 c2
Event: 3.369 Thread 0x0000019bb4b65510 DEOPT PACKING pc=0x0000019bc70bb8f4 sp=0x000000660b4fd520
Event: 3.369 Thread 0x0000019bb4b65510 DEOPT UNPACKING pc=0x0000019bc6b37982 sp=0x000000660b4fd4a8 mode 2
Event: 3.370 Thread 0x0000019bb4b65510 Uncommon trap: trap_request=0xffffffc6 fr.pc=0x0000019bc70c0698 relative=0x00000000000003b8
Event: 3.370 Thread 0x0000019bb4b65510 Uncommon trap: reason=bimorphic_or_optimized_type_check action=maybe_recompile pc=0x0000019bc70c0698 method=java.util.concurrent.ConcurrentHashMap.get(Ljava/lang/Object;)Ljava/lang/Object; @ 149 c2
Event: 3.370 Thread 0x0000019bb4b65510 DEOPT PACKING pc=0x0000019bc70c0698 sp=0x000000660b4fcf40
Event: 3.370 Thread 0x0000019bb4b65510 DEOPT UNPACKING pc=0x0000019bc6b37982 sp=0x000000660b4fcec0 mode 2
Event: 3.372 Thread 0x0000019bb4b65510 Uncommon trap: trap_request=0xffffffc6 fr.pc=0x0000019bc70c0698 relative=0x00000000000003b8
Event: 3.372 Thread 0x0000019bb4b65510 Uncommon trap: reason=bimorphic_or_optimized_type_check action=maybe_recompile pc=0x0000019bc70c0698 method=java.util.concurrent.ConcurrentHashMap.get(Ljava/lang/Object;)Ljava/lang/Object; @ 149 c2
Event: 3.372 Thread 0x0000019bb4b65510 DEOPT PACKING pc=0x0000019bc70c0698 sp=0x000000660b4fcf40
Event: 3.372 Thread 0x0000019bb4b65510 DEOPT UNPACKING pc=0x0000019bc6b37982 sp=0x000000660b4fcec0 mode 2
Event: 3.538 Thread 0x0000019bb4b65510 Uncommon trap: trap_request=0xffffff45 fr.pc=0x0000019bc710596c relative=0x000000000000062c
Event: 3.538 Thread 0x0000019bb4b65510 Uncommon trap: reason=unstable_if action=reinterpret pc=0x0000019bc710596c method=java.lang.String.<init>([CIILjava/lang/Void;)V @ 5 c2
Event: 3.538 Thread 0x0000019bb4b65510 DEOPT PACKING pc=0x0000019bc710596c sp=0x000000660b4fdc90
Event: 3.539 Thread 0x0000019bb4b65510 DEOPT UNPACKING pc=0x0000019bc6b37982 sp=0x000000660b4fdb30 mode 2
Event: 3.607 Thread 0x0000019bb4b65510 DEOPT PACKING pc=0x0000019bbf78904f sp=0x000000660b4fde80
Event: 3.607 Thread 0x0000019bb4b65510 DEOPT UNPACKING pc=0x0000019bc6b384c2 sp=0x000000660b4fd2f0 mode 0
Event: 3.699 Thread 0x0000019bb4b65510 DEOPT PACKING pc=0x0000019bbf61189c sp=0x000000660b4fdc40
Event: 3.699 Thread 0x0000019bb4b65510 DEOPT UNPACKING pc=0x0000019bc6b384c2 sp=0x000000660b4fd140 mode 0

Classes loaded (20 events):
Event: 1.977 Loading class java/lang/reflect/ParameterizedType
Event: 1.977 Loading class java/lang/reflect/ParameterizedType done
Event: 1.982 Loading class java/lang/reflect/WildcardType
Event: 1.982 Loading class java/lang/reflect/WildcardType done
Event: 1.984 Loading class sun/reflect/generics/tree/TypeVariableSignature
Event: 1.984 Loading class sun/reflect/generics/tree/TypeVariableSignature done
Event: 2.003 Loading class java/lang/annotation/IncompleteAnnotationException
Event: 2.003 Loading class java/lang/annotation/IncompleteAnnotationException done
Event: 3.092 Loading class java/lang/foreign/MemorySegment
Event: 3.093 Loading class java/lang/foreign/MemorySegment done
Event: 3.297 Loading class sun/reflect/generics/reflectiveObjects/TypeVariableImpl
Event: 3.298 Loading class sun/reflect/generics/reflectiveObjects/LazyReflectiveObjectGenerator
Event: 3.299 Loading class sun/reflect/generics/reflectiveObjects/LazyReflectiveObjectGenerator done
Event: 3.299 Loading class sun/reflect/generics/reflectiveObjects/TypeVariableImpl done
Event: 3.299 Loading class sun/reflect/generics/reflectiveObjects/ParameterizedTypeImpl
Event: 3.299 Loading class sun/reflect/generics/reflectiveObjects/ParameterizedTypeImpl done
Event: 3.368 Loading class java/lang/ArrayIndexOutOfBoundsException
Event: 3.368 Loading class java/lang/ArrayIndexOutOfBoundsException done
Event: 3.751 Loading class java/lang/Deprecated
Event: 3.752 Loading class java/lang/Deprecated done

Classes unloaded (0 events):
No events

Classes redefined (0 events):
No events

Internal exceptions (16 events):
Event: 0.108 Thread 0x0000019bb4b65510 Exception <a 'java/lang/NoSuchMethodError'{0x000000008bd5c610}: 'java.lang.Object java.lang.invoke.Invokers$Holder.invokeExact_MT(java.lang.Object, java.lang.Object, java.lang.Object, java.lang.Object, java.lang.Object)'> (0x000000008bd5c610) 
thrown [s\open\src\hotspot\share\interpreter\linkResolver.cpp, line 796]
Event: 0.121 Thread 0x0000019bd3dfd610 Exception <a 'java/lang/NoSuchMethodError'{0x000000008bd84450}: 'void java.lang.invoke.DirectMethodHandle$Holder.invokeStatic(java.lang.Object, java.lang.Object)'> (0x000000008bd84450) 
thrown [s\open\src\hotspot\share\interpreter\linkResolver.cpp, line 796]
Event: 0.140 Thread 0x0000019bb4b65510 Exception <a 'java/lang/NoSuchMethodError'{0x000000008bc68fc8}: 'int java.lang.invoke.DirectMethodHandle$Holder.invokeSpecial(java.lang.Object, java.lang.Object, java.lang.Object)'> (0x000000008bc68fc8) 
thrown [s\open\src\hotspot\share\interpreter\linkResolver.cpp, line 796]
Event: 0.248 Thread 0x0000019bb4b65510 Exception <a 'java/lang/NullPointerException'{0x000000008b973690}> (0x000000008b973690) 
thrown [s\open\src\hotspot\share\interpreter\linkResolver.cpp, line 1389]
Event: 0.265 Thread 0x0000019bb4b65510 Exception <a 'sun/nio/fs/WindowsException'{0x000000008b9a5d58}> (0x000000008b9a5d58) 
thrown [s\open\src\hotspot\share\prims\jni.cpp, line 520]
Event: 0.405 Thread 0x0000019bb4b65510 Exception <a 'java/lang/NoSuchMethodError'{0x000000008b8da5c8}: 'void java.lang.invoke.DirectMethodHandle$Holder.invokeVirtual(java.lang.Object, java.lang.Object)'> (0x000000008b8da5c8) 
thrown [s\open\src\hotspot\share\interpreter\linkResolver.cpp, line 796]
Event: 0.408 Thread 0x0000019bb4b65510 Exception <a 'java/lang/NoSuchMethodError'{0x000000008b8f76c0}: 'void java.lang.invoke.DirectMethodHandle$Holder.invokeStaticInit(java.lang.Object, java.lang.Object)'> (0x000000008b8f76c0) 
thrown [s\open\src\hotspot\share\interpreter\linkResolver.cpp, line 796]
Event: 0.412 Thread 0x0000019bb4b65510 Exception <a 'java/lang/NoSuchMethodError'{0x000000008b712cf0}: 'void java.lang.invoke.DirectMethodHandle$Holder.invokeSpecial(java.lang.Object, java.lang.Object, java.lang.Object, java.lang.Object, java.lang.Object)'> (0x000000008b712cf0) 
thrown [s\open\src\hotspot\share\interpreter\linkResolver.cpp, line 796]
Event: 0.498 Thread 0x0000019bb4b65510 Exception <a 'java/lang/NoSuchMethodError'{0x000000008b51b318}: 'java.lang.Object java.lang.invoke.DirectMethodHandle$Holder.invokeSpecialIFC(java.lang.Object, java.lang.Object, java.lang.Object, java.lang.Object)'> (0x000000008b51b318) 
thrown [s\open\src\hotspot\share\interpreter\linkResolver.cpp, line 796]
Event: 0.730 Thread 0x0000019bb4b65510 Exception <a 'java/lang/NoSuchMethodError'{0x000000008ae1d1d0}: 'void java.lang.invoke.DirectMethodHandle$Holder.invokeSpecial(java.lang.Object, java.lang.Object, java.lang.Object)'> (0x000000008ae1d1d0) 
thrown [s\open\src\hotspot\share\interpreter\linkResolver.cpp, line 796]
Event: 1.800 Thread 0x0000019bb4b65510 Exception <a 'java/lang/NoSuchMethodError'{0x000000008adaae28}: 'java.lang.Object java.lang.invoke.DirectMethodHandle$Holder.invokeInterface(java.lang.Object, java.lang.Object)'> (0x000000008adaae28) 
thrown [s\open\src\hotspot\share\interpreter\linkResolver.cpp, line 796]
Event: 1.829 Thread 0x0000019bb4b65510 Exception <a 'java/lang/NoSuchMethodError'{0x000000008ac6b810}: 'int java.lang.invoke.DirectMethodHandle$Holder.invokeStatic(java.lang.Object, java.lang.Object, java.lang.Object, java.lang.Object)'> (0x000000008ac6b810) 
thrown [s\open\src\hotspot\share\interpreter\linkResolver.cpp, line 796]
Event: 1.831 Thread 0x0000019bb4b65510 Exception <a 'java/lang/NoSuchMethodError'{0x000000008ac7a090}: 'int java.lang.invoke.DirectMethodHandle$Holder.invokeSpecialIFC(java.lang.Object, java.lang.Object, java.lang.Object, java.lang.Object, java.lang.Object)'> (0x000000008ac7a090) 
thrown [s\open\src\hotspot\share\interpreter\linkResolver.cpp, line 796]
Event: 1.921 Thread 0x0000019bb4b65510 Exception <a 'java/lang/NoSuchMethodError'{0x000000008aa6d338}: 'void java.lang.invoke.DirectMethodHandle$Holder.invokeStatic(java.lang.Object, int, java.lang.Object)'> (0x000000008aa6d338) 
thrown [s\open\src\hotspot\share\interpreter\linkResolver.cpp, line 796]
Event: 1.994 Thread 0x0000019bb4b65510 Exception <a 'java/lang/NoSuchMethodError'{0x000000008a825648}: 'int java.lang.invoke.DirectMethodHandle$Holder.invokeStaticInit(java.lang.Object, java.lang.Object)'> (0x000000008a825648) 
thrown [s\open\src\hotspot\share\interpreter\linkResolver.cpp, line 796]
Event: 2.003 Thread 0x0000019bb4b65510 Exception <a 'java/lang/NoClassDefFoundError'{0x000000008a864ca8}: javax/enterprise/inject/Typed> (0x000000008a864ca8) 
thrown [s\open\src\hotspot\share\classfile\systemDictionary.cpp, line 302]

VM Operations (17 events):
Event: 0.071 Executing VM operation: HandshakeAllThreads (Deoptimize)
Event: 0.071 Executing VM operation: HandshakeAllThreads (Deoptimize) done
Event: 0.247 Executing VM operation: HandshakeAllThreads (Deoptimize)
Event: 0.247 Executing VM operation: HandshakeAllThreads (Deoptimize) done
Event: 0.260 Executing VM operation: HandshakeAllThreads (Deoptimize)
Event: 0.260 Executing VM operation: HandshakeAllThreads (Deoptimize) done
Event: 2.022 Executing VM operation: G1CollectForAllocation (G1 Evacuation Pause)
Event: 3.039 Executing VM operation: G1CollectForAllocation (G1 Evacuation Pause) done
Event: 3.095 Executing VM operation: G1CollectForAllocation (G1 Evacuation Pause)
Event: 3.101 Executing VM operation: G1CollectForAllocation (G1 Evacuation Pause) done
Event: 3.251 Executing VM operation: G1CollectForAllocation (G1 Evacuation Pause)
Event: 3.264 Executing VM operation: G1CollectForAllocation (G1 Evacuation Pause) done
Event: 3.459 Executing VM operation: G1CollectForAllocation (G1 Evacuation Pause)
Event: 3.461 Executing VM operation: G1CollectForAllocation (G1 Evacuation Pause) done
Event: 3.578 Executing VM operation: G1CollectForAllocation (G1 Evacuation Pause)
Event: 3.579 Executing VM operation: G1CollectForAllocation (G1 Evacuation Pause) done
Event: 3.767 Executing VM operation: G1CollectForAllocation (G1 Evacuation Pause)

Memory protections (0 events):
No events

Nmethod flushes (0 events):
No events

Events (17 events):
Event: 0.032 Thread 0x0000019bb4b65510 Thread added: 0x0000019bb4b65510
Event: 0.045 Thread 0x0000019bb4b65510 Thread added: 0x0000019bd3b4aeb0
Event: 0.045 Thread 0x0000019bb4b65510 Thread added: 0x0000019bd3b4c480
Event: 0.045 Thread 0x0000019bb4b65510 Thread added: 0x0000019bd3b50c00
Event: 0.045 Thread 0x0000019bb4b65510 Thread added: 0x0000019bd3b52000
Event: 0.045 Thread 0x0000019bb4b65510 Thread added: 0x0000019bd3b587e0
Event: 0.045 Thread 0x0000019bb4b65510 Thread added: 0x0000019bd3b54c50
Event: 0.045 Thread 0x0000019bb4b65510 Thread added: 0x0000019bd3b81420
Event: 0.046 Thread 0x0000019bb4b65510 Thread added: 0x0000019bd3b83ee0
Event: 0.065 Thread 0x0000019bb4b65510 Thread added: 0x0000019bd3b1d380
Event: 0.077 Thread 0x0000019bd3b83ee0 Thread added: 0x0000019bd3cd0340
Event: 0.111 Thread 0x0000019bb4b65510 Thread added: 0x0000019bd3dfd610
Event: 0.111 Thread 0x0000019bb4b65510 Thread added: 0x0000019bd3dfdc80
Event: 0.251 Thread 0x0000019bb4b65510 Thread added: 0x0000019c190a1240
Event: 0.264 Thread 0x0000019c190a1240 Thread exited: 0x0000019c190a1240
Event: 1.800 Thread 0x0000019bd3cd0340 Thread exited: 0x0000019bd3cd0340
Event: 3.043 Thread 0x0000019bd3b83ee0 Thread added: 0x0000019bd3cd2c20


Dynamic libraries:
0x00007ff67b970000 - 0x00007ff67b97e000 	C:\Users\user1\.jdks\openjdk-23.0.1\bin\java.exe
0x00007ffdc3b00000 - 0x00007ffdc3d66000 	C:\WINDOWS\SYSTEM32\ntdll.dll
0x00007ffdc2220000 - 0x00007ffdc22e9000 	C:\WINDOWS\System32\KERNEL32.DLL
0x00007ffdc0f90000 - 0x00007ffdc138a000 	C:\WINDOWS\System32\KERNELBASE.dll
0x00007ffdc0d90000 - 0x00007ffdc0edc000 	C:\WINDOWS\System32\ucrtbase.dll
0x00007ffd95650000 - 0x00007ffd9566b000 	C:\Users\user1\.jdks\openjdk-23.0.1\bin\VCRUNTIME140.dll
0x00007ffd92fe0000 - 0x00007ffd92ff7000 	C:\Users\user1\.jdks\openjdk-23.0.1\bin\jli.dll
0x00007ffdc38f0000 - 0x00007ffdc3ab7000 	C:\WINDOWS\System32\USER32.dll
0x00007ffdc1510000 - 0x00007ffdc1537000 	C:\WINDOWS\System32\win32u.dll
0x00007ffd9b900000 - 0x00007ffd9bb92000 	C:\WINDOWS\WinSxS\amd64_microsoft.windows.common-controls_6595b64144ccf1df_6.0.26100.8521_none_3e08b75ce33403b3\COMCTL32.dll
0x00007ffdc1f80000 - 0x00007ffdc1fab000 	C:\WINDOWS\System32\GDI32.dll
0x00007ffdc2d90000 - 0x00007ffdc2e39000 	C:\WINDOWS\System32\msvcrt.dll
0x00007ffdc15f0000 - 0x00007ffdc171b000 	C:\WINDOWS\System32\gdi32full.dll
0x00007ffdc0ee0000 - 0x00007ffdc0f83000 	C:\WINDOWS\System32\msvcp_win.dll
0x00007ffdc1d60000 - 0x00007ffdc1d92000 	C:\WINDOWS\System32\IMM32.DLL
0x00007ffd9e6a0000 - 0x00007ffd9e6ac000 	C:\Users\user1\.jdks\openjdk-23.0.1\bin\vcruntime140_1.dll
0x00007ffd8a850000 - 0x00007ffd8a8de000 	C:\Users\user1\.jdks\openjdk-23.0.1\bin\msvcp140.dll
0x00007ffd5c120000 - 0x00007ffd5ce6f000 	C:\Users\user1\.jdks\openjdk-23.0.1\bin\server\jvm.dll
0x00007ffdc1fe0000 - 0x00007ffdc2096000 	C:\WINDOWS\System32\ADVAPI32.dll
0x00007ffdc2ce0000 - 0x00007ffdc2d8a000 	C:\WINDOWS\System32\sechost.dll
0x00007ffdc20b0000 - 0x00007ffdc21c8000 	C:\WINDOWS\System32\RPCRT4.dll
0x00007ffdc3860000 - 0x00007ffdc38e0000 	C:\WINDOWS\System32\WS2_32.dll
0x00007ffdc0bf0000 - 0x00007ffdc0c4e000 	C:\WINDOWS\SYSTEM32\POWRPROF.dll
0x00007ffdaedf0000 - 0x00007ffdaedfb000 	C:\WINDOWS\SYSTEM32\VERSION.dll
0x00007ffdb6210000 - 0x00007ffdb6246000 	C:\WINDOWS\SYSTEM32\WINMM.dll
0x00007ffdc0bd0000 - 0x00007ffdc0be4000 	C:\WINDOWS\SYSTEM32\UMPDC.dll
0x00007ffdbfae0000 - 0x00007ffdbfafb000 	C:\WINDOWS\SYSTEM32\kernel.appcore.dll
0x00007ffd9c1f0000 - 0x00007ffd9c1fa000 	C:\Users\user1\.jdks\openjdk-23.0.1\bin\jimage.dll
0x00007ffdbdbf0000 - 0x00007ffdbde32000 	C:\WINDOWS\SYSTEM32\DBGHELP.DLL
0x00007ffdc2e40000 - 0x00007ffdc31c3000 	C:\WINDOWS\System32\combase.dll
0x00007ffdc1c80000 - 0x00007ffdc1d59000 	C:\WINDOWS\System32\OLEAUT32.dll
0x00007ffd8e6c0000 - 0x00007ffd8e6fb000 	C:\WINDOWS\SYSTEM32\dbgcore.DLL
0x00007ffdc1540000 - 0x00007ffdc15e8000 	C:\WINDOWS\System32\bcryptPrimitives.dll
0x00007ffd99600000 - 0x00007ffd9960f000 	C:\Users\user1\.jdks\openjdk-23.0.1\bin\instrument.dll
0x00007ffd92fc0000 - 0x00007ffd92fde000 	C:\Users\user1\.jdks\openjdk-23.0.1\bin\java.dll
0x00007ffdc1870000 - 0x00007ffdc1a08000 	C:\WINDOWS\System32\ole32.dll
0x00007ffdc22f0000 - 0x00007ffdc2a74000 	C:\WINDOWS\System32\SHELL32.dll
0x00007ffdbe910000 - 0x00007ffdbf190000 	C:\WINDOWS\SYSTEM32\windows.storage.dll
0x00007ffdc1da0000 - 0x00007ffdc1e96000 	C:\WINDOWS\System32\SHCORE.dll
0x00007ffdc2c60000 - 0x00007ffdc2cc7000 	C:\WINDOWS\System32\shlwapi.dll
0x00007ffdc0cb0000 - 0x00007ffdc0cd9000 	C:\WINDOWS\SYSTEM32\profapi.dll
0x00007ffd64660000 - 0x00007ffd64737000 	C:\Users\user1\.jdks\openjdk-23.0.1\bin\jsvml.dll
0x00007ffd8ee60000 - 0x00007ffd8ee77000 	C:\Users\user1\.jdks\openjdk-23.0.1\bin\zip.dll
0x00007ffd96ee0000 - 0x00007ffd96ef0000 	C:\Users\user1\.jdks\openjdk-23.0.1\bin\net.dll
0x00007ffdc0030000 - 0x00007ffdc009c000 	C:\WINDOWS\system32\mswsock.dll
0x00007ffd8b7a0000 - 0x00007ffd8b7b6000 	C:\Users\user1\.jdks\openjdk-23.0.1\bin\nio.dll
0x00007ffd8b110000 - 0x00007ffd8b12a000 	C:\Program Files\JetBrains\IntelliJ IDEA 2024.2.1\bin\breakgen64.dll
0x00007ffd96de0000 - 0x00007ffd96de9000 	C:\Users\user1\.jdks\openjdk-23.0.1\bin\extnet.dll
0x00007ffd8ab70000 - 0x00007ffd8ab94000 	C:\Users\user1\AppData\Local\Temp\jansi-2.4.3-b55c2778b1699215-jansi.dll
0x00007ffd956a0000 - 0x00007ffd956b0000 	C:\Users\user1\.jdks\openjdk-23.0.1\bin\verify.dll

dbghelp: loaded successfully - version: 4.0.5 - missing functions: none
symbol engine: initialized successfully - sym options: 0x614 - pdb path: .;C:\Users\user1\.jdks\openjdk-23.0.1\bin;C:\WINDOWS\SYSTEM32;C:\WINDOWS\WinSxS\amd64_microsoft.windows.common-controls_6595b64144ccf1df_6.0.26100.8521_none_3e08b75ce33403b3;C:\Users\user1\.jdks\openjdk-23.0.1\bin\server;C:\Program Files\JetBrains\IntelliJ IDEA 2024.2.1\bin;C:\Users\user1\AppData\Local\Temp

VM Arguments:
jvm_args: -Dmaven.multiModuleProjectDirectory=C:\Users\user1\Downloads\impression-backend\impression-backend -Djansi.passthrough=true -Dmaven.home=C:\Users\user1\.m2\wrapper\dists\apache-maven-3.9.16-bin\5grr65jo27hi51sujmtcldfovl\apache-maven-3.9.16 -Dclassworlds.conf=C:\Users\user1\.m2\wrapper\dists\apache-maven-3.9.16-bin\5grr65jo27hi51sujmtcldfovl\apache-maven-3.9.16\bin\m2.conf -Dmaven.ext.class.path=C:\Program Files\JetBrains\IntelliJ IDEA 2024.2.1\plugins\maven\lib\maven-event-listener.jar -javaagent:C:\Program Files\JetBrains\IntelliJ IDEA 2024.2.1\lib\idea_rt.jar=55485:C:\Program Files\JetBrains\IntelliJ IDEA 2024.2.1\bin -Dfile.encoding=UTF-8 -Dsun.stdout.encoding=UTF-8 -Dsun.stderr.encoding=UTF-8 
java_command: org.codehaus.classworlds.Launcher -Didea.version=2024.2.1 clean
java_class_path (initial): C:\Users\user1\.m2\wrapper\dists\apache-maven-3.9.16-bin\5grr65jo27hi51sujmtcldfovl\apache-maven-3.9.16\boot\plexus-classworlds-2.11.0.jar;C:\Users\user1\.m2\wrapper\dists\apache-maven-3.9.16-bin\5grr65jo27hi51sujmtcldfovl\apache-maven-3.9.16\boot\plexus-classworlds.license
Launcher Type: SUN_STANDARD

[Global flags]
     intx CICompilerCount                          = 4                                         {product} {ergonomic}
     uint ConcGCThreads                            = 2                                         {product} {ergonomic}
     uint G1ConcRefinementThreads                  = 8                                         {product} {ergonomic}
   size_t G1HeapRegionSize                         = 1048576                                   {product} {ergonomic}
   size_t InitialHeapSize                          = 130023424                                 {product} {ergonomic}
   size_t MarkStackSize                            = 4194304                                   {product} {ergonomic}
   size_t MarkStackSizeMax                         = 536870912                                 {product} {ergonomic}
   size_t MaxHeapSize                              = 2076180480                                {product} {ergonomic}
   size_t MaxNewSize                               = 1245708288                                {product} {ergonomic}
   size_t MinHeapDeltaBytes                        = 1048576                                   {product} {ergonomic}
   size_t MinHeapSize                              = 8388608                                   {product} {ergonomic}
    uintx NonNMethodCodeHeapSize                   = 5832704                                {pd product} {ergonomic}
    uintx NonProfiledCodeHeapSize                  = 122945536                              {pd product} {ergonomic}
    uintx ProfiledCodeHeapSize                     = 122880000                              {pd product} {ergonomic}
    uintx ReservedCodeCacheSize                    = 251658240                              {pd product} {ergonomic}
     bool SegmentedCodeCache                       = true                                      {product} {ergonomic}
   size_t SoftMaxHeapSize                          = 2076180480                             {manageable} {ergonomic}
     bool UseCompressedOops                        = true                           {product lp64_product} {ergonomic}
     bool UseG1GC                                  = true                                      {product} {ergonomic}
     bool UseLargePagesIndividualAllocation        = false                                  {pd product} {ergonomic}

Logging:
Log output configuration:
 #0: stdout all=warning uptime,level,tags foldmultilines=false
 #1: stderr all=off uptime,level,tags foldmultilines=false

Environment Variables:
PATH=C:\Program Files\Common Files\Oracle\Java\javapath;C:\Program Files (x86)\Common Files\Oracle\Java\java8path;C:\Program Files (x86)\Common Files\Oracle\Java\javapath;C:\WINDOWS\system32;C:\WINDOWS;C:\WINDOWS\System32\Wbem;C:\WINDOWS\System32\WindowsPowerShell\v1.0\;C:\WINDOWS\System32\OpenSSH\;C:\Users\user1\Downloads\apache-maven-3.9.8-bin\apache-maven-3.9.8\bin;C:\Program Files\Git\cmd;C:\Users\user1\AppData\Roaming\nvm;C:\Program Files\nodejs;C:\Users\user1\Downloads\sonarscanner\bin;C:\Users\user1\AppData\Roaming\npm;C:\Users\user1\AppData\Local\Pub\Cache\bin;C:\Users\user1\Downloads\protoc-29.1-win64\bin;C:\Users\user1\Downloads\protobuf-javascript-3.21.4-win64\protobuf-javascript-3.21.4-win64\bin;C:\Users\user1\AppData\Local\Programs\Python\Python313\Scripts\;C:\Users\user1\AppData\Local\Programs\Python\Python313\;C:\Program Files\dotnet\;C:\Program Files\nodejs\;C:\Users\user1\AppData\Local\Programs\Python\Python313\Scripts\;C:\Users\user1\AppData\Local\Programs\Python\Python313\;C:\Users\user1\AppData\Local\Microsoft\WindowsApps;C:\Users\user1\AppData\Local\Programs\Microsoft VS Code\bin;C:\src\flutter_windows_3.24.0-stable\flutter\bin;C:\Program Files\JetBrains\IntelliJ IDEA 2024.2.1\bin;;C:\Users\user1\AppData\Roaming\nvm;C:\Program Files\nodejs;C:\Users\user1\AppData\Local\Pub\Cache\bin;C:\Users\user1\AppData\Roaming\npm;C:\Users\user1\AppData\Local\Python\bin
USERNAME=user1
OS=Windows_NT
PROCESSOR_IDENTIFIER=Intel64 Family 6 Model 140 Stepping 1, GenuineIntel
TMP=C:\Users\user1\AppData\Local\Temp
TEMP=C:\Users\user1\AppData\Local\Temp




Periodic native trim disabled

---------------  S Y S T E M  ---------------

OS:
 Windows 11 , 64 bit Build 26100 (10.0.26100.8521)
OS uptime: 6 days 3:57 hours
Hyper-V role detected

CPU: total 8 (initial active 8) (4 cores per cpu, 2 threads per core) family 6 model 140 stepping 1 microcode 0xbe, cx8, cmov, fxsr, ht, mmx, 3dnowpref, sse, sse2, sse3, ssse3, sse4.1, sse4.2, popcnt, lzcnt, tsc, tscinvbit, avx, avx2, aes, erms, clmul, bmi1, bmi2, adx, avx512f, avx512dq, avx512cd, avx512bw, avx512vl, sha, fma, vzeroupper, avx512_vpopcntdq, avx512_vpclmulqdq, avx512_vaes, avx512_vnni, clflush, clflushopt, clwb, avx512_vbmi2, avx512_vbmi, hv, rdtscp, rdpid, fsrm, gfni, avx512_bitalg, f16c, cet_ibt, cet_ss, avx512_ifma
Processor Information for the first 8 processors :
  Max Mhz: 1498, Current Mhz: 1498, Mhz Limit: 1498

Memory: 4k page, system-wide physical 7914M (545M free)
TotalPageFile size 32490M (AvailPageFile size 36M)
current process WorkingSet (physical memory assigned to process): 90M, peak: 99M
current process commit charge ("private bytes"): 222M, peak: 360M

vm_info: OpenJDK 64-Bit Server VM (23.0.1+11-39) for windows-amd64 JRE (23.0.1+11-39), built on 2024-09-30T07:20:43Z with MS VC++ 17.6 (VS2022)

END.
