#
# There is insufficient memory for the Java Runtime Environment to continue.
# Native memory allocation (malloc) failed to allocate 190896 bytes. Error detail: Chunk::new
# Possible reasons:
#   The system is out of physical RAM or swap space
#   This process is running with CompressedOops enabled, and the Java Heap may be blocking the growth of the native heap
# Possible solutions:
#   Reduce memory load on the system
#   Increase physical memory or swap space
#   Check if swap backing store is full
#   Decrease Java heap size (-Xmx/-Xms)
#   Decrease number of Java threads
#   Decrease Java thread stack sizes (-Xss)
#   Set larger code cache with -XX:ReservedCodeCacheSize=
#   JVM is running with Unscaled Compressed Oops mode in which the Java heap is
#     placed in the first 4GB address space. The Java Heap base address is the
#     maximum limit for the native heap growth. Please use -XX:HeapBaseMinAddress
#     to set the Java Heap base and to place the Java Heap above 4GB virtual address.
# This output file may be truncated or incomplete.
#
#  Out of Memory Error (arena.cpp:149), pid=26844, tid=2544
#
# JRE version: OpenJDK Runtime Environment (23.0.1+11) (build 23.0.1+11-39)
# Java VM: OpenJDK 64-Bit Server VM (23.0.1+11-39, mixed mode, sharing, tiered, compressed oops, compressed class ptrs, g1 gc, windows-amd64)
# No core dump will be written. Minidumps are not enabled by default on client versions of Windows
#

---------------  S U M M A R Y ------------

Command Line: -Dmaven.multiModuleProjectDirectory=C:\Users\user1\Downloads\impression-backend\impression-backend -Djansi.passthrough=true -Dmaven.home=C:\Users\user1\.m2\wrapper\dists\apache-maven-3.9.16-bin\5grr65jo27hi51sujmtcldfovl\apache-maven-3.9.16 -Dclassworlds.conf=C:\Users\user1\.m2\wrapper\dists\apache-maven-3.9.16-bin\5grr65jo27hi51sujmtcldfovl\apache-maven-3.9.16\bin\m2.conf -Dmaven.ext.class.path=C:\Program Files\JetBrains\IntelliJ IDEA 2024.2.1\plugins\maven\lib\maven-event-listener.jar -javaagent:C:\Program Files\JetBrains\IntelliJ IDEA 2024.2.1\lib\idea_rt.jar=62397:C:\Program Files\JetBrains\IntelliJ IDEA 2024.2.1\bin -Dfile.encoding=UTF-8 -Dsun.stdout.encoding=UTF-8 -Dsun.stderr.encoding=UTF-8 org.codehaus.classworlds.Launcher -Didea.version=2024.2.1 clean

Host: 11th Gen Intel(R) Core(TM) i5-1145G7 @ 2.60GHz, 8 cores, 7G,  Windows 11 , 64 bit Build 26100 (10.0.26100.8521)
Time: Thu Jul 16 15:49:16 2026 Maroc (heure d64 bit Build 26100 (10.0.26100.8521) elapsed time: 4.702830 seconds (0d 0h 0m 4s)

---------------  T H R E A D  ---------------

Current thread (0x0000020c9814ff60):  JavaThread "C2 CompilerThread1" daemon [_thread_in_native, id=2544, stack(0x000000bfd8700000,0x000000bfd8800000) (1024K)]


Current CompileTask:
C2:4702 2386       4       java.lang.reflect.Executable::getAnnotation (23 bytes)

Stack: [0x000000bfd8700000,0x000000bfd8800000]
Native frames: (J=compiled Java code, j=interpreted, Vv=VM code, C=native code)
V  [jvm.dll+0x6e08b9]  (no source info available)
V  [jvm.dll+0x87dc83]  (no source info available)
V  [jvm.dll+0x88010e]  (no source info available)
V  [jvm.dll+0x8807e3]  (no source info available)
V  [jvm.dll+0x27aee6]  (no source info available)
V  [jvm.dll+0xbc06f]  (no source info available)
V  [jvm.dll+0xbc2cb]  (no source info available)
V  [jvm.dll+0x2ee94d]  (no source info available)
V  [jvm.dll+0x6063d9]  (no source info available)
V  [jvm.dll+0x24ddf2]  (no source info available)
V  [jvm.dll+0x2467f7]  (no source info available)
V  [jvm.dll+0x243d04]  (no source info available)
V  [jvm.dll+0x1c33a0]  (no source info available)
V  [jvm.dll+0x253cf1]  (no source info available)
V  [jvm.dll+0x251faa]  (no source info available)
V  [jvm.dll+0x3ee036]  (no source info available)
V  [jvm.dll+0x824f8b]  (no source info available)
V  [jvm.dll+0x6df065]  (no source info available)
C  [ucrtbase.dll+0x2cd30]  (no source info available)
C  [KERNEL32.DLL+0x2e957]  (no source info available)
C  [ntdll.dll+0x87c1c]  (no source info available)

Lock stack of current Java thread (top to bottom):


---------------  P R O C E S S  ---------------

Threads class SMR info:
_java_thread_list=0x0000020c98187270, length=13, elements={
0x0000020c3565d500, 0x0000020c523844b0, 0x0000020c52384f10, 0x0000020c5204d800,
0x0000020c5204e260, 0x0000020c52387f70, 0x0000020c523889d0, 0x0000020c52392780,
0x0000020c52396860, 0x0000020c520252c0, 0x0000020c5263cb10, 0x0000020c5263d180,
0x0000020c9814ff60
}

Java Threads: ( => current thread )
  0x0000020c3565d500 JavaThread "main"                              [_thread_in_vm, id=12188, stack(0x000000bfd6d00000,0x000000bfd6e00000) (1024K)]
  0x0000020c523844b0 JavaThread "Reference Handler"          daemon [_thread_blocked, id=25872, stack(0x000000bfd7500000,0x000000bfd7600000) (1024K)]
  0x0000020c52384f10 JavaThread "Finalizer"                  daemon [_thread_blocked, id=27196, stack(0x000000bfd7600000,0x000000bfd7700000) (1024K)]
  0x0000020c5204d800 JavaThread "Signal Dispatcher"          daemon [_thread_blocked, id=8160, stack(0x000000bfd7700000,0x000000bfd7800000) (1024K)]
  0x0000020c5204e260 JavaThread "Attach Listener"            daemon [_thread_blocked, id=12024, stack(0x000000bfd7800000,0x000000bfd7900000) (1024K)]
  0x0000020c52387f70 JavaThread "Service Thread"             daemon [_thread_blocked, id=13900, stack(0x000000bfd7900000,0x000000bfd7a00000) (1024K)]
  0x0000020c523889d0 JavaThread "Monitor Deflation Thread"   daemon [_thread_blocked, id=8208, stack(0x000000bfd7a00000,0x000000bfd7b00000) (1024K)]
  0x0000020c52392780 JavaThread "C2 CompilerThread0"         daemon [_thread_blocked, id=29328, stack(0x000000bfd7b00000,0x000000bfd7c00000) (1024K)]
  0x0000020c52396860 JavaThread "C1 CompilerThread0"         daemon [_thread_blocked, id=17716, stack(0x000000bfd7c00000,0x000000bfd7d00000) (1024K)]
  0x0000020c520252c0 JavaThread "Common-Cleaner"             daemon [_thread_blocked, id=13400, stack(0x000000bfd7d00000,0x000000bfd7e00000) (1024K)]
  0x0000020c5263cb10 JavaThread "Monitor Ctrl-Break"         daemon [_thread_in_native, id=24072, stack(0x000000bfd7f00000,0x000000bfd8000000) (1024K)]
  0x0000020c5263d180 JavaThread "Notification Thread"        daemon [_thread_blocked, id=3880, stack(0x000000bfd8000000,0x000000bfd8100000) (1024K)]
=>0x0000020c9814ff60 JavaThread "C2 CompilerThread1"         daemon [_thread_in_native, id=2544, stack(0x000000bfd8700000,0x000000bfd8800000) (1024K)]
Total: 13

Other Threads:
  0x0000020c520367d0 VMThread "VM Thread"                           [id=24644, stack(0x000000bfd7400000,0x000000bfd7500000) (1024K)]
  0x0000020c52024610 WatcherThread "VM Periodic Task Thread"        [id=29504, stack(0x000000bfd7300000,0x000000bfd7400000) (1024K)]
  0x0000020c356b4c70 WorkerThread "GC Thread#0"                     [id=28432, stack(0x000000bfd6e00000,0x000000bfd6f00000) (1024K)]
  0x0000020c98107870 WorkerThread "GC Thread#1"                     [id=22968, stack(0x000000bfd7e00000,0x000000bfd7f00000) (1024K)]
  0x0000020c98124690 WorkerThread "GC Thread#2"                     [id=9028, stack(0x000000bfd8100000,0x000000bfd8200000) (1024K)]
  0x0000020c98124a40 WorkerThread "GC Thread#3"                     [id=27200, stack(0x000000bfd8200000,0x000000bfd8300000) (1024K)]
  0x0000020c98124df0 WorkerThread "GC Thread#4"                     [id=21224, stack(0x000000bfd8300000,0x000000bfd8400000) (1024K)]
  0x0000020c981251a0 WorkerThread "GC Thread#5"                     [id=28128, stack(0x000000bfd8400000,0x000000bfd8500000) (1024K)]
  0x0000020c98125550 WorkerThread "GC Thread#6"                     [id=24688, stack(0x000000bfd8500000,0x000000bfd8600000) (1024K)]
  0x0000020c98125d80 WorkerThread "GC Thread#7"                     [id=29524, stack(0x000000bfd8600000,0x000000bfd8700000) (1024K)]
  0x0000020c356e8180 ConcurrentGCThread "G1 Main Marker"            [id=3504, stack(0x000000bfd6f00000,0x000000bfd7000000) (1024K)]
  0x0000020c356e9950 WorkerThread "G1 Conc#0"                       [id=18524, stack(0x000000bfd7000000,0x000000bfd7100000) (1024K)]
  0x0000020c51eee0e0 ConcurrentGCThread "G1 Refine#0"               [id=25216, stack(0x000000bfd7100000,0x000000bfd7200000) (1024K)]
  0x0000020c51eef920 ConcurrentGCThread "G1 Service"                [id=21880, stack(0x000000bfd7200000,0x000000bfd7300000) (1024K)]
Total: 14

Threads with active compile tasks:
C2 CompilerThread1  6860 2386       4       java.lang.reflect.Executable::getAnnotation (23 bytes)
Total: 1

VM state: not at safepoint (normal execution)

VM Mutex/Monitor currently owned by a thread: None

Heap address: 0x0000000084400000, size: 1980 MB, Compressed Oops mode: 32-bit

CDS archive(s) mapped at: [0x0000020c53000000-0x0000020c53d70000-0x0000020c53d70000), size 14090240, SharedBaseAddress: 0x0000020c53000000, ArchiveRelocationMode: 1.
Compressed class space mapped at: 0x0000020c54000000-0x0000020c94000000, reserved size: 1073741824
Narrow klass base: 0x0000020c53000000, Narrow klass shift: 0, Narrow klass range: 0x41000000

GC Precious Log:
 CardTable entry size: 512
 Card Set container configuration: InlinePtr #cards 5 size 8 Array Of Cards #cards 10 size 36 Howl #buckets 4 coarsen threshold 1843 Howl Bitmap #cards 512 size 80 coarsen threshold 460 Card regions per heap region 1 cards per card region 2048
 CPUs: 8 total, 8 available
 Memory: 7914M
 Large Page Support: Disabled
 NUMA Support: Disabled
 Compressed Oops: Enabled (32-bit)
 Heap Region Size: 1M
 Heap Min Capacity: 8M
 Heap Initial Capacity: 124M
 Heap Max Capacity: 1980M
 Pre-touch: Disabled
 Parallel Workers: 8
 Concurrent Workers: 2
 Concurrent Refinement Workers: 8
 Periodic GC: Disabled

Heap:
 garbage-first heap   total reserved 2027520K, committed 126976K, used 36693K [0x0000000084400000, 0x0000000100000000)
  region size 1024K, 33 young (33792K), 1 survivors (1024K)
 Metaspace       used 12518K, committed 12736K, reserved 1114112K
  class space    used 1577K, committed 1664K, reserved 1048576K

Heap Regions: E=young(eden), S=young(survivor), O=old, HS=humongous(starts), HC=humongous(continues), CS=collection set, F=free, TAMS=top-at-mark-start, PB=parsable bottom
|   0|0x0000000084400000, 0x0000000084500000, 0x0000000084500000|100%| O|  |TAMS 0x0000000084400000| PB 0x0000000084400000| Untracked |  0
|   1|0x0000000084500000, 0x0000000084600000, 0x0000000084600000|100%| O|  |TAMS 0x0000000084500000| PB 0x0000000084500000| Untracked |  0
|   2|0x0000000084600000, 0x0000000084700000, 0x0000000084700000|100%| O|  |TAMS 0x0000000084600000| PB 0x0000000084600000| Untracked |  0
|   3|0x0000000084700000, 0x00000000847d5d40, 0x0000000084800000| 83%| O|  |TAMS 0x0000000084700000| PB 0x0000000084700000| Untracked |  0
|   4|0x0000000084800000, 0x0000000084800000, 0x0000000084900000|  0%| F|  |TAMS 0x0000000084800000| PB 0x0000000084800000| Untracked |  0
|   5|0x0000000084900000, 0x0000000084900000, 0x0000000084a00000|  0%| F|  |TAMS 0x0000000084900000| PB 0x0000000084900000| Untracked |  0
|   6|0x0000000084a00000, 0x0000000084a00000, 0x0000000084b00000|  0%| F|  |TAMS 0x0000000084a00000| PB 0x0000000084a00000| Untracked |  0
|   7|0x0000000084b00000, 0x0000000084b00000, 0x0000000084c00000|  0%| F|  |TAMS 0x0000000084b00000| PB 0x0000000084b00000| Untracked |  0
|   8|0x0000000084c00000, 0x0000000084c00000, 0x0000000084d00000|  0%| F|  |TAMS 0x0000000084c00000| PB 0x0000000084c00000| Untracked |  0
|   9|0x0000000084d00000, 0x0000000084d00000, 0x0000000084e00000|  0%| F|  |TAMS 0x0000000084d00000| PB 0x0000000084d00000| Untracked |  0
|  10|0x0000000084e00000, 0x0000000084e00000, 0x0000000084f00000|  0%| F|  |TAMS 0x0000000084e00000| PB 0x0000000084e00000| Untracked |  0
|  11|0x0000000084f00000, 0x0000000084f00000, 0x0000000085000000|  0%| F|  |TAMS 0x0000000084f00000| PB 0x0000000084f00000| Untracked |  0
|  12|0x0000000085000000, 0x0000000085000000, 0x0000000085100000|  0%| F|  |TAMS 0x0000000085000000| PB 0x0000000085000000| Untracked |  0
|  13|0x0000000085100000, 0x0000000085100000, 0x0000000085200000|  0%| F|  |TAMS 0x0000000085100000| PB 0x0000000085100000| Untracked |  0
|  14|0x0000000085200000, 0x0000000085200000, 0x0000000085300000|  0%| F|  |TAMS 0x0000000085200000| PB 0x0000000085200000| Untracked |  0
|  15|0x0000000085300000, 0x0000000085300000, 0x0000000085400000|  0%| F|  |TAMS 0x0000000085300000| PB 0x0000000085300000| Untracked |  0
|  16|0x0000000085400000, 0x0000000085400000, 0x0000000085500000|  0%| F|  |TAMS 0x0000000085400000| PB 0x0000000085400000| Untracked |  0
|  17|0x0000000085500000, 0x0000000085500000, 0x0000000085600000|  0%| F|  |TAMS 0x0000000085500000| PB 0x0000000085500000| Untracked |  0
|  18|0x0000000085600000, 0x0000000085600000, 0x0000000085700000|  0%| F|  |TAMS 0x0000000085600000| PB 0x0000000085600000| Untracked |  0
|  19|0x0000000085700000, 0x0000000085700000, 0x0000000085800000|  0%| F|  |TAMS 0x0000000085700000| PB 0x0000000085700000| Untracked |  0
|  20|0x0000000085800000, 0x0000000085800000, 0x0000000085900000|  0%| F|  |TAMS 0x0000000085800000| PB 0x0000000085800000| Untracked |  0
|  21|0x0000000085900000, 0x0000000085900000, 0x0000000085a00000|  0%| F|  |TAMS 0x0000000085900000| PB 0x0000000085900000| Untracked |  0
|  22|0x0000000085a00000, 0x0000000085a00000, 0x0000000085b00000|  0%| F|  |TAMS 0x0000000085a00000| PB 0x0000000085a00000| Untracked |  0
|  23|0x0000000085b00000, 0x0000000085b00000, 0x0000000085c00000|  0%| F|  |TAMS 0x0000000085b00000| PB 0x0000000085b00000| Untracked |  0
|  24|0x0000000085c00000, 0x0000000085c00000, 0x0000000085d00000|  0%| F|  |TAMS 0x0000000085c00000| PB 0x0000000085c00000| Untracked |  0
|  25|0x0000000085d00000, 0x0000000085d00000, 0x0000000085e00000|  0%| F|  |TAMS 0x0000000085d00000| PB 0x0000000085d00000| Untracked |  0
|  26|0x0000000085e00000, 0x0000000085e00000, 0x0000000085f00000|  0%| F|  |TAMS 0x0000000085e00000| PB 0x0000000085e00000| Untracked |  0
|  27|0x0000000085f00000, 0x0000000085f00000, 0x0000000086000000|  0%| F|  |TAMS 0x0000000085f00000| PB 0x0000000085f00000| Untracked |  0
|  28|0x0000000086000000, 0x0000000086000000, 0x0000000086100000|  0%| F|  |TAMS 0x0000000086000000| PB 0x0000000086000000| Untracked |  0
|  29|0x0000000086100000, 0x0000000086100000, 0x0000000086200000|  0%| F|  |TAMS 0x0000000086100000| PB 0x0000000086100000| Untracked |  0
|  30|0x0000000086200000, 0x0000000086200000, 0x0000000086300000|  0%| F|  |TAMS 0x0000000086200000| PB 0x0000000086200000| Untracked |  0
|  31|0x0000000086300000, 0x0000000086300000, 0x0000000086400000|  0%| F|  |TAMS 0x0000000086300000| PB 0x0000000086300000| Untracked |  0
|  32|0x0000000086400000, 0x0000000086400000, 0x0000000086500000|  0%| F|  |TAMS 0x0000000086400000| PB 0x0000000086400000| Untracked |  0
|  33|0x0000000086500000, 0x0000000086500000, 0x0000000086600000|  0%| F|  |TAMS 0x0000000086500000| PB 0x0000000086500000| Untracked |  0
|  34|0x0000000086600000, 0x0000000086600000, 0x0000000086700000|  0%| F|  |TAMS 0x0000000086600000| PB 0x0000000086600000| Untracked |  0
|  35|0x0000000086700000, 0x0000000086700000, 0x0000000086800000|  0%| F|  |TAMS 0x0000000086700000| PB 0x0000000086700000| Untracked |  0
|  36|0x0000000086800000, 0x0000000086800000, 0x0000000086900000|  0%| F|  |TAMS 0x0000000086800000| PB 0x0000000086800000| Untracked |  0
|  37|0x0000000086900000, 0x0000000086900000, 0x0000000086a00000|  0%| F|  |TAMS 0x0000000086900000| PB 0x0000000086900000| Untracked |  0
|  38|0x0000000086a00000, 0x0000000086a00000, 0x0000000086b00000|  0%| F|  |TAMS 0x0000000086a00000| PB 0x0000000086a00000| Untracked |  0
|  39|0x0000000086b00000, 0x0000000086b00000, 0x0000000086c00000|  0%| F|  |TAMS 0x0000000086b00000| PB 0x0000000086b00000| Untracked |  0
|  40|0x0000000086c00000, 0x0000000086c00000, 0x0000000086d00000|  0%| F|  |TAMS 0x0000000086c00000| PB 0x0000000086c00000| Untracked |  0
|  41|0x0000000086d00000, 0x0000000086d00000, 0x0000000086e00000|  0%| F|  |TAMS 0x0000000086d00000| PB 0x0000000086d00000| Untracked |  0
|  42|0x0000000086e00000, 0x0000000086e00000, 0x0000000086f00000|  0%| F|  |TAMS 0x0000000086e00000| PB 0x0000000086e00000| Untracked |  0
|  43|0x0000000086f00000, 0x0000000086f00000, 0x0000000087000000|  0%| F|  |TAMS 0x0000000086f00000| PB 0x0000000086f00000| Untracked |  0
|  44|0x0000000087000000, 0x0000000087000000, 0x0000000087100000|  0%| F|  |TAMS 0x0000000087000000| PB 0x0000000087000000| Untracked |  0
|  45|0x0000000087100000, 0x0000000087100000, 0x0000000087200000|  0%| F|  |TAMS 0x0000000087100000| PB 0x0000000087100000| Untracked |  0
|  46|0x0000000087200000, 0x0000000087200000, 0x0000000087300000|  0%| F|  |TAMS 0x0000000087200000| PB 0x0000000087200000| Untracked |  0
|  47|0x0000000087300000, 0x0000000087300000, 0x0000000087400000|  0%| F|  |TAMS 0x0000000087300000| PB 0x0000000087300000| Untracked |  0
|  48|0x0000000087400000, 0x0000000087400000, 0x0000000087500000|  0%| F|  |TAMS 0x0000000087400000| PB 0x0000000087400000| Untracked |  0
|  49|0x0000000087500000, 0x0000000087500000, 0x0000000087600000|  0%| F|  |TAMS 0x0000000087500000| PB 0x0000000087500000| Untracked |  0
|  50|0x0000000087600000, 0x0000000087600000, 0x0000000087700000|  0%| F|  |TAMS 0x0000000087600000| PB 0x0000000087600000| Untracked |  0
|  51|0x0000000087700000, 0x0000000087700000, 0x0000000087800000|  0%| F|  |TAMS 0x0000000087700000| PB 0x0000000087700000| Untracked |  0
|  52|0x0000000087800000, 0x0000000087800000, 0x0000000087900000|  0%| F|  |TAMS 0x0000000087800000| PB 0x0000000087800000| Untracked |  0
|  53|0x0000000087900000, 0x0000000087900000, 0x0000000087a00000|  0%| F|  |TAMS 0x0000000087900000| PB 0x0000000087900000| Untracked |  0
|  54|0x0000000087a00000, 0x0000000087a00000, 0x0000000087b00000|  0%| F|  |TAMS 0x0000000087a00000| PB 0x0000000087a00000| Untracked |  0
|  55|0x0000000087b00000, 0x0000000087b00000, 0x0000000087c00000|  0%| F|  |TAMS 0x0000000087b00000| PB 0x0000000087b00000| Untracked |  0
|  56|0x0000000087c00000, 0x0000000087c00000, 0x0000000087d00000|  0%| F|  |TAMS 0x0000000087c00000| PB 0x0000000087c00000| Untracked |  0
|  57|0x0000000087d00000, 0x0000000087d00000, 0x0000000087e00000|  0%| F|  |TAMS 0x0000000087d00000| PB 0x0000000087d00000| Untracked |  0
|  58|0x0000000087e00000, 0x0000000087e00000, 0x0000000087f00000|  0%| F|  |TAMS 0x0000000087e00000| PB 0x0000000087e00000| Untracked |  0
|  59|0x0000000087f00000, 0x0000000087f00000, 0x0000000088000000|  0%| F|  |TAMS 0x0000000087f00000| PB 0x0000000087f00000| Untracked |  0
|  60|0x0000000088000000, 0x0000000088000000, 0x0000000088100000|  0%| F|  |TAMS 0x0000000088000000| PB 0x0000000088000000| Untracked |  0
|  61|0x0000000088100000, 0x0000000088100000, 0x0000000088200000|  0%| F|  |TAMS 0x0000000088100000| PB 0x0000000088100000| Untracked |  0
|  62|0x0000000088200000, 0x0000000088200000, 0x0000000088300000|  0%| F|  |TAMS 0x0000000088200000| PB 0x0000000088200000| Untracked |  0
|  63|0x0000000088300000, 0x0000000088300000, 0x0000000088400000|  0%| F|  |TAMS 0x0000000088300000| PB 0x0000000088300000| Untracked |  0
|  64|0x0000000088400000, 0x0000000088400000, 0x0000000088500000|  0%| F|  |TAMS 0x0000000088400000| PB 0x0000000088400000| Untracked |  0
|  65|0x0000000088500000, 0x0000000088500000, 0x0000000088600000|  0%| F|  |TAMS 0x0000000088500000| PB 0x0000000088500000| Untracked |  0
|  66|0x0000000088600000, 0x0000000088600000, 0x0000000088700000|  0%| F|  |TAMS 0x0000000088600000| PB 0x0000000088600000| Untracked |  0
|  67|0x0000000088700000, 0x0000000088700000, 0x0000000088800000|  0%| F|  |TAMS 0x0000000088700000| PB 0x0000000088700000| Untracked |  0
|  68|0x0000000088800000, 0x0000000088800000, 0x0000000088900000|  0%| F|  |TAMS 0x0000000088800000| PB 0x0000000088800000| Untracked |  0
|  69|0x0000000088900000, 0x0000000088900000, 0x0000000088a00000|  0%| F|  |TAMS 0x0000000088900000| PB 0x0000000088900000| Untracked |  0
|  70|0x0000000088a00000, 0x0000000088a00000, 0x0000000088b00000|  0%| F|  |TAMS 0x0000000088a00000| PB 0x0000000088a00000| Untracked |  0
|  71|0x0000000088b00000, 0x0000000088b00000, 0x0000000088c00000|  0%| F|  |TAMS 0x0000000088b00000| PB 0x0000000088b00000| Untracked |  0
|  72|0x0000000088c00000, 0x0000000088c00000, 0x0000000088d00000|  0%| F|  |TAMS 0x0000000088c00000| PB 0x0000000088c00000| Untracked |  0
|  73|0x0000000088d00000, 0x0000000088d00000, 0x0000000088e00000|  0%| F|  |TAMS 0x0000000088d00000| PB 0x0000000088d00000| Untracked |  0
|  74|0x0000000088e00000, 0x0000000088e00000, 0x0000000088f00000|  0%| F|  |TAMS 0x0000000088e00000| PB 0x0000000088e00000| Untracked |  0
|  75|0x0000000088f00000, 0x0000000088f00000, 0x0000000089000000|  0%| F|  |TAMS 0x0000000088f00000| PB 0x0000000088f00000| Untracked |  0
|  76|0x0000000089000000, 0x0000000089000000, 0x0000000089100000|  0%| F|  |TAMS 0x0000000089000000| PB 0x0000000089000000| Untracked |  0
|  77|0x0000000089100000, 0x0000000089100000, 0x0000000089200000|  0%| F|  |TAMS 0x0000000089100000| PB 0x0000000089100000| Untracked |  0
|  78|0x0000000089200000, 0x0000000089200000, 0x0000000089300000|  0%| F|  |TAMS 0x0000000089200000| PB 0x0000000089200000| Untracked |  0
|  79|0x0000000089300000, 0x0000000089300000, 0x0000000089400000|  0%| F|  |TAMS 0x0000000089300000| PB 0x0000000089300000| Untracked |  0
|  80|0x0000000089400000, 0x0000000089400000, 0x0000000089500000|  0%| F|  |TAMS 0x0000000089400000| PB 0x0000000089400000| Untracked |  0
|  81|0x0000000089500000, 0x0000000089500000, 0x0000000089600000|  0%| F|  |TAMS 0x0000000089500000| PB 0x0000000089500000| Untracked |  0
|  82|0x0000000089600000, 0x0000000089600000, 0x0000000089700000|  0%| F|  |TAMS 0x0000000089600000| PB 0x0000000089600000| Untracked |  0
|  83|0x0000000089700000, 0x0000000089700000, 0x0000000089800000|  0%| F|  |TAMS 0x0000000089700000| PB 0x0000000089700000| Untracked |  0
|  84|0x0000000089800000, 0x0000000089800000, 0x0000000089900000|  0%| F|  |TAMS 0x0000000089800000| PB 0x0000000089800000| Untracked |  0
|  85|0x0000000089900000, 0x0000000089900000, 0x0000000089a00000|  0%| F|  |TAMS 0x0000000089900000| PB 0x0000000089900000| Untracked |  0
|  86|0x0000000089a00000, 0x0000000089a00000, 0x0000000089b00000|  0%| F|  |TAMS 0x0000000089a00000| PB 0x0000000089a00000| Untracked |  0
|  87|0x0000000089b00000, 0x0000000089b00000, 0x0000000089c00000|  0%| F|  |TAMS 0x0000000089b00000| PB 0x0000000089b00000| Untracked |  0
|  88|0x0000000089c00000, 0x0000000089c00000, 0x0000000089d00000|  0%| F|  |TAMS 0x0000000089c00000| PB 0x0000000089c00000| Untracked |  0
|  89|0x0000000089d00000, 0x0000000089d00000, 0x0000000089e00000|  0%| F|  |TAMS 0x0000000089d00000| PB 0x0000000089d00000| Untracked |  0
|  90|0x0000000089e00000, 0x0000000089e00000, 0x0000000089f00000|  0%| F|  |TAMS 0x0000000089e00000| PB 0x0000000089e00000| Untracked |  0
|  91|0x0000000089f00000, 0x0000000089fed970, 0x000000008a000000| 92%| E|  |TAMS 0x0000000089f00000| PB 0x0000000089f00000| Complete |  0
|  92|0x000000008a000000, 0x000000008a100000, 0x000000008a100000|100%| E|CS|TAMS 0x000000008a000000| PB 0x000000008a000000| Complete |  0
|  93|0x000000008a100000, 0x000000008a200000, 0x000000008a200000|100%| E|CS|TAMS 0x000000008a100000| PB 0x000000008a100000| Complete |  0
|  94|0x000000008a200000, 0x000000008a300000, 0x000000008a300000|100%| E|CS|TAMS 0x000000008a200000| PB 0x000000008a200000| Complete |  0
|  95|0x000000008a300000, 0x000000008a400000, 0x000000008a400000|100%| E|CS|TAMS 0x000000008a300000| PB 0x000000008a300000| Complete |  0
|  96|0x000000008a400000, 0x000000008a500000, 0x000000008a500000|100%| E|CS|TAMS 0x000000008a400000| PB 0x000000008a400000| Complete |  0
|  97|0x000000008a500000, 0x000000008a600000, 0x000000008a600000|100%| E|CS|TAMS 0x000000008a500000| PB 0x000000008a500000| Complete |  0
|  98|0x000000008a600000, 0x000000008a700000, 0x000000008a700000|100%| E|CS|TAMS 0x000000008a600000| PB 0x000000008a600000| Complete |  0
|  99|0x000000008a700000, 0x000000008a800000, 0x000000008a800000|100%| E|CS|TAMS 0x000000008a700000| PB 0x000000008a700000| Complete |  0
| 100|0x000000008a800000, 0x000000008a900000, 0x000000008a900000|100%| E|CS|TAMS 0x000000008a800000| PB 0x000000008a800000| Complete |  0
| 101|0x000000008a900000, 0x000000008a9ff7a0, 0x000000008aa00000| 99%| S|CS|TAMS 0x000000008a900000| PB 0x000000008a900000| Complete |  0
| 102|0x000000008aa00000, 0x000000008ab00000, 0x000000008ab00000|100%| E|CS|TAMS 0x000000008aa00000| PB 0x000000008aa00000| Complete |  0
| 103|0x000000008ab00000, 0x000000008ac00000, 0x000000008ac00000|100%| E|CS|TAMS 0x000000008ab00000| PB 0x000000008ab00000| Complete |  0
| 104|0x000000008ac00000, 0x000000008ad00000, 0x000000008ad00000|100%| E|CS|TAMS 0x000000008ac00000| PB 0x000000008ac00000| Complete |  0
| 105|0x000000008ad00000, 0x000000008ae00000, 0x000000008ae00000|100%| E|CS|TAMS 0x000000008ad00000| PB 0x000000008ad00000| Complete |  0
| 106|0x000000008ae00000, 0x000000008af00000, 0x000000008af00000|100%| E|CS|TAMS 0x000000008ae00000| PB 0x000000008ae00000| Complete |  0
| 107|0x000000008af00000, 0x000000008b000000, 0x000000008b000000|100%| E|CS|TAMS 0x000000008af00000| PB 0x000000008af00000| Complete |  0
| 108|0x000000008b000000, 0x000000008b100000, 0x000000008b100000|100%| E|CS|TAMS 0x000000008b000000| PB 0x000000008b000000| Complete |  0
| 109|0x000000008b100000, 0x000000008b200000, 0x000000008b200000|100%| E|CS|TAMS 0x000000008b100000| PB 0x000000008b100000| Complete |  0
| 110|0x000000008b200000, 0x000000008b300000, 0x000000008b300000|100%| E|CS|TAMS 0x000000008b200000| PB 0x000000008b200000| Complete |  0
| 111|0x000000008b300000, 0x000000008b400000, 0x000000008b400000|100%| E|CS|TAMS 0x000000008b300000| PB 0x000000008b300000| Complete |  0
| 112|0x000000008b400000, 0x000000008b500000, 0x000000008b500000|100%| E|CS|TAMS 0x000000008b400000| PB 0x000000008b400000| Complete |  0
| 113|0x000000008b500000, 0x000000008b600000, 0x000000008b600000|100%| E|CS|TAMS 0x000000008b500000| PB 0x000000008b500000| Complete |  0
| 114|0x000000008b600000, 0x000000008b700000, 0x000000008b700000|100%| E|CS|TAMS 0x000000008b600000| PB 0x000000008b600000| Complete |  0
| 115|0x000000008b700000, 0x000000008b800000, 0x000000008b800000|100%| E|CS|TAMS 0x000000008b700000| PB 0x000000008b700000| Complete |  0
| 116|0x000000008b800000, 0x000000008b900000, 0x000000008b900000|100%| E|CS|TAMS 0x000000008b800000| PB 0x000000008b800000| Complete |  0
| 117|0x000000008b900000, 0x000000008ba00000, 0x000000008ba00000|100%| E|CS|TAMS 0x000000008b900000| PB 0x000000008b900000| Complete |  0
| 118|0x000000008ba00000, 0x000000008bb00000, 0x000000008bb00000|100%| E|CS|TAMS 0x000000008ba00000| PB 0x000000008ba00000| Complete |  0
| 119|0x000000008bb00000, 0x000000008bc00000, 0x000000008bc00000|100%| E|CS|TAMS 0x000000008bb00000| PB 0x000000008bb00000| Complete |  0
| 120|0x000000008bc00000, 0x000000008bd00000, 0x000000008bd00000|100%| E|CS|TAMS 0x000000008bc00000| PB 0x000000008bc00000| Complete |  0
| 121|0x000000008bd00000, 0x000000008be00000, 0x000000008be00000|100%| E|CS|TAMS 0x000000008bd00000| PB 0x000000008bd00000| Complete |  0
| 122|0x000000008be00000, 0x000000008bf00000, 0x000000008bf00000|100%| E|CS|TAMS 0x000000008be00000| PB 0x000000008be00000| Complete |  0
| 123|0x000000008bf00000, 0x000000008c000000, 0x000000008c000000|100%| E|CS|TAMS 0x000000008bf00000| PB 0x000000008bf00000| Complete |  0

Card table byte_map: [0x0000020c4d5b0000,0x0000020c4d990000] _byte_map_base: 0x0000020c4d18e000

Marking Bits: (CMBitMap*) 0x0000020c356b71a0
 Bits: [0x0000020c4d990000, 0x0000020c4f880000)

Polling page: 0x0000020c33860000

Metaspace:

Usage:
  Non-class:     10.70 MB used.
      Class:      1.54 MB used.
       Both:     12.24 MB used.

Virtual space:
  Non-class space:       64.00 MB reserved,      10.81 MB ( 17%) committed,  1 nodes.
      Class space:        1.00 GB reserved,       1.62 MB ( <1%) committed,  1 nodes.
             Both:        1.06 GB reserved,      12.44 MB (  1%) committed. 

Chunk freelists:
   Non-Class:  4.45 MB
       Class:  14.22 MB
        Both:  18.67 MB

MaxMetaspaceSize: unlimited
CompressedClassSpaceSize: 1.00 GB
Initial GC threshold: 21.00 MB
Current GC threshold: 21.00 MB
CDS: on
 - commit_granule_bytes: 65536.
 - commit_granule_words: 8192.
 - virtual_space_node_default_size: 8388608.
 - enlarge_chunks_in_place: 1.
 - use_allocation_guard: 0.


Internal statistics:

num_allocs_failed_limit: 0.
num_arena_births: 86.
num_arena_deaths: 0.
num_vsnodes_births: 2.
num_vsnodes_deaths: 0.
num_space_committed: 199.
num_space_uncommitted: 0.
num_chunks_returned_to_freelist: 0.
num_chunks_taken_from_freelist: 492.
num_chunk_merges: 0.
num_chunk_splits: 337.
num_chunks_enlarged: 274.
num_inconsistent_stats: 0.

CodeHeap 'non-profiled nmethods': size=120064Kb used=893Kb max_used=893Kb free=119170Kb
 bounds [0x0000020c45850000, 0x0000020c45ac0000, 0x0000020c4cd90000]
CodeHeap 'profiled nmethods': size=120000Kb used=3907Kb max_used=3907Kb free=116092Kb
 bounds [0x0000020c3dd90000, 0x0000020c3e170000, 0x0000020c452c0000]
CodeHeap 'non-nmethods': size=5696Kb used=1510Kb max_used=1539Kb free=4185Kb
 bounds [0x0000020c452c0000, 0x0000020c45530000, 0x0000020c45850000]
CodeCache: size=245760Kb, used=6310Kb, max_used=6339Kb, free=239447Kb
 total_blobs=3144, nmethods=2645, adapters=404, full_count=0
Compilation: enabled, stopped_count=0, restarted_count=0

Compilation events (20 events):
Event: 2.683 Thread 0x0000020c52396860 2395       1       sun.reflect.generics.repository.AbstractRepository::getFactory (5 bytes)
Event: 2.683 Thread 0x0000020c52396860 nmethod 2395 0x0000020c4591ed88 code [0x0000020c4591eea0, 0x0000020c4591ef68]
Event: 2.683 Thread 0x0000020c52396860 2397       3       com.google.common.collect.ImmutableList::asImmutableList (69 bytes)
Event: 2.684 Thread 0x0000020c52396860 nmethod 2397 0x0000020c3e0eab88 code [0x0000020c3e0ead80, 0x0000020c3e0eb8e8]
Event: 2.684 Thread 0x0000020c52396860 2399       3       com.google.common.collect.Iterators::singletonIterator (9 bytes)
Event: 2.684 Thread 0x0000020c52396860 nmethod 2399 0x0000020c3e0eb988 code [0x0000020c3e0ebac0, 0x0000020c3e0ebd80]
Event: 2.684 Thread 0x0000020c52396860 2400       3       com.google.common.collect.Iterators$SingletonIterator::<init> (10 bytes)
Event: 2.684 Thread 0x0000020c52396860 nmethod 2400 0x0000020c3e0ebe08 code [0x0000020c3e0ebf20, 0x0000020c3e0ec140]
Event: 2.684 Thread 0x0000020c52396860 2402       3       java.util.stream.ReduceOps$3::<init> (28 bytes)
Event: 2.684 Thread 0x0000020c52396860 nmethod 2402 0x0000020c3e0ec188 code [0x0000020c3e0ec2c0, 0x0000020c3e0ec650]
Event: 2.684 Thread 0x0000020c52396860 2403       3       java.util.stream.ReduceOps$ReduceOp::<init> (10 bytes)
Event: 2.684 Thread 0x0000020c52396860 nmethod 2403 0x0000020c3e0ec688 code [0x0000020c3e0ec7a0, 0x0000020c3e0ec958]
Event: 2.684 Thread 0x0000020c52396860 2404       3       java.util.stream.ReduceOps$3ReducingSink::begin (14 bytes)
Event: 2.685 Thread 0x0000020c52396860 nmethod 2404 0x0000020c3e0ec988 code [0x0000020c3e0ecac0, 0x0000020c3e0eccf0]
Event: 2.685 Thread 0x0000020c52396860 2401       3       com.google.common.collect.Iterators$SingletonIterator::next (25 bytes)
Event: 2.685 Thread 0x0000020c52396860 nmethod 2401 0x0000020c3e0ecd08 code [0x0000020c3e0ece40, 0x0000020c3e0ed060]
Event: 2.685 Thread 0x0000020c52396860 2405       3       com.google.common.collect.ImmutableList::copyOf (44 bytes)
Event: 2.685 Thread 0x0000020c52396860 nmethod 2405 0x0000020c3e0ed088 code [0x0000020c3e0ed260, 0x0000020c3e0edbe0]
Event: 2.685 Thread 0x0000020c52396860 2406       3       com.google.common.collect.ImmutableList::copyOf (50 bytes)
Event: 4.700 Thread 0x0000020c52396860 nmethod 2406 0x0000020c3e0edc88 code [0x0000020c3e0ede80, 0x0000020c3e0ee958]

GC Heap History (4 events):
Event: 1.186 GC heap before
{Heap before GC invocations=0 (full 0):
 garbage-first heap   total reserved 2027520K, committed 126976K, used 23552K [0x0000000084400000, 0x0000000100000000)
  region size 1024K, 24 young (24576K), 0 survivors (0K)
 Metaspace       used 6211K, committed 6400K, reserved 1114112K
  class space    used 748K, committed 832K, reserved 1048576K
}
Event: 1.198 GC heap after
{Heap after GC invocations=1 (full 0):
 garbage-first heap   total reserved 2027520K, committed 126976K, used 3968K [0x0000000084400000, 0x0000000100000000)
  region size 1024K, 3 young (3072K), 3 survivors (3072K)
 Metaspace       used 6211K, committed 6400K, reserved 1114112K
  class space    used 748K, committed 832K, reserved 1048576K
}
Event: 1.887 GC heap before
{Heap before GC invocations=1 (full 0):
 garbage-first heap   total reserved 2027520K, committed 126976K, used 26496K [0x0000000084400000, 0x0000000100000000)
  region size 1024K, 25 young (25600K), 3 survivors (3072K)
 Metaspace       used 7783K, committed 7936K, reserved 1114112K
  class space    used 939K, committed 1024K, reserved 1048576K
}
Event: 1.896 GC heap after
{Heap after GC invocations=2 (full 0):
 garbage-first heap   total reserved 2027520K, committed 126976K, used 4949K [0x0000000084400000, 0x0000000100000000)
  region size 1024K, 1 young (1024K), 1 survivors (1024K)
 Metaspace       used 7783K, committed 7936K, reserved 1114112K
  class space    used 939K, committed 1024K, reserved 1048576K
}

Dll operation events (12 events):
Event: 0.014 Loaded shared library C:\Users\user1\.jdks\openjdk-23.0.1\bin\java.dll
Event: 0.052 Loaded shared library C:\Users\user1\.jdks\openjdk-23.0.1\bin\jsvml.dll
Event: 0.091 Loaded shared library C:\Users\user1\.jdks\openjdk-23.0.1\bin\zip.dll
Event: 0.095 Loaded shared library C:\Users\user1\.jdks\openjdk-23.0.1\bin\instrument.dll
Event: 0.099 Loaded shared library C:\Users\user1\.jdks\openjdk-23.0.1\bin\net.dll
Event: 0.100 Loaded shared library C:\Users\user1\.jdks\openjdk-23.0.1\bin\nio.dll
Event: 0.103 Loaded shared library C:\Users\user1\.jdks\openjdk-23.0.1\bin\zip.dll
Event: 0.120 Loaded shared library C:\Program Files\JetBrains\IntelliJ IDEA 2024.2.1\bin\breakgen64.dll
Event: 0.132 Loaded shared library C:\Users\user1\.jdks\openjdk-23.0.1\bin\extnet.dll
Event: 0.361 Loaded shared library C:\Users\user1\.jdks\openjdk-23.0.1\bin\jimage.dll
Event: 0.500 Loaded shared library C:\Users\user1\AppData\Local\Temp\jansi-2.4.3-799ab6f522afe4c3-jansi.dll
Event: 0.527 Loaded shared library C:\Users\user1\.jdks\openjdk-23.0.1\bin\verify.dll

Deoptimization events (20 events):
Event: 2.480 Thread 0x0000020c3565d500 DEOPT PACKING pc=0x0000020c459114fc sp=0x000000bfd6dfe140
Event: 2.480 Thread 0x0000020c3565d500 DEOPT UNPACKING pc=0x0000020c45317982 sp=0x000000bfd6dfe0e0 mode 2
Event: 2.480 Thread 0x0000020c3565d500 Uncommon trap: trap_request=0xffffffd6 fr.pc=0x0000020c459114fc relative=0x000000000000015c
Event: 2.480 Thread 0x0000020c3565d500 Uncommon trap: reason=array_check action=maybe_recompile pc=0x0000020c459114fc method=java.util.stream.Nodes$FixedNodeBuilder.accept(Ljava/lang/Object;)V @ 28 c2
Event: 2.480 Thread 0x0000020c3565d500 DEOPT PACKING pc=0x0000020c459114fc sp=0x000000bfd6dfe140
Event: 2.480 Thread 0x0000020c3565d500 DEOPT UNPACKING pc=0x0000020c45317982 sp=0x000000bfd6dfe0e0 mode 2
Event: 2.480 Thread 0x0000020c3565d500 Uncommon trap: trap_request=0xffffffd6 fr.pc=0x0000020c459114fc relative=0x000000000000015c
Event: 2.480 Thread 0x0000020c3565d500 Uncommon trap: reason=array_check action=maybe_recompile pc=0x0000020c459114fc method=java.util.stream.Nodes$FixedNodeBuilder.accept(Ljava/lang/Object;)V @ 28 c2
Event: 2.480 Thread 0x0000020c3565d500 DEOPT PACKING pc=0x0000020c459114fc sp=0x000000bfd6dfe140
Event: 2.480 Thread 0x0000020c3565d500 DEOPT UNPACKING pc=0x0000020c45317982 sp=0x000000bfd6dfe0e0 mode 2
Event: 2.480 Thread 0x0000020c3565d500 Uncommon trap: trap_request=0xffffffd6 fr.pc=0x0000020c459114fc relative=0x000000000000015c
Event: 2.480 Thread 0x0000020c3565d500 Uncommon trap: reason=array_check action=maybe_recompile pc=0x0000020c459114fc method=java.util.stream.Nodes$FixedNodeBuilder.accept(Ljava/lang/Object;)V @ 28 c2
Event: 2.480 Thread 0x0000020c3565d500 DEOPT PACKING pc=0x0000020c459114fc sp=0x000000bfd6dfe140
Event: 2.480 Thread 0x0000020c3565d500 DEOPT UNPACKING pc=0x0000020c45317982 sp=0x000000bfd6dfe0e0 mode 2
Event: 2.571 Thread 0x0000020c3565d500 Uncommon trap: trap_request=0xffffff45 fr.pc=0x0000020c458cec5c relative=0x00000000000001bc
Event: 2.571 Thread 0x0000020c3565d500 Uncommon trap: reason=unstable_if action=reinterpret pc=0x0000020c458cec5c method=java.lang.ClassLoader.checkName(Ljava/lang/String;)Z @ 1 c2
Event: 2.571 Thread 0x0000020c3565d500 DEOPT PACKING pc=0x0000020c458cec5c sp=0x000000bfd6dfddd0
Event: 2.571 Thread 0x0000020c3565d500 DEOPT UNPACKING pc=0x0000020c45317982 sp=0x000000bfd6dfdd68 mode 2
Event: 2.648 Thread 0x0000020c3565d500 DEOPT PACKING pc=0x0000020c3e09d50c sp=0x000000bfd6dfe1d0
Event: 2.648 Thread 0x0000020c3565d500 DEOPT UNPACKING pc=0x0000020c453184c2 sp=0x000000bfd6dfd730 mode 0

Classes loaded (20 events):
Event: 2.402 Loading class sun/reflect/generics/tree/MethodTypeSignature
Event: 2.402 Loading class sun/reflect/generics/tree/MethodTypeSignature done
Event: 2.452 Loading class sun/reflect/generics/repository/FieldRepository
Event: 2.452 Loading class sun/reflect/generics/repository/FieldRepository done
Event: 2.465 Loading class java/io/UncheckedIOException
Event: 2.465 Loading class java/io/UncheckedIOException done
Event: 2.474 Loading class java/util/concurrent/atomic/AtomicBoolean
Event: 2.474 Loading class java/util/concurrent/atomic/AtomicBoolean done
Event: 2.481 Loading class java/nio/file/NoSuchFileException
Event: 2.481 Loading class java/nio/file/FileSystemException
Event: 2.481 Loading class java/nio/file/FileSystemException done
Event: 2.481 Loading class java/nio/file/NoSuchFileException done
Event: 2.481 Loading class java/nio/channels/OverlappingFileLockException
Event: 2.481 Loading class java/nio/channels/OverlappingFileLockException done
Event: 2.481 Loading class java/nio/channels/FileLock
Event: 2.481 Loading class java/nio/channels/FileLock done
Event: 2.510 Loading class java/nio/file/AccessDeniedException
Event: 2.510 Loading class java/nio/file/AccessDeniedException done
Event: 2.571 Loading class java/lang/invoke/DirectMethodHandle$StaticAccessor
Event: 2.571 Loading class java/lang/invoke/DirectMethodHandle$StaticAccessor done

Classes unloaded (0 events):
No events

Classes redefined (0 events):
No events

Internal exceptions (19 events):
Event: 0.116 Thread 0x0000020c3565d500 Exception <a 'java/lang/NoSuchMethodError'{0x000000008bd5c610}: 'java.lang.Object java.lang.invoke.Invokers$Holder.invokeExact_MT(java.lang.Object, java.lang.Object, java.lang.Object, java.lang.Object, java.lang.Object)'> (0x000000008bd5c610) 
thrown [s\open\src\hotspot\share\interpreter\linkResolver.cpp, line 796]
Event: 0.135 Thread 0x0000020c5263cb10 Exception <a 'java/lang/NoSuchMethodError'{0x000000008bd84450}: 'void java.lang.invoke.DirectMethodHandle$Holder.invokeStatic(java.lang.Object, java.lang.Object)'> (0x000000008bd84450) 
thrown [s\open\src\hotspot\share\interpreter\linkResolver.cpp, line 796]
Event: 0.167 Thread 0x0000020c3565d500 Exception <a 'java/lang/NoSuchMethodError'{0x000000008bc68fc8}: 'int java.lang.invoke.DirectMethodHandle$Holder.invokeSpecial(java.lang.Object, java.lang.Object, java.lang.Object)'> (0x000000008bc68fc8) 
thrown [s\open\src\hotspot\share\interpreter\linkResolver.cpp, line 796]
Event: 0.349 Thread 0x0000020c3565d500 Exception <a 'java/lang/NullPointerException'{0x000000008b974d60}> (0x000000008b974d60) 
thrown [s\open\src\hotspot\share\interpreter\linkResolver.cpp, line 1389]
Event: 0.377 Thread 0x0000020c3565d500 Exception <a 'sun/nio/fs/WindowsException'{0x000000008b9a3f20}> (0x000000008b9a3f20) 
thrown [s\open\src\hotspot\share\prims\jni.cpp, line 520]
Event: 0.544 Thread 0x0000020c3565d500 Exception <a 'java/lang/NoSuchMethodError'{0x000000008b8d7500}: 'void java.lang.invoke.DirectMethodHandle$Holder.invokeVirtual(java.lang.Object, java.lang.Object)'> (0x000000008b8d7500) 
thrown [s\open\src\hotspot\share\interpreter\linkResolver.cpp, line 796]
Event: 0.549 Thread 0x0000020c3565d500 Exception <a 'java/lang/NoSuchMethodError'{0x000000008b8f45f8}: 'void java.lang.invoke.DirectMethodHandle$Holder.invokeStaticInit(java.lang.Object, java.lang.Object)'> (0x000000008b8f45f8) 
thrown [s\open\src\hotspot\share\interpreter\linkResolver.cpp, line 796]
Event: 0.557 Thread 0x0000020c3565d500 Exception <a 'java/lang/NoSuchMethodError'{0x000000008b710908}: 'void java.lang.invoke.DirectMethodHandle$Holder.invokeSpecial(java.lang.Object, java.lang.Object, java.lang.Object, java.lang.Object, java.lang.Object)'> (0x000000008b710908) 
thrown [s\open\src\hotspot\share\interpreter\linkResolver.cpp, line 796]
Event: 0.671 Thread 0x0000020c3565d500 Exception <a 'java/lang/NoSuchMethodError'{0x000000008b518ab0}: 'java.lang.Object java.lang.invoke.DirectMethodHandle$Holder.invokeSpecialIFC(java.lang.Object, java.lang.Object, java.lang.Object, java.lang.Object)'> (0x000000008b518ab0) 
thrown [s\open\src\hotspot\share\interpreter\linkResolver.cpp, line 796]
Event: 0.951 Thread 0x0000020c3565d500 Exception <a 'java/lang/NoSuchMethodError'{0x000000008ae17a48}: 'void java.lang.invoke.DirectMethodHandle$Holder.invokeSpecial(java.lang.Object, java.lang.Object, java.lang.Object)'> (0x000000008ae17a48) 
thrown [s\open\src\hotspot\share\interpreter\linkResolver.cpp, line 796]
Event: 0.999 Thread 0x0000020c3565d500 Exception <a 'java/lang/NoSuchMethodError'{0x000000008ada58e8}: 'java.lang.Object java.lang.invoke.DirectMethodHandle$Holder.invokeInterface(java.lang.Object, java.lang.Object)'> (0x000000008ada58e8) 
thrown [s\open\src\hotspot\share\interpreter\linkResolver.cpp, line 796]
Event: 1.018 Thread 0x0000020c3565d500 Exception <a 'java/lang/NoSuchMethodError'{0x000000008ac64ad8}: 'int java.lang.invoke.DirectMethodHandle$Holder.invokeStatic(java.lang.Object, java.lang.Object, java.lang.Object, java.lang.Object)'> (0x000000008ac64ad8) 
thrown [s\open\src\hotspot\share\interpreter\linkResolver.cpp, line 796]
Event: 1.021 Thread 0x0000020c3565d500 Exception <a 'java/lang/NoSuchMethodError'{0x000000008ac734b0}: 'int java.lang.invoke.DirectMethodHandle$Holder.invokeSpecialIFC(java.lang.Object, java.lang.Object, java.lang.Object, java.lang.Object, java.lang.Object)'> (0x000000008ac734b0) 
thrown [s\open\src\hotspot\share\interpreter\linkResolver.cpp, line 796]
Event: 1.098 Thread 0x0000020c3565d500 Exception <a 'java/lang/NoSuchMethodError'{0x000000008aa667e8}: 'void java.lang.invoke.DirectMethodHandle$Holder.invokeStatic(java.lang.Object, int, java.lang.Object)'> (0x000000008aa667e8) 
thrown [s\open\src\hotspot\share\interpreter\linkResolver.cpp, line 796]
Event: 1.159 Thread 0x0000020c3565d500 Exception <a 'java/lang/NoSuchMethodError'{0x000000008a81fb00}: 'int java.lang.invoke.DirectMethodHandle$Holder.invokeStaticInit(java.lang.Object, java.lang.Object)'> (0x000000008a81fb00) 
thrown [s\open\src\hotspot\share\interpreter\linkResolver.cpp, line 796]
Event: 1.167 Thread 0x0000020c3565d500 Exception <a 'java/lang/NoClassDefFoundError'{0x000000008a85f0d0}: javax/enterprise/inject/Typed> (0x000000008a85f0d0) 
thrown [s\open\src\hotspot\share\classfile\systemDictionary.cpp, line 302]
Event: 2.558 Thread 0x0000020c3565d500 Exception <a 'java/lang/NoSuchMethodError'{0x000000008a7203e8}: 'void java.lang.invoke.DirectMethodHandle$Holder.invokeStaticInit(java.lang.Object, java.lang.Object, java.lang.Object)'> (0x000000008a7203e8) 
thrown [s\open\src\hotspot\share\interpreter\linkResolver.cpp, line 796]
Event: 2.571 Thread 0x0000020c3565d500 Implicit null exception at 0x0000020c458ceabd to 0x0000020c458cec48
Event: 2.574 Thread 0x0000020c3565d500 Exception <a 'java/lang/NoSuchMethodError'{0x000000008a79a6b0}: 'java.lang.Object java.lang.invoke.Invokers$Holder.invokeExact_MT(java.lang.Object, int, java.lang.Object)'> (0x000000008a79a6b0) 
thrown [s\open\src\hotspot\share\interpreter\linkResolver.cpp, line 796]

VM Operations (18 events):
Event: 0.347 Executing VM operation: HandshakeAllThreads (Deoptimize)
Event: 0.347 Executing VM operation: HandshakeAllThreads (Deoptimize) done
Event: 0.368 Executing VM operation: HandshakeAllThreads (Deoptimize)
Event: 0.368 Executing VM operation: HandshakeAllThreads (Deoptimize) done
Event: 1.186 Executing VM operation: G1CollectForAllocation (G1 Evacuation Pause)
Event: 1.198 Executing VM operation: G1CollectForAllocation (G1 Evacuation Pause) done
Event: 1.887 Executing VM operation: G1CollectForAllocation (G1 Evacuation Pause)
Event: 1.896 Executing VM operation: G1CollectForAllocation (G1 Evacuation Pause) done
Event: 2.027 Executing VM operation: HandshakeAllThreads (Deoptimize)
Event: 2.027 Executing VM operation: HandshakeAllThreads (Deoptimize) done
Event: 2.270 Executing VM operation: HandshakeAllThreads (Deoptimize)
Event: 2.270 Executing VM operation: HandshakeAllThreads (Deoptimize) done
Event: 2.562 Executing VM operation: HandshakeAllThreads (Deoptimize)
Event: 2.562 Executing VM operation: HandshakeAllThreads (Deoptimize) done
Event: 2.643 Executing VM operation: HandshakeAllThreads (Deoptimize)
Event: 2.644 Executing VM operation: HandshakeAllThreads (Deoptimize) done
Event: 2.646 Executing VM operation: HandshakeAllThreads (Deoptimize)
Event: 2.647 Executing VM operation: HandshakeAllThreads (Deoptimize) done

Memory protections (0 events):
No events

Nmethod flushes (0 events):
No events

Events (17 events):
Event: 0.033 Thread 0x0000020c3565d500 Thread added: 0x0000020c3565d500
Event: 0.048 Thread 0x0000020c3565d500 Thread added: 0x0000020c523844b0
Event: 0.048 Thread 0x0000020c3565d500 Thread added: 0x0000020c52384f10
Event: 0.049 Thread 0x0000020c3565d500 Thread added: 0x0000020c5204d800
Event: 0.049 Thread 0x0000020c3565d500 Thread added: 0x0000020c5204e260
Event: 0.049 Thread 0x0000020c3565d500 Thread added: 0x0000020c52387f70
Event: 0.049 Thread 0x0000020c3565d500 Thread added: 0x0000020c523889d0
Event: 0.049 Thread 0x0000020c3565d500 Thread added: 0x0000020c52392780
Event: 0.049 Thread 0x0000020c3565d500 Thread added: 0x0000020c52396860
Event: 0.074 Thread 0x0000020c3565d500 Thread added: 0x0000020c520252c0
Event: 0.087 Thread 0x0000020c52396860 Thread added: 0x0000020c5259d7b0
Event: 0.121 Thread 0x0000020c3565d500 Thread added: 0x0000020c5263cb10
Event: 0.121 Thread 0x0000020c3565d500 Thread added: 0x0000020c5263d180
Event: 0.354 Thread 0x0000020c3565d500 Thread added: 0x0000020c52aa4b90
Event: 0.377 Thread 0x0000020c52aa4b90 Thread exited: 0x0000020c52aa4b90
Event: 0.494 Thread 0x0000020c5259d7b0 Thread exited: 0x0000020c5259d7b0
Event: 1.630 Thread 0x0000020c52396860 Thread added: 0x0000020c9814ff60


Dynamic libraries:
0x00007ff702720000 - 0x00007ff70272e000 	C:\Users\user1\.jdks\openjdk-23.0.1\bin\java.exe
0x00007ffdc3b00000 - 0x00007ffdc3d66000 	C:\WINDOWS\SYSTEM32\ntdll.dll
0x00007ffdc2220000 - 0x00007ffdc22e9000 	C:\WINDOWS\System32\KERNEL32.DLL
0x00007ffdc0f90000 - 0x00007ffdc138a000 	C:\WINDOWS\System32\KERNELBASE.dll
0x00007ffdc0d90000 - 0x00007ffdc0edc000 	C:\WINDOWS\System32\ucrtbase.dll
0x00007ffd92fe0000 - 0x00007ffd92ff7000 	C:\Users\user1\.jdks\openjdk-23.0.1\bin\jli.dll
0x00007ffd95650000 - 0x00007ffd9566b000 	C:\Users\user1\.jdks\openjdk-23.0.1\bin\VCRUNTIME140.dll
0x00007ffdc38f0000 - 0x00007ffdc3ab7000 	C:\WINDOWS\System32\USER32.dll
0x00007ffdc1510000 - 0x00007ffdc1537000 	C:\WINDOWS\System32\win32u.dll
0x00007ffd9b900000 - 0x00007ffd9bb92000 	C:\WINDOWS\WinSxS\amd64_microsoft.windows.common-controls_6595b64144ccf1df_6.0.26100.8521_none_3e08b75ce33403b3\COMCTL32.dll
0x00007ffdc1f80000 - 0x00007ffdc1fab000 	C:\WINDOWS\System32\GDI32.dll
0x00007ffdc2d90000 - 0x00007ffdc2e39000 	C:\WINDOWS\System32\msvcrt.dll
0x00007ffdc15f0000 - 0x00007ffdc171b000 	C:\WINDOWS\System32\gdi32full.dll
0x00007ffdc0ee0000 - 0x00007ffdc0f83000 	C:\WINDOWS\System32\msvcp_win.dll
0x00007ffdc1d60000 - 0x00007ffdc1d92000 	C:\WINDOWS\System32\IMM32.DLL
0x00007ffd9e6a0000 - 0x00007ffd9e6ac000 	C:\Users\user1\.jdks\openjdk-23.0.1\bin\vcruntime140_1.dll
0x00007ffd64490000 - 0x00007ffd6451e000 	C:\Users\user1\.jdks\openjdk-23.0.1\bin\msvcp140.dll
0x00007ffd52ec0000 - 0x00007ffd53c0f000 	C:\Users\user1\.jdks\openjdk-23.0.1\bin\server\jvm.dll
0x00007ffdc1fe0000 - 0x00007ffdc2096000 	C:\WINDOWS\System32\ADVAPI32.dll
0x00007ffdc2ce0000 - 0x00007ffdc2d8a000 	C:\WINDOWS\System32\sechost.dll
0x00007ffdc20b0000 - 0x00007ffdc21c8000 	C:\WINDOWS\System32\RPCRT4.dll
0x00007ffdc3860000 - 0x00007ffdc38e0000 	C:\WINDOWS\System32\WS2_32.dll
0x00007ffdb6210000 - 0x00007ffdb6246000 	C:\WINDOWS\SYSTEM32\WINMM.dll
0x00007ffdc0bf0000 - 0x00007ffdc0c4e000 	C:\WINDOWS\SYSTEM32\POWRPROF.dll
0x00007ffdaedf0000 - 0x00007ffdaedfb000 	C:\WINDOWS\SYSTEM32\VERSION.dll
0x00007ffdc0bd0000 - 0x00007ffdc0be4000 	C:\WINDOWS\SYSTEM32\UMPDC.dll
0x00007ffdbfae0000 - 0x00007ffdbfafb000 	C:\WINDOWS\SYSTEM32\kernel.appcore.dll
0x00007ffd9c1f0000 - 0x00007ffd9c1fa000 	C:\Users\user1\.jdks\openjdk-23.0.1\bin\jimage.dll
0x00007ffdbdbf0000 - 0x00007ffdbde32000 	C:\WINDOWS\SYSTEM32\DBGHELP.DLL
0x00007ffdc2e40000 - 0x00007ffdc31c3000 	C:\WINDOWS\System32\combase.dll
0x00007ffdc1c80000 - 0x00007ffdc1d59000 	C:\WINDOWS\System32\OLEAUT32.dll
0x00007ffd8e6c0000 - 0x00007ffd8e6fb000 	C:\WINDOWS\SYSTEM32\dbgcore.DLL
0x00007ffdc1540000 - 0x00007ffdc15e8000 	C:\WINDOWS\System32\bcryptPrimitives.dll
0x00007ffd99600000 - 0x00007ffd9960f000 	C:\Users\user1\.jdks\openjdk-23.0.1\bin\instrument.dll
0x00007ffd92fc0000 - 0x00007ffd92fde000 	C:\Users\user1\.jdks\openjdk-23.0.1\bin\java.dll
0x00007ffdc1870000 - 0x00007ffdc1a08000 	C:\WINDOWS\System32\ole32.dll
0x00007ffdc22f0000 - 0x00007ffdc2a74000 	C:\WINDOWS\System32\SHELL32.dll
0x00007ffdbe910000 - 0x00007ffdbf190000 	C:\WINDOWS\SYSTEM32\windows.storage.dll
0x00007ffdc1da0000 - 0x00007ffdc1e96000 	C:\WINDOWS\System32\SHCORE.dll
0x00007ffdc2c60000 - 0x00007ffdc2cc7000 	C:\WINDOWS\System32\shlwapi.dll
0x00007ffdc0cb0000 - 0x00007ffdc0cd9000 	C:\WINDOWS\SYSTEM32\profapi.dll
0x00007ffd60480000 - 0x00007ffd60557000 	C:\Users\user1\.jdks\openjdk-23.0.1\bin\jsvml.dll
0x00007ffd8ee60000 - 0x00007ffd8ee77000 	C:\Users\user1\.jdks\openjdk-23.0.1\bin\zip.dll
0x00007ffd96ee0000 - 0x00007ffd96ef0000 	C:\Users\user1\.jdks\openjdk-23.0.1\bin\net.dll
0x00007ffdc0030000 - 0x00007ffdc009c000 	C:\WINDOWS\system32\mswsock.dll
0x00007ffd8b7a0000 - 0x00007ffd8b7b6000 	C:\Users\user1\.jdks\openjdk-23.0.1\bin\nio.dll
0x00007ffd8b110000 - 0x00007ffd8b12a000 	C:\Program Files\JetBrains\IntelliJ IDEA 2024.2.1\bin\breakgen64.dll
0x00007ffd96de0000 - 0x00007ffd96de9000 	C:\Users\user1\.jdks\openjdk-23.0.1\bin\extnet.dll
0x00007ffd835b0000 - 0x00007ffd835d4000 	C:\Users\user1\AppData\Local\Temp\jansi-2.4.3-799ab6f522afe4c3-jansi.dll
0x00007ffd956a0000 - 0x00007ffd956b0000 	C:\Users\user1\.jdks\openjdk-23.0.1\bin\verify.dll

dbghelp: loaded successfully - version: 4.0.5 - missing functions: none
symbol engine: initialized successfully - sym options: 0x614 - pdb path: .;C:\Users\user1\.jdks\openjdk-23.0.1\bin;C:\WINDOWS\SYSTEM32;C:\WINDOWS\WinSxS\amd64_microsoft.windows.common-controls_6595b64144ccf1df_6.0.26100.8521_none_3e08b75ce33403b3;C:\Users\user1\.jdks\openjdk-23.0.1\bin\server;C:\Program Files\JetBrains\IntelliJ IDEA 2024.2.1\bin;C:\Users\user1\AppData\Local\Temp

VM Arguments:
jvm_args: -Dmaven.multiModuleProjectDirectory=C:\Users\user1\Downloads\impression-backend\impression-backend -Djansi.passthrough=true -Dmaven.home=C:\Users\user1\.m2\wrapper\dists\apache-maven-3.9.16-bin\5grr65jo27hi51sujmtcldfovl\apache-maven-3.9.16 -Dclassworlds.conf=C:\Users\user1\.m2\wrapper\dists\apache-maven-3.9.16-bin\5grr65jo27hi51sujmtcldfovl\apache-maven-3.9.16\bin\m2.conf -Dmaven.ext.class.path=C:\Program Files\JetBrains\IntelliJ IDEA 2024.2.1\plugins\maven\lib\maven-event-listener.jar -javaagent:C:\Program Files\JetBrains\IntelliJ IDEA 2024.2.1\lib\idea_rt.jar=62397:C:\Program Files\JetBrains\IntelliJ IDEA 2024.2.1\bin -Dfile.encoding=UTF-8 -Dsun.stdout.encoding=UTF-8 -Dsun.stderr.encoding=UTF-8 
java_command: org.codehaus.classworlds.Launcher -Didea.version=2024.2.1 clean
java_class_path (initial): C:\Users\user1\.m2\wrapper\dists\apache-maven-3.9.16-bin\5grr65jo27hi51sujmtcldfovl\apache-maven-3.9.16\boot\plexus-classworlds-2.11.0.jar;C:\Users\user1\.m2\wrapper\dists\apache-maven-3.9.16-bin\5grr65jo27hi51sujmtcldfovl\apache-maven-3.9.16\boot\plexus-classworlds.license
Launcher Type: SUN_STANDARD

[Global flags]
     intx CICompilerCount                          = 4                                         {product} {ergonomic}
     uint ConcGCThreads                            = 2                                         {product} {ergonomic}
     uint G1ConcRefinementThreads                  = 8                                         {product} {ergonomic}
   size_t G1HeapRegionSize                         = 1048576                                   {product} {ergonomic}
   size_t InitialHeapSize                          = 130023424                                 {product} {ergonomic}
   size_t MarkStackSize                            = 4194304                                   {product} {ergonomic}
   size_t MarkStackSizeMax                         = 536870912                                 {product} {ergonomic}
   size_t MaxHeapSize                              = 2076180480                                {product} {ergonomic}
   size_t MaxNewSize                               = 1245708288                                {product} {ergonomic}
   size_t MinHeapDeltaBytes                        = 1048576                                   {product} {ergonomic}
   size_t MinHeapSize                              = 8388608                                   {product} {ergonomic}
    uintx NonNMethodCodeHeapSize                   = 5832704                                {pd product} {ergonomic}
    uintx NonProfiledCodeHeapSize                  = 122945536                              {pd product} {ergonomic}
    uintx ProfiledCodeHeapSize                     = 122880000                              {pd product} {ergonomic}
    uintx ReservedCodeCacheSize                    = 251658240                              {pd product} {ergonomic}
     bool SegmentedCodeCache                       = true                                      {product} {ergonomic}
   size_t SoftMaxHeapSize                          = 2076180480                             {manageable} {ergonomic}
     bool UseCompressedOops                        = true                           {product lp64_product} {ergonomic}
     bool UseG1GC                                  = true                                      {product} {ergonomic}
     bool UseLargePagesIndividualAllocation        = false                                  {pd product} {ergonomic}

Logging:
Log output configuration:
 #0: stdout all=warning uptime,level,tags foldmultilines=false
 #1: stderr all=off uptime,level,tags foldmultilines=false

Environment Variables:
PATH=C:\Program Files\Common Files\Oracle\Java\javapath;C:\Program Files (x86)\Common Files\Oracle\Java\java8path;C:\Program Files (x86)\Common Files\Oracle\Java\javapath;C:\WINDOWS\system32;C:\WINDOWS;C:\WINDOWS\System32\Wbem;C:\WINDOWS\System32\WindowsPowerShell\v1.0\;C:\WINDOWS\System32\OpenSSH\;C:\Users\user1\Downloads\apache-maven-3.9.8-bin\apache-maven-3.9.8\bin;C:\Program Files\Git\cmd;C:\Users\user1\AppData\Roaming\nvm;C:\Program Files\nodejs;C:\Users\user1\Downloads\sonarscanner\bin;C:\Users\user1\AppData\Roaming\npm;C:\Users\user1\AppData\Local\Pub\Cache\bin;C:\Users\user1\Downloads\protoc-29.1-win64\bin;C:\Users\user1\Downloads\protobuf-javascript-3.21.4-win64\protobuf-javascript-3.21.4-win64\bin;C:\Users\user1\AppData\Local\Programs\Python\Python313\Scripts\;C:\Users\user1\AppData\Local\Programs\Python\Python313\;C:\Program Files\dotnet\;C:\Program Files\nodejs\;C:\Users\user1\AppData\Local\Programs\Python\Python313\Scripts\;C:\Users\user1\AppData\Local\Programs\Python\Python313\;C:\Users\user1\AppData\Local\Microsoft\WindowsApps;C:\Users\user1\AppData\Local\Programs\Microsoft VS Code\bin;C:\src\flutter_windows_3.24.0-stable\flutter\bin;C:\Program Files\JetBrains\IntelliJ IDEA 2024.2.1\bin;;C:\Users\user1\AppData\Roaming\nvm;C:\Program Files\nodejs;C:\Users\user1\AppData\Local\Pub\Cache\bin;C:\Users\user1\AppData\Roaming\npm;C:\Users\user1\AppData\Local\Python\bin
USERNAME=user1
OS=Windows_NT
PROCESSOR_IDENTIFIER=Intel64 Family 6 Model 140 Stepping 1, GenuineIntel
TMP=C:\Users\user1\AppData\Local\Temp
TEMP=C:\Users\user1\AppData\Local\Temp




Periodic native trim disabled

---------------  S Y S T E M  ---------------

OS:
 Windows 11 , 64 bit Build 26100 (10.0.26100.8521)
OS uptime: 6 days 3:56 hours
Hyper-V role detected

CPU: total 8 (initial active 8) (4 cores per cpu, 2 threads per core) family 6 model 140 stepping 1 microcode 0xbe, cx8, cmov, fxsr, ht, mmx, 3dnowpref, sse, sse2, sse3, ssse3, sse4.1, sse4.2, popcnt, lzcnt, tsc, tscinvbit, avx, avx2, aes, erms, clmul, bmi1, bmi2, adx, avx512f, avx512dq, avx512cd, avx512bw, avx512vl, sha, fma, vzeroupper, avx512_vpopcntdq, avx512_vpclmulqdq, avx512_vaes, avx512_vnni, clflush, clflushopt, clwb, avx512_vbmi2, avx512_vbmi, hv, rdtscp, rdpid, fsrm, gfni, avx512_bitalg, f16c, cet_ibt, cet_ss, avx512_ifma
Processor Information for the first 8 processors :
  Max Mhz: 1498, Current Mhz: 1498, Mhz Limit: 1498

Memory: 4k page, system-wide physical 7914M (401M free)
TotalPageFile size 32490M (AvailPageFile size 0M)
current process WorkingSet (physical memory assigned to process): 112M, peak: 112M
current process commit charge ("private bytes"): 238M, peak: 238M

vm_info: OpenJDK 64-Bit Server VM (23.0.1+11-39) for windows-amd64 JRE (23.0.1+11-39), built on 2024-09-30T07:20:43Z with MS VC++ 17.6 (VS2022)

END.
